#
# There is insufficient memory for the Java Runtime Environment to continue.
# Native memory allocation (malloc) failed to allocate 32784 bytes. Error detail: Chunk::new
# Possible reasons:
#   The system is out of physical RAM or swap space
#   This process is running with CompressedOops enabled, and the Java Heap may be blocking the growth of the native heap
# Possible solutions:
#   Reduce memory load on the system
#   Increase physical memory or swap space
#   Check if swap backing store is full
#   Decrease Java heap size (-Xmx/-Xms)
#   Decrease number of Java threads
#   Decrease Java thread stack sizes (-Xss)
#   Set larger code cache with -XX:ReservedCodeCacheSize=
#   JVM is running with Unscaled Compressed Oops mode in which the Java heap is
#     placed in the first 4GB address space. The Java Heap base address is the
#     maximum limit for the native heap growth. Please use -XX:HeapBaseMinAddress
#     to set the Java Heap base and to place the Java Heap above 4GB virtual address.
# This output file may be truncated or incomplete.
#
#  Out of Memory Error (arena.cpp:191), pid=88, tid=9448
#
# JRE version: OpenJDK Runtime Environment Corretto-17.0.12.7.1 (17.0.12+7) (build 17.0.12+7-LTS)
# Java VM: OpenJDK 64-Bit Server VM Corretto-17.0.12.7.1 (17.0.12+7-LTS, mixed mode, sharing, tiered, compressed oops, compressed class ptrs, g1 gc, windows-amd64)
# No core dump will be written. Minidumps are not enabled by default on client versions of Windows
#

---------------  S U M M A R Y ------------

Command Line: -javaagent:C:\JetBrains\IntelliJ IDEA Community Edition 2024.2.1\lib\idea_rt.jar=58800:C:\JetBrains\IntelliJ IDEA Community Edition 2024.2.1\bin -Dfile.encoding=UTF-8 com.kushal.api_gateway.ApiGatewayApplication

Host: AMD Ryzen 3 3250U with Radeon Graphics         , 4 cores, 5G,  Windows 11 , 64 bit Build 22621 (10.0.22621.3958)
Time: Fri Nov 15 19:21:22 2024 India Standard Time elapsed time: 12.302333 seconds (0d 0h 0m 12s)

---------------  T H R E A D  ---------------

Current thread (0x000002dfbe2c5e30):  JavaThread "C2 CompilerThread0" daemon [_thread_in_native, id=9448, stack(0x000000f2dbe00000,0x000000f2dbf00000)]


Current CompileTask:
C2:  12302 4436       4       org.springframework.core.annotation.TypeMappedAnnotation::adaptForAttribute (253 bytes)

Stack: [0x000000f2dbe00000,0x000000f2dbf00000]
Native frames: (J=compiled Java code, j=interpreted, Vv=VM code, C=native code)
V  [jvm.dll+0x67f4f9]
V  [jvm.dll+0x836eaa]
V  [jvm.dll+0x83896e]
V  [jvm.dll+0x838fd3]
V  [jvm.dll+0x247f6f]
V  [jvm.dll+0xac9d4]
V  [jvm.dll+0xad01c]
V  [jvm.dll+0xb861d]
V  [jvm.dll+0x586862]
V  [jvm.dll+0x222e12]
V  [jvm.dll+0x22320f]
V  [jvm.dll+0x21c330]
V  [jvm.dll+0x219831]
V  [jvm.dll+0x1a57bd]
V  [jvm.dll+0x22966d]
V  [jvm.dll+0x22781c]
V  [jvm.dll+0x7ebec7]
V  [jvm.dll+0x7e62ac]
V  [jvm.dll+0x67e3c7]
C  [ucrtbase.dll+0x29333]
C  [KERNEL32.DLL+0x1257d]
C  [ntdll.dll+0x5af08]


---------------  P R O C E S S  ---------------

Threads class SMR info:
_java_thread_list=0x000002e006413600, length=18, elements={
0x000002dfa1a26c00, 0x000002dfbe2ac700, 0x000002dfbe2ad580, 0x000002dfbe2bf130,
0x000002dfbe2bfcf0, 0x000002dfbe2c26c0, 0x000002dfbe2c5090, 0x000002dfbe2c5e30,
0x000002dfbe2c9de0, 0x000002dfbe2d27f0, 0x000002dfbe297cf0, 0x000002e00416ff80,
0x000002e004170460, 0x000002e006028d60, 0x000002e0042e1360, 0x000002e004bf3160,
0x000002e0050f16b0, 0x000002e0050f1bc0
}

Java Threads: ( => current thread )
  0x000002dfa1a26c00 JavaThread "main" [_thread_in_Java, id=13056, stack(0x000000f2db100000,0x000000f2db200000)]
  0x000002dfbe2ac700 JavaThread "Reference Handler" daemon [_thread_blocked, id=11348, stack(0x000000f2db800000,0x000000f2db900000)]
  0x000002dfbe2ad580 JavaThread "Finalizer" daemon [_thread_blocked, id=11592, stack(0x000000f2db900000,0x000000f2dba00000)]
  0x000002dfbe2bf130 JavaThread "Signal Dispatcher" daemon [_thread_blocked, id=12384, stack(0x000000f2dba00000,0x000000f2dbb00000)]
  0x000002dfbe2bfcf0 JavaThread "Attach Listener" daemon [_thread_blocked, id=10984, stack(0x000000f2dbb00000,0x000000f2dbc00000)]
  0x000002dfbe2c26c0 JavaThread "Service Thread" daemon [_thread_blocked, id=1952, stack(0x000000f2dbc00000,0x000000f2dbd00000)]
  0x000002dfbe2c5090 JavaThread "Monitor Deflation Thread" daemon [_thread_blocked, id=11740, stack(0x000000f2dbd00000,0x000000f2dbe00000)]
=>0x000002dfbe2c5e30 JavaThread "C2 CompilerThread0" daemon [_thread_in_native, id=9448, stack(0x000000f2dbe00000,0x000000f2dbf00000)]
  0x000002dfbe2c9de0 JavaThread "C1 CompilerThread0" daemon [_thread_in_native, id=1564, stack(0x000000f2dbf00000,0x000000f2dc000000)]
  0x000002dfbe2d27f0 JavaThread "Sweeper thread" daemon [_thread_blocked, id=7968, stack(0x000000f2dc000000,0x000000f2dc100000)]
  0x000002dfbe297cf0 JavaThread "Common-Cleaner" daemon [_thread_blocked, id=4616, stack(0x000000f2dc100000,0x000000f2dc200000)]
  0x000002e00416ff80 JavaThread "Monitor Ctrl-Break" daemon [_thread_in_native, id=12416, stack(0x000000f2dc200000,0x000000f2dc300000)]
  0x000002e004170460 JavaThread "Notification Thread" daemon [_thread_blocked, id=9976, stack(0x000000f2dc300000,0x000000f2dc400000)]
  0x000002e006028d60 JavaThread "Catalina-utility-1" [_thread_blocked, id=7076, stack(0x000000f2dc500000,0x000000f2dc600000)]
  0x000002e0042e1360 JavaThread "Catalina-utility-2" [_thread_blocked, id=1944, stack(0x000000f2dc900000,0x000000f2dca00000)]
  0x000002e004bf3160 JavaThread "container-0" [_thread_blocked, id=10672, stack(0x000000f2dcb00000,0x000000f2dcc00000)]
  0x000002e0050f16b0 JavaThread "HttpClient-1-SelectorManager" daemon [_thread_in_native, id=7268, stack(0x000000f2dcc00000,0x000000f2dcd00000)]
  0x000002e0050f1bc0 JavaThread "spring.cloud.inetutils" daemon [_thread_in_native, id=6572, stack(0x000000f2dcd00000,0x000000f2dce00000)]

Other Threads:
  0x000002dfbe2a76f0 VMThread "VM Thread" [stack: 0x000000f2db700000,0x000000f2db800000] [id=3860]
  0x000002dfbe792fc0 WatcherThread [stack: 0x000000f2dc400000,0x000000f2dc500000] [id=3500]
  0x000002dfa1a72fb0 GCTaskThread "GC Thread#0" [stack: 0x000000f2db200000,0x000000f2db300000] [id=1932]
  0x000002e0045e23f0 GCTaskThread "GC Thread#1" [stack: 0x000000f2dc600000,0x000000f2dc700000] [id=6128]
  0x000002e0043d9a50 GCTaskThread "GC Thread#2" [stack: 0x000000f2dc700000,0x000000f2dc800000] [id=6632]
  0x000002e0047d7b00 GCTaskThread "GC Thread#3" [stack: 0x000000f2dc800000,0x000000f2dc900000] [id=12964]
  0x000002dfa1a7fd40 ConcurrentGCThread "G1 Main Marker" [stack: 0x000000f2db300000,0x000000f2db400000] [id=132]
  0x000002dfa1a80f00 ConcurrentGCThread "G1 Conc#0" [stack: 0x000000f2db400000,0x000000f2db500000] [id=12708]
  0x000002dfbe163f50 ConcurrentGCThread "G1 Refine#0" [stack: 0x000000f2db500000,0x000000f2db600000] [id=8632]
  0x000002dfbe164980 ConcurrentGCThread "G1 Service" [stack: 0x000000f2db600000,0x000000f2db700000] [id=8448]

Threads with active compile tasks:
C2 CompilerThread0    12343 4436       4       org.springframework.core.annotation.TypeMappedAnnotation::adaptForAttribute (253 bytes)
C1 CompilerThread0    12343 4429       3       java.net.URLStreamHandler::parseURL (1201 bytes)

VM state: not at safepoint (normal execution)

VM Mutex/Monitor currently owned by a thread: None

Heap address: 0x00000000a0e00000, size: 1522 MB, Compressed Oops mode: 32-bit

CDS archive(s) mapped at: [0x000002dfbf000000-0x000002dfbfbb0000-0x000002dfbfbb0000), size 12255232, SharedBaseAddress: 0x000002dfbf000000, ArchiveRelocationMode: 1.
Compressed class space mapped at: 0x000002dfc0000000-0x000002e000000000, reserved size: 1073741824
Narrow klass base: 0x000002dfbf000000, Narrow klass shift: 0, Narrow klass range: 0x100000000

GC Precious Log:
 CPUs: 4 total, 4 available
 Memory: 6086M
 Large Page Support: Disabled
 NUMA Support: Disabled
 Compressed Oops: Enabled (32-bit)
 Heap Region Size: 1M
 Heap Min Capacity: 8M
 Heap Initial Capacity: 96M
 Heap Max Capacity: 1522M
 Pre-touch: Disabled
 Parallel Workers: 4
 Concurrent Workers: 1
 Concurrent Refinement Workers: 4
 Periodic GC: Disabled

Heap:
 garbage-first heap   total 51200K, used 28969K [0x00000000a0e00000, 0x0000000100000000)
  region size 1024K, 11 young (11264K), 2 survivors (2048K)
 Metaspace       used 37124K, committed 37568K, reserved 1114112K
  class space    used 4840K, committed 5056K, reserved 1048576K

Heap Regions: E=young(eden), S=young(survivor), O=old, HS=humongous(starts), HC=humongous(continues), CS=collection set, F=free, OA=open archive, CA=closed archive, TAMS=top-at-mark-start (previous, next)
|   0|0x00000000a0e00000, 0x00000000a0f00000, 0x00000000a0f00000|100%|HS|  |TAMS 0x00000000a0f00000, 0x00000000a0e00000| Complete 
|   1|0x00000000a0f00000, 0x00000000a1000000, 0x00000000a1000000|100%| O|  |TAMS 0x00000000a1000000, 0x00000000a0f00000| Untracked 
|   2|0x00000000a1000000, 0x00000000a1100000, 0x00000000a1100000|100%| O|  |TAMS 0x00000000a1100000, 0x00000000a1000000| Untracked 
|   3|0x00000000a1100000, 0x00000000a1200000, 0x00000000a1200000|100%| O|  |TAMS 0x00000000a1200000, 0x00000000a1100000| Untracked 
|   4|0x00000000a1200000, 0x00000000a1300000, 0x00000000a1300000|100%| O|  |TAMS 0x00000000a1300000, 0x00000000a1200000| Untracked 
|   5|0x00000000a1300000, 0x00000000a1400000, 0x00000000a1400000|100%| O|  |TAMS 0x00000000a1400000, 0x00000000a1300000| Untracked 
|   6|0x00000000a1400000, 0x00000000a1500000, 0x00000000a1500000|100%| O|  |TAMS 0x00000000a1500000, 0x00000000a1400000| Untracked 
|   7|0x00000000a1500000, 0x00000000a1600000, 0x00000000a1600000|100%| O|  |TAMS 0x00000000a1600000, 0x00000000a1500000| Untracked 
|   8|0x00000000a1600000, 0x00000000a1700000, 0x00000000a1700000|100%| O|  |TAMS 0x00000000a1700000, 0x00000000a1600000| Untracked 
|   9|0x00000000a1700000, 0x00000000a1800000, 0x00000000a1800000|100%| O|  |TAMS 0x00000000a1800000, 0x00000000a1700000| Untracked 
|  10|0x00000000a1800000, 0x00000000a1900000, 0x00000000a1900000|100%| O|  |TAMS 0x00000000a1900000, 0x00000000a1800000| Untracked 
|  11|0x00000000a1900000, 0x00000000a1a00000, 0x00000000a1a00000|100%| O|  |TAMS 0x00000000a1a00000, 0x00000000a1900000| Untracked 
|  12|0x00000000a1a00000, 0x00000000a1b00000, 0x00000000a1b00000|100%| O|  |TAMS 0x00000000a1b00000, 0x00000000a1a00000| Untracked 
|  13|0x00000000a1b00000, 0x00000000a1c00000, 0x00000000a1c00000|100%| O|  |TAMS 0x00000000a1c00000, 0x00000000a1b00000| Untracked 
|  14|0x00000000a1c00000, 0x00000000a1d00000, 0x00000000a1d00000|100%| O|  |TAMS 0x00000000a1d00000, 0x00000000a1c00000| Untracked 
|  15|0x00000000a1d00000, 0x00000000a1e00000, 0x00000000a1e00000|100%| O|  |TAMS 0x00000000a1e00000, 0x00000000a1d00000| Complete 
|  16|0x00000000a1e00000, 0x00000000a1f00000, 0x00000000a1f00000|100%| O|  |TAMS 0x00000000a1ee9c00, 0x00000000a1e00000| Untracked 
|  17|0x00000000a1f00000, 0x00000000a2000000, 0x00000000a2000000|100%| O|  |TAMS 0x00000000a1f00000, 0x00000000a1f00000| Untracked 
|  18|0x00000000a2000000, 0x00000000a2096e00, 0x00000000a2100000| 58%| O|  |TAMS 0x00000000a2000000, 0x00000000a2000000| Untracked 
|  19|0x00000000a2100000, 0x00000000a2100000, 0x00000000a2200000|  0%| F|  |TAMS 0x00000000a2100000, 0x00000000a2100000| Untracked 
|  20|0x00000000a2200000, 0x00000000a2200000, 0x00000000a2300000|  0%| F|  |TAMS 0x00000000a2200000, 0x00000000a2200000| Untracked 
|  21|0x00000000a2300000, 0x00000000a2300000, 0x00000000a2400000|  0%| F|  |TAMS 0x00000000a2300000, 0x00000000a2300000| Untracked 
|  22|0x00000000a2400000, 0x00000000a2400000, 0x00000000a2500000|  0%| F|  |TAMS 0x00000000a2400000, 0x00000000a2400000| Untracked 
|  23|0x00000000a2500000, 0x00000000a2500000, 0x00000000a2600000|  0%| F|  |TAMS 0x00000000a2500000, 0x00000000a2500000| Untracked 
|  24|0x00000000a2600000, 0x00000000a2600000, 0x00000000a2700000|  0%| F|  |TAMS 0x00000000a2600000, 0x00000000a2600000| Untracked 
|  25|0x00000000a2700000, 0x00000000a2700000, 0x00000000a2800000|  0%| F|  |TAMS 0x00000000a2700000, 0x00000000a2700000| Untracked 
|  26|0x00000000a2800000, 0x00000000a2800000, 0x00000000a2900000|  0%| F|  |TAMS 0x00000000a2800000, 0x00000000a2800000| Untracked 
|  27|0x00000000a2900000, 0x00000000a2900000, 0x00000000a2a00000|  0%| F|  |TAMS 0x00000000a2900000, 0x00000000a2900000| Untracked 
|  28|0x00000000a2a00000, 0x00000000a2a00000, 0x00000000a2b00000|  0%| F|  |TAMS 0x00000000a2a00000, 0x00000000a2a00000| Untracked 
|  29|0x00000000a2b00000, 0x00000000a2b00000, 0x00000000a2c00000|  0%| F|  |TAMS 0x00000000a2b00000, 0x00000000a2b00000| Untracked 
|  30|0x00000000a2c00000, 0x00000000a2c00000, 0x00000000a2d00000|  0%| F|  |TAMS 0x00000000a2c00000, 0x00000000a2c00000| Untracked 
|  31|0x00000000a2d00000, 0x00000000a2d00000, 0x00000000a2e00000|  0%| F|  |TAMS 0x00000000a2d00000, 0x00000000a2d00000| Untracked 
|  32|0x00000000a2e00000, 0x00000000a2e00000, 0x00000000a2f00000|  0%| F|  |TAMS 0x00000000a2e00000, 0x00000000a2e00000| Untracked 
|  33|0x00000000a2f00000, 0x00000000a2f00000, 0x00000000a3000000|  0%| F|  |TAMS 0x00000000a2f00000, 0x00000000a2f00000| Untracked 
|  34|0x00000000a3000000, 0x00000000a3000000, 0x00000000a3100000|  0%| F|  |TAMS 0x00000000a3000000, 0x00000000a3000000| Untracked 
|  35|0x00000000a3100000, 0x00000000a3100000, 0x00000000a3200000|  0%| F|  |TAMS 0x00000000a3100000, 0x00000000a3100000| Untracked 
|  36|0x00000000a3200000, 0x00000000a3200000, 0x00000000a3300000|  0%| F|  |TAMS 0x00000000a3200000, 0x00000000a3200000| Untracked 
|  37|0x00000000a3300000, 0x00000000a3300000, 0x00000000a3400000|  0%| F|  |TAMS 0x00000000a3300000, 0x00000000a3300000| Untracked 
|  38|0x00000000a3400000, 0x00000000a34b3790, 0x00000000a3500000| 70%| S|CS|TAMS 0x00000000a3400000, 0x00000000a3400000| Complete 
|  39|0x00000000a3500000, 0x00000000a3600000, 0x00000000a3600000|100%| S|CS|TAMS 0x00000000a3500000, 0x00000000a3500000| Complete 
|  40|0x00000000a3600000, 0x00000000a3653be8, 0x00000000a3700000| 32%| E|  |TAMS 0x00000000a3600000, 0x00000000a3600000| Complete 
|  41|0x00000000a3700000, 0x00000000a3800000, 0x00000000a3800000|100%| E|CS|TAMS 0x00000000a3700000, 0x00000000a3700000| Complete 
|  42|0x00000000a3800000, 0x00000000a3900000, 0x00000000a3900000|100%| E|CS|TAMS 0x00000000a3800000, 0x00000000a3800000| Complete 
|  43|0x00000000a3900000, 0x00000000a3a00000, 0x00000000a3a00000|100%| E|CS|TAMS 0x00000000a3900000, 0x00000000a3900000| Complete 
|  44|0x00000000a3a00000, 0x00000000a3b00000, 0x00000000a3b00000|100%| E|CS|TAMS 0x00000000a3a00000, 0x00000000a3a00000| Complete 
|  45|0x00000000a3b00000, 0x00000000a3c00000, 0x00000000a3c00000|100%| E|CS|TAMS 0x00000000a3b00000, 0x00000000a3b00000| Complete 
|  46|0x00000000a3c00000, 0x00000000a3d00000, 0x00000000a3d00000|100%| E|CS|TAMS 0x00000000a3c00000, 0x00000000a3c00000| Complete 
|  47|0x00000000a3d00000, 0x00000000a3e00000, 0x00000000a3e00000|100%| E|CS|TAMS 0x00000000a3d00000, 0x00000000a3d00000| Complete 
|  48|0x00000000a3e00000, 0x00000000a3f00000, 0x00000000a3f00000|100%| E|CS|TAMS 0x00000000a3e00000, 0x00000000a3e00000| Complete 
|  95|0x00000000a6d00000, 0x00000000a6e00000, 0x00000000a6e00000|100%| E|CS|TAMS 0x00000000a6d00000, 0x00000000a6d00000| Complete 

Card table byte_map: [0x000002dfb8840000,0x000002dfb8b40000] _byte_map_base: 0x000002dfb8339000

Marking Bits (Prev, Next): (CMBitMap*) 0x000002dfa1a735d0, (CMBitMap*) 0x000002dfa1a73610
 Prev Bits: [0x000002dfb8e40000, 0x000002dfba608000)
 Next Bits: [0x000002dfba610000, 0x000002dfbbdd8000)

Polling page: 0x000002df9fa10000

Metaspace:

Usage:
  Non-class:     31.53 MB used.
      Class:      4.73 MB used.
       Both:     36.26 MB used.

Virtual space:
  Non-class space:       64.00 MB reserved,      31.75 MB ( 50%) committed,  1 nodes.
      Class space:        1.00 GB reserved,       4.94 MB ( <1%) committed,  1 nodes.
             Both:        1.06 GB reserved,      36.69 MB (  3%) committed. 

Chunk freelists:
   Non-Class:  64.00 KB
       Class:  11.06 MB
        Both:  11.12 MB

MaxMetaspaceSize: unlimited
CompressedClassSpaceSize: 1.00 GB
Initial GC threshold: 21.00 MB
Current GC threshold: 59.94 MB
CDS: on
MetaspaceReclaimPolicy: balanced
 - commit_granule_bytes: 65536.
 - commit_granule_words: 8192.
 - virtual_space_node_default_size: 8388608.
 - enlarge_chunks_in_place: 1.
 - new_chunks_are_fully_committed: 0.
 - uncommit_free_chunks: 1.
 - use_allocation_guard: 0.
 - handle_deallocations: 1.


Internal statistics:

num_allocs_failed_limit: 9.
num_arena_births: 584.
num_arena_deaths: 0.
num_vsnodes_births: 2.
num_vsnodes_deaths: 0.
num_space_committed: 587.
num_space_uncommitted: 0.
num_chunks_returned_to_freelist: 9.
num_chunks_taken_from_freelist: 1884.
num_chunk_merges: 3.
num_chunk_splits: 1267.
num_chunks_enlarged: 933.
num_inconsistent_stats: 0.

CodeHeap 'non-profiled nmethods': size=120000Kb used=2529Kb max_used=2529Kb free=117470Kb
 bounds [0x000002dfb1010000, 0x000002dfb1290000, 0x000002dfb8540000]
CodeHeap 'profiled nmethods': size=120000Kb used=9530Kb max_used=9530Kb free=110469Kb
 bounds [0x000002dfa9540000, 0x000002dfa9e90000, 0x000002dfb0a70000]
CodeHeap 'non-nmethods': size=5760Kb used=1249Kb max_used=1284Kb free=4511Kb
 bounds [0x000002dfb0a70000, 0x000002dfb0ce0000, 0x000002dfb1010000]
 total_blobs=4983 nmethods=4427 adapters=468
 compilation: enabled
              stopped_count=0, restarted_count=0
 full_count=0

Compilation events (20 events):
Event: 12.271 Thread 0x000002dfbe2c5e30 4421       4       java.util.HashMap::isEmpty (13 bytes)
Event: 12.271 Thread 0x000002dfbe2c5e30 nmethod 4421 0x000002dfb1287210 code [0x000002dfb1287380, 0x000002dfb1287418]
Event: 12.272 Thread 0x000002dfbe2c5e30 4422       4       java.lang.reflect.Method::copy (84 bytes)
Event: 12.272 Thread 0x000002dfbe2c9de0 4423   !   3       jdk.proxy1.$Proxy0::annotationType (29 bytes)
Event: 12.273 Thread 0x000002dfbe2c9de0 nmethod 4423 0x000002dfa9e8ce10 code [0x000002dfa9e8cfe0, 0x000002dfa9e8d3d8]
Event: 12.275 Thread 0x000002dfbe2c5e30 nmethod 4422 0x000002dfb1287510 code [0x000002dfb12876a0, 0x000002dfb1287998]
Event: 12.275 Thread 0x000002dfbe2c5e30 4424       4       java.util.Collections$EmptySet::iterator (4 bytes)
Event: 12.276 Thread 0x000002dfbe2c5e30 nmethod 4424 0x000002dfb1287a90 code [0x000002dfb1287c00, 0x000002dfb1287c78]
Event: 12.276 Thread 0x000002dfbe2c9de0 4425       3       org.springframework.boot.context.properties.source.ConfigurationPropertyName::append (30 bytes)
Event: 12.277 Thread 0x000002dfbe2c9de0 nmethod 4425 0x000002dfa9e8d590 code [0x000002dfa9e8d7a0, 0x000002dfa9e8de78]
Event: 12.277 Thread 0x000002dfbe2c9de0 4426       3       org.springframework.boot.context.properties.source.ConfigurationPropertyName::probablySingleElementOf (7 bytes)
Event: 12.277 Thread 0x000002dfbe2c9de0 nmethod 4426 0x000002dfa9e8e110 code [0x000002dfa9e8e2a0, 0x000002dfa9e8e3c8]
Event: 12.277 Thread 0x000002dfbe2c9de0 4427       3       org.springframework.boot.context.properties.bind.Bindable::withAnnotations (38 bytes)
Event: 12.278 Thread 0x000002dfbe2c9de0 nmethod 4427 0x000002dfa9e8e490 code [0x000002dfa9e8e640, 0x000002dfa9e8e888]
Event: 12.281 Thread 0x000002dfbe2c5e30 4428       4       java.util.concurrent.ConcurrentMap::computeIfAbsent (51 bytes)
Event: 12.283 Thread 0x000002dfbe2c9de0 4429       3       java.net.URLStreamHandler::parseURL (1201 bytes)
Event: 12.283 Thread 0x000002dfbe2c5e30 nmethod 4428 0x000002dfb1287d90 code [0x000002dfb1287f20, 0x000002dfb1288078]
Event: 12.283 Thread 0x000002dfbe2c5e30 4430       4       java.util.RegularEnumSet::add (40 bytes)
Event: 12.285 Thread 0x000002dfbe2c5e30 nmethod 4430 0x000002dfb1288210 code [0x000002dfb1288380, 0x000002dfb1288478]
Event: 12.289 Thread 0x000002dfbe2c5e30 4436       4       org.springframework.core.annotation.TypeMappedAnnotation::adaptForAttribute (253 bytes)

GC Heap History (18 events):
Event: 0.986 GC heap before
{Heap before GC invocations=0 (full 0):
 garbage-first heap   total 98304K, used 15360K [0x00000000a0e00000, 0x0000000100000000)
  region size 1024K, 13 young (13312K), 0 survivors (0K)
 Metaspace       used 3026K, committed 3200K, reserved 1114112K
  class space    used 294K, committed 384K, reserved 1048576K
}
Event: 0.993 GC heap after
{Heap after GC invocations=1 (full 0):
 garbage-first heap   total 98304K, used 6324K [0x00000000a0e00000, 0x0000000100000000)
  region size 1024K, 2 young (2048K), 2 survivors (2048K)
 Metaspace       used 3026K, committed 3200K, reserved 1114112K
  class space    used 294K, committed 384K, reserved 1048576K
}
Event: 1.631 GC heap before
{Heap before GC invocations=1 (full 0):
 garbage-first heap   total 98304K, used 18612K [0x00000000a0e00000, 0x0000000100000000)
  region size 1024K, 14 young (14336K), 2 survivors (2048K)
 Metaspace       used 6520K, committed 6720K, reserved 1114112K
  class space    used 775K, committed 896K, reserved 1048576K
}
Event: 1.639 GC heap after
{Heap after GC invocations=2 (full 0):
 garbage-first heap   total 98304K, used 7384K [0x00000000a0e00000, 0x0000000100000000)
  region size 1024K, 2 young (2048K), 2 survivors (2048K)
 Metaspace       used 6520K, committed 6720K, reserved 1114112K
  class space    used 775K, committed 896K, reserved 1048576K
}
Event: 3.866 GC heap before
{Heap before GC invocations=2 (full 0):
 garbage-first heap   total 98304K, used 30936K [0x00000000a0e00000, 0x0000000100000000)
  region size 1024K, 26 young (26624K), 2 survivors (2048K)
 Metaspace       used 12019K, committed 12224K, reserved 1114112K
  class space    used 1615K, committed 1728K, reserved 1048576K
}
Event: 3.875 GC heap after
{Heap after GC invocations=3 (full 0):
 garbage-first heap   total 98304K, used 8929K [0x00000000a0e00000, 0x0000000100000000)
  region size 1024K, 3 young (3072K), 3 survivors (3072K)
 Metaspace       used 12019K, committed 12224K, reserved 1114112K
  class space    used 1615K, committed 1728K, reserved 1048576K
}
Event: 5.642 GC heap before
{Heap before GC invocations=3 (full 0):
 garbage-first heap   total 98304K, used 58081K [0x00000000a0e00000, 0x0000000100000000)
  region size 1024K, 53 young (54272K), 3 survivors (3072K)
 Metaspace       used 21272K, committed 21504K, reserved 1114112K
  class space    used 2688K, committed 2816K, reserved 1048576K
}
Event: 5.656 GC heap after
{Heap after GC invocations=4 (full 0):
 garbage-first heap   total 98304K, used 13265K [0x00000000a0e00000, 0x0000000100000000)
  region size 1024K, 7 young (7168K), 7 survivors (7168K)
 Metaspace       used 21272K, committed 21504K, reserved 1114112K
  class space    used 2688K, committed 2816K, reserved 1048576K
}
Event: 6.961 GC heap before
{Heap before GC invocations=5 (full 0):
 garbage-first heap   total 51200K, used 36817K [0x00000000a0e00000, 0x0000000100000000)
  region size 1024K, 30 young (30720K), 7 survivors (7168K)
 Metaspace       used 25347K, committed 25664K, reserved 1114112K
  class space    used 3246K, committed 3392K, reserved 1048576K
}
Event: 6.983 GC heap after
{Heap after GC invocations=6 (full 0):
 garbage-first heap   total 51200K, used 15231K [0x00000000a0e00000, 0x0000000100000000)
  region size 1024K, 3 young (3072K), 3 survivors (3072K)
 Metaspace       used 25347K, committed 25664K, reserved 1114112K
  class space    used 3246K, committed 3392K, reserved 1048576K
}
Event: 7.024 GC heap before
{Heap before GC invocations=6 (full 0):
 garbage-first heap   total 51200K, used 16255K [0x00000000a0e00000, 0x0000000100000000)
  region size 1024K, 4 young (4096K), 3 survivors (3072K)
 Metaspace       used 25511K, committed 25856K, reserved 1114112K
  class space    used 3289K, committed 3456K, reserved 1048576K
}
Event: 7.030 GC heap after
{Heap after GC invocations=7 (full 0):
 garbage-first heap   total 51200K, used 15856K [0x00000000a0e00000, 0x0000000100000000)
  region size 1024K, 1 young (1024K), 1 survivors (1024K)
 Metaspace       used 25511K, committed 25856K, reserved 1114112K
  class space    used 3289K, committed 3456K, reserved 1048576K
}
Event: 8.123 GC heap before
{Heap before GC invocations=7 (full 0):
 garbage-first heap   total 51200K, used 37360K [0x00000000a0e00000, 0x0000000100000000)
  region size 1024K, 21 young (21504K), 1 survivors (1024K)
 Metaspace       used 29563K, committed 30016K, reserved 1114112K
  class space    used 3799K, committed 4032K, reserved 1048576K
}
Event: 8.128 GC heap after
{Heap after GC invocations=8 (full 0):
 garbage-first heap   total 51200K, used 17436K [0x00000000a0e00000, 0x0000000100000000)
  region size 1024K, 3 young (3072K), 3 survivors (3072K)
 Metaspace       used 29563K, committed 30016K, reserved 1114112K
  class space    used 3799K, committed 4032K, reserved 1048576K
}
Event: 9.093 GC heap before
{Heap before GC invocations=8 (full 0):
 garbage-first heap   total 51200K, used 36892K [0x00000000a0e00000, 0x0000000100000000)
  region size 1024K, 22 young (22528K), 3 survivors (3072K)
 Metaspace       used 32931K, committed 33344K, reserved 1114112K
  class space    used 4334K, committed 4544K, reserved 1048576K
}
Event: 9.101 GC heap after
{Heap after GC invocations=9 (full 0):
 garbage-first heap   total 51200K, used 18948K [0x00000000a0e00000, 0x0000000100000000)
  region size 1024K, 2 young (2048K), 2 survivors (2048K)
 Metaspace       used 32931K, committed 33344K, reserved 1114112K
  class space    used 4334K, committed 4544K, reserved 1048576K
}
Event: 9.564 GC heap before
{Heap before GC invocations=9 (full 0):
 garbage-first heap   total 51200K, used 28164K [0x00000000a0e00000, 0x0000000100000000)
  region size 1024K, 12 young (12288K), 2 survivors (2048K)
 Metaspace       used 35763K, committed 36160K, reserved 1114112K
  class space    used 4671K, committed 4864K, reserved 1048576K
}
Event: 9.570 GC heap after
{Heap after GC invocations=10 (full 0):
 garbage-first heap   total 51200K, used 20777K [0x00000000a0e00000, 0x0000000100000000)
  region size 1024K, 2 young (2048K), 2 survivors (2048K)
 Metaspace       used 35763K, committed 36160K, reserved 1114112K
  class space    used 4671K, committed 4864K, reserved 1048576K
}

Dll operation events (13 events):
Event: 0.014 Loaded shared library C:\Users\Hp\.jdks\corretto-17.0.12\bin\java.dll
Event: 0.041 Loaded shared library C:\Users\Hp\.jdks\corretto-17.0.12\bin\jsvml.dll
Event: 0.270 Loaded shared library C:\Users\Hp\.jdks\corretto-17.0.12\bin\zip.dll
Event: 0.274 Loaded shared library C:\Users\Hp\.jdks\corretto-17.0.12\bin\instrument.dll
Event: 0.287 Loaded shared library C:\Users\Hp\.jdks\corretto-17.0.12\bin\net.dll
Event: 0.291 Loaded shared library C:\Users\Hp\.jdks\corretto-17.0.12\bin\nio.dll
Event: 0.296 Loaded shared library C:\Users\Hp\.jdks\corretto-17.0.12\bin\zip.dll
Event: 0.513 Loaded shared library C:\JetBrains\IntelliJ IDEA Community Edition 2024.2.1\bin\breakgen64.dll
Event: 0.536 Loaded shared library C:\Users\Hp\.jdks\corretto-17.0.12\bin\extnet.dll
Event: 0.608 Loaded shared library C:\Users\Hp\.jdks\corretto-17.0.12\bin\jimage.dll
Event: 5.179 Loaded shared library C:\Users\Hp\.jdks\corretto-17.0.12\bin\sunmscapi.dll
Event: 7.511 Loaded shared library C:\Users\Hp\.jdks\corretto-17.0.12\bin\management.dll
Event: 7.516 Loaded shared library C:\Users\Hp\.jdks\corretto-17.0.12\bin\management_ext.dll

Deoptimization events (20 events):
Event: 9.438 Thread 0x000002dfa1a26c00 Uncommon trap: trap_request=0xffffff45 fr.pc=0x000002dfb11e1cc0 relative=0x00000000000000c0
Event: 9.438 Thread 0x000002dfa1a26c00 Uncommon trap: reason=unstable_if action=reinterpret pc=0x000002dfb11e1cc0 method=java.net.URI.match(CJJ)Z @ 45 c2
Event: 9.438 Thread 0x000002dfa1a26c00 DEOPT PACKING pc=0x000002dfb11e1cc0 sp=0x000000f2db1f7ca0
Event: 9.438 Thread 0x000002dfa1a26c00 DEOPT UNPACKING pc=0x000002dfb0ac69a3 sp=0x000000f2db1f7c28 mode 2
Event: 9.514 Thread 0x000002dfa1a26c00 DEOPT PACKING pc=0x000002dfa9e20d3e sp=0x000000f2db1f9120
Event: 9.514 Thread 0x000002dfa1a26c00 DEOPT UNPACKING pc=0x000002dfb0ac7143 sp=0x000000f2db1f85a0 mode 0
Event: 9.516 Thread 0x000002dfa1a26c00 DEOPT PACKING pc=0x000002dfa9e20d3e sp=0x000000f2db1f9120
Event: 9.516 Thread 0x000002dfa1a26c00 DEOPT UNPACKING pc=0x000002dfb0ac7143 sp=0x000000f2db1f85a0 mode 0
Event: 9.518 Thread 0x000002dfa1a26c00 DEOPT PACKING pc=0x000002dfa9e20d3e sp=0x000000f2db1f9120
Event: 9.518 Thread 0x000002dfa1a26c00 DEOPT UNPACKING pc=0x000002dfb0ac7143 sp=0x000000f2db1f85a0 mode 0
Event: 9.519 Thread 0x000002dfa1a26c00 DEOPT PACKING pc=0x000002dfa9e20d3e sp=0x000000f2db1f9120
Event: 9.519 Thread 0x000002dfa1a26c00 DEOPT UNPACKING pc=0x000002dfb0ac7143 sp=0x000000f2db1f85a0 mode 0
Event: 9.717 Thread 0x000002dfa1a26c00 Uncommon trap: trap_request=0xffffff45 fr.pc=0x000002dfb11993c4 relative=0x0000000000000ce4
Event: 9.717 Thread 0x000002dfa1a26c00 Uncommon trap: reason=unstable_if action=reinterpret pc=0x000002dfb11993c4 method=sun.reflect.annotation.AnnotationInvocationHandler.invoke(Ljava/lang/Object;Ljava/lang/reflect/Method;[Ljava/lang/Object;)Ljava/lang/Object; @ 76 c2
Event: 9.717 Thread 0x000002dfa1a26c00 DEOPT PACKING pc=0x000002dfb11993c4 sp=0x000000f2db1fab10
Event: 9.717 Thread 0x000002dfa1a26c00 DEOPT UNPACKING pc=0x000002dfb0ac69a3 sp=0x000000f2db1faae0 mode 2
Event: 12.256 Thread 0x000002dfa1a26c00 Uncommon trap: trap_request=0xffffff45 fr.pc=0x000002dfb10c8044 relative=0x0000000000000044
Event: 12.256 Thread 0x000002dfa1a26c00 Uncommon trap: reason=unstable_if action=reinterpret pc=0x000002dfb10c8044 method=sun.net.util.IPAddressUtil.scan(Ljava/lang/String;JJ[C)I @ 14 c2
Event: 12.256 Thread 0x000002dfa1a26c00 DEOPT PACKING pc=0x000002dfb10c8044 sp=0x000000f2db1fb240
Event: 12.257 Thread 0x000002dfa1a26c00 DEOPT UNPACKING pc=0x000002dfb0ac69a3 sp=0x000000f2db1fb128 mode 2

Classes loaded (20 events):
Event: 9.671 Loading class sun/nio/ch/SocketChannelImpl
Event: 9.673 Loading class sun/nio/ch/SocketChannelImpl done
Event: 9.673 Loading class java/nio/channels/spi/AbstractInterruptibleChannel$1
Event: 9.673 Loading class sun/nio/ch/Interruptible
Event: 9.673 Loading class sun/nio/ch/Interruptible done
Event: 9.673 Loading class java/nio/channels/spi/AbstractInterruptibleChannel$1 done
Event: 9.675 Loading class java/nio/BufferMismatch
Event: 9.675 Loading class java/nio/BufferMismatch done
Event: 9.676 Loading class sun/nio/ch/SourceChannelImpl
Event: 9.676 Loading class java/nio/channels/Pipe$SourceChannel
Event: 9.676 Loading class java/nio/channels/Pipe$SourceChannel done
Event: 9.676 Loading class sun/nio/ch/SourceChannelImpl done
Event: 9.676 Loading class sun/nio/ch/SinkChannelImpl
Event: 9.677 Loading class java/nio/channels/Pipe$SinkChannel
Event: 9.677 Loading class java/nio/channels/Pipe$SinkChannel done
Event: 9.677 Loading class sun/nio/ch/SinkChannelImpl done
Event: 9.703 Loading class java/nio/channels/spi/AbstractSelector$1
Event: 9.704 Loading class java/nio/channels/spi/AbstractSelector$1 done
Event: 9.717 Loading class jdk/internal/reflect/UnsafeIntegerFieldAccessorImpl
Event: 9.718 Loading class jdk/internal/reflect/UnsafeIntegerFieldAccessorImpl done

Classes unloaded (0 events):
No events

Classes redefined (0 events):
No events

Internal exceptions (20 events):
Event: 7.218 Thread 0x000002dfa1a26c00 Exception <a 'java/lang/NoSuchMethodError'{0x00000000a3b40d98}: 'java.lang.Object java.lang.invoke.DirectMethodHandle$Holder.invokeStaticInit(java.lang.Object, java.lang.Object, int, int, int, int)'> (0x00000000a3b40d98) 
thrown [s\src\hotspot\share\interpreter\linkResolver.cpp, line 759]
Event: 7.442 Thread 0x000002dfa1a26c00 Exception <a 'java/lang/NoSuchMethodError'{0x00000000a364fd88}: 'java.lang.Object java.lang.invoke.DirectMethodHandle$Holder.invokeSpecial(java.lang.Object, java.lang.Object, long, java.lang.Object, java.lang.Object, java.lang.Object, java.lang.Object, java.lang.Object, java.lang.Object)'> (0x00000000a364fd88) 
thrown [s\src\hotspot\share\interpreter\linkResolver.cpp, line 759]
Event: 7.443 Thread 0x000002dfa1a26c00 Exception <a 'java/lang/NoSuchMethodError'{0x00000000a36548b0}: 'java.lang.Object java.lang.invoke.DelegatingMethodHandle$Holder.reinvoke_L(java.lang.Object, long, java.lang.Object, java.lang.Object, java.lang.Object, java.lang.Object, java.lang.Object, java.lang.Object)'> (0x00000000a36548b0) 
thrown [s\src\hotspot\share\interpreter\linkResolver.cpp, line 759]
Event: 7.487 Thread 0x000002dfa1a26c00 Implicit null exception at 0x000002dfb1121a24 to 0x000002dfb112326c
Event: 7.546 Thread 0x000002dfa1a26c00 Exception <a 'java/io/FileNotFoundException'{0x00000000a35b2310}> (0x00000000a35b2310) 
thrown [s\src\hotspot\share\prims\jni.cpp, line 516]
Event: 7.669 Thread 0x000002dfa1a26c00 Exception <a 'java/lang/NoSuchMethodError'{0x00000000a32162f8}: 'int java.lang.invoke.DirectMethodHandle$Holder.invokeInterface(java.lang.Object, java.lang.Object, java.lang.Object, java.lang.Object)'> (0x00000000a32162f8) 
thrown [s\src\hotspot\share\interpreter\linkResolver.cpp, line 759]
Event: 7.788 Thread 0x000002dfa1a26c00 Exception <a 'java/lang/NoSuchMethodError'{0x00000000a31e25a8}: 'long java.lang.invoke.DirectMethodHandle$Holder.invokeVirtual(java.lang.Object, java.lang.Object)'> (0x00000000a31e25a8) 
thrown [s\src\hotspot\share\interpreter\linkResolver.cpp, line 759]
Event: 7.903 Thread 0x000002dfa1a26c00 Exception <a 'java/lang/NoSuchMethodError'{0x00000000a2feecf0}: 'java.lang.Object java.lang.invoke.DirectMethodHandle$Holder.invokeInterface(java.lang.Object, java.lang.Object, java.lang.Object, java.lang.Object)'> (0x00000000a2feecf0) 
thrown [s\src\hotspot\share\interpreter\linkResolver.cpp, line 759]
Event: 8.294 Thread 0x000002dfa1a26c00 Exception <a 'java/lang/NoSuchMethodError'{0x00000000a3c92bf0}: 'java.lang.Object java.lang.invoke.DirectMethodHandle$Holder.invokeStatic(java.lang.Object, java.lang.Object, int, java.lang.Object)'> (0x00000000a3c92bf0) 
thrown [s\src\hotspot\share\interpreter\linkResolver.cpp, line 759]
Event: 8.295 Thread 0x000002dfa1a26c00 Exception <a 'java/lang/NoSuchMethodError'{0x00000000a3c99a60}: 'java.lang.Object java.lang.invoke.DirectMethodHandle$Holder.newInvokeSpecial(java.lang.Object, java.lang.Object, int)'> (0x00000000a3c99a60) 
thrown [s\src\hotspot\share\interpreter\linkResolver.cpp, line 759]
Event: 8.437 Thread 0x000002dfa1a26c00 Exception <a 'sun/nio/fs/WindowsException'{0x00000000a39b8828}> (0x00000000a39b8828) 
thrown [s\src\hotspot\share\prims\jni.cpp, line 516]
Event: 8.532 Thread 0x000002dfa1a26c00 Exception <a 'java/lang/IncompatibleClassChangeError'{0x00000000a37edaa0}: Found class java.lang.Object, but interface was expected> (0x00000000a37edaa0) 
thrown [s\src\hotspot\share\interpreter\linkResolver.cpp, line 826]
Event: 8.563 Thread 0x000002dfa1a26c00 Implicit null exception at 0x000002dfb11173bd to 0x000002dfb1117476
Event: 8.793 Thread 0x000002dfa1a26c00 Exception <a 'java/lang/NoSuchMethodError'{0x00000000a33d2358}: 'int java.lang.invoke.DirectMethodHandle$Holder.invokeStatic(java.lang.Object)'> (0x00000000a33d2358) 
thrown [s\src\hotspot\share\interpreter\linkResolver.cpp, line 759]
Event: 8.794 Thread 0x000002dfa1a26c00 Exception <a 'java/lang/NoSuchMethodError'{0x00000000a33d5a00}: 'int java.lang.invoke.DirectMethodHandle$Holder.invokeStaticInit(java.lang.Object)'> (0x00000000a33d5a00) 
thrown [s\src\hotspot\share\interpreter\linkResolver.cpp, line 759]
Event: 8.912 Thread 0x000002dfa1a26c00 Exception <a 'java/lang/NoSuchMethodError'{0x00000000a319f790}: 'void java.lang.invoke.DirectMethodHandle$Holder.invokeVirtual(java.lang.Object, java.lang.Object, long)'> (0x00000000a319f790) 
thrown [s\src\hotspot\share\interpreter\linkResolver.cpp, line 759]
Event: 9.035 Thread 0x000002dfa1a26c00 Exception <a 'java/lang/NoSuchMethodError'{0x00000000a2eb47b0}: 'int java.lang.invoke.DirectMethodHandle$Holder.invokeStaticInit(java.lang.Object, java.lang.Object, java.lang.Object, java.lang.Object)'> (0x00000000a2eb47b0) 
thrown [s\src\hotspot\share\interpreter\linkResolver.cpp, line 759]
Event: 9.045 Thread 0x000002dfa1a26c00 Implicit null exception at 0x000002dfb11b5da7 to 0x000002dfb11b62a8
Event: 9.259 Thread 0x000002dfa1a26c00 Exception <a 'java/lang/NoSuchMethodError'{0x00000000a3c2e740}: 'java.lang.Object java.lang.invoke.DirectMethodHandle$Holder.invokeStaticInit(java.lang.Object, java.lang.Object, int)'> (0x00000000a3c2e740) 
thrown [s\src\hotspot\share\interpreter\linkResolver.cpp, line 759]
Event: 9.301 Thread 0x000002dfa1a26c00 Exception <a 'sun/nio/fs/WindowsException'{0x00000000a3c825c8}> (0x00000000a3c825c8) 
thrown [s\src\hotspot\share\prims\jni.cpp, line 516]

VM Operations (20 events):
Event: 8.954 Executing VM operation: HandshakeAllThreads
Event: 8.954 Executing VM operation: HandshakeAllThreads done
Event: 9.093 Executing VM operation: G1CollectForAllocation
Event: 9.101 Executing VM operation: G1CollectForAllocation done
Event: 9.313 Executing VM operation: HandshakeAllThreads
Event: 9.313 Executing VM operation: HandshakeAllThreads done
Event: 9.418 Executing VM operation: HandshakeAllThreads
Event: 9.418 Executing VM operation: HandshakeAllThreads done
Event: 9.564 Executing VM operation: CollectForMetadataAllocation
Event: 9.570 Executing VM operation: CollectForMetadataAllocation done
Event: 9.594 Executing VM operation: CollectForMetadataAllocation
Event: 9.594 Executing VM operation: CollectForMetadataAllocation done
Event: 9.621 Executing VM operation: G1PauseRemark
Event: 9.626 Executing VM operation: G1PauseRemark done
Event: 9.647 Executing VM operation: G1PauseCleanup
Event: 9.647 Executing VM operation: G1PauseCleanup done
Event: 10.658 Executing VM operation: Cleanup
Event: 10.658 Executing VM operation: Cleanup done
Event: 11.671 Executing VM operation: Cleanup
Event: 11.671 Executing VM operation: Cleanup done

Events (20 events):
Event: 0.060 Thread 0x000002dfbe2c9de0 Thread added: 0x000002dfbe2c9de0
Event: 0.060 Thread 0x000002dfbe2d27f0 Thread added: 0x000002dfbe2d27f0
Event: 0.227 Thread 0x000002dfbe297cf0 Thread added: 0x000002dfbe297cf0
Event: 0.514 Thread 0x000002e00416ff80 Thread added: 0x000002e00416ff80
Event: 0.514 Thread 0x000002e004170460 Thread added: 0x000002e004170460
Event: 0.711 Thread 0x000002e0042e1360 Thread added: 0x000002e0042e1360
Event: 2.208 Thread 0x000002e0042e1360 Thread exited: 0x000002e0042e1360
Event: 2.211 Thread 0x000002e0042e1360 Thread added: 0x000002e0042e1360
Event: 3.376 Thread 0x000002e004a5b430 Thread added: 0x000002e004a5b430
Event: 3.694 Thread 0x000002e004b67730 Thread added: 0x000002e004b67730
Event: 4.170 Thread 0x000002e0050f0bf0 Thread added: 0x000002e0050f0bf0
Event: 4.258 Thread 0x000002e0050f0bf0 Thread exited: 0x000002e0050f0bf0
Event: 5.198 Thread 0x000002e004a5b430 Thread exited: 0x000002e004a5b430
Event: 7.274 Thread 0x000002e0042e1360 Thread exited: 0x000002e0042e1360
Event: 7.820 Thread 0x000002e006028d60 Thread added: 0x000002e006028d60
Event: 7.823 Thread 0x000002e0042e1360 Thread added: 0x000002e0042e1360
Event: 7.830 Thread 0x000002e004bf3160 Thread added: 0x000002e004bf3160
Event: 9.680 Thread 0x000002e0050f16b0 Thread added: 0x000002e0050f16b0
Event: 9.988 Thread 0x000002e0050f1bc0 Thread added: 0x000002e0050f1bc0
Event: 10.993 Thread 0x000002e004b67730 Thread exited: 0x000002e004b67730


Dynamic libraries:
0x00007ff649040000 - 0x00007ff64904e000 	C:\Users\Hp\.jdks\corretto-17.0.12\bin\java.exe
0x00007ff952d30000 - 0x00007ff952f47000 	C:\WINDOWS\SYSTEM32\ntdll.dll
0x00007ff951090000 - 0x00007ff951154000 	C:\WINDOWS\System32\KERNEL32.DLL
0x00007ff950200000 - 0x00007ff9505b7000 	C:\WINDOWS\System32\KERNELBASE.dll
0x00007ff950940000 - 0x00007ff950a51000 	C:\WINDOWS\System32\ucrtbase.dll
0x00007ff92e990000 - 0x00007ff92e9ab000 	C:\Users\Hp\.jdks\corretto-17.0.12\bin\VCRUNTIME140.dll
0x00007ff945680000 - 0x00007ff945697000 	C:\Users\Hp\.jdks\corretto-17.0.12\bin\jli.dll
0x00007ff950ca0000 - 0x00007ff950e4f000 	C:\WINDOWS\System32\USER32.dll
0x00007ff950040000 - 0x00007ff950066000 	C:\WINDOWS\System32\win32u.dll
0x00007ff951fd0000 - 0x00007ff951ff9000 	C:\WINDOWS\System32\GDI32.dll
0x00007ff950640000 - 0x00007ff950758000 	C:\WINDOWS\System32\gdi32full.dll
0x00007ff950070000 - 0x00007ff95010a000 	C:\WINDOWS\System32\msvcp_win.dll
0x00007ff93cce0000 - 0x00007ff93cf73000 	C:\WINDOWS\WinSxS\amd64_microsoft.windows.common-controls_6595b64144ccf1df_6.0.22621.3672_none_2713b9d173822955\COMCTL32.dll
0x00007ff952c40000 - 0x00007ff952ce7000 	C:\WINDOWS\System32\msvcrt.dll
0x00007ff951f90000 - 0x00007ff951fc1000 	C:\WINDOWS\System32\IMM32.DLL
0x00007ff94c4f0000 - 0x00007ff94c4fc000 	C:\Users\Hp\.jdks\corretto-17.0.12\bin\vcruntime140_1.dll
0x00007ff92e290000 - 0x00007ff92e31d000 	C:\Users\Hp\.jdks\corretto-17.0.12\bin\msvcp140.dll
0x00007ff907e70000 - 0x00007ff908ada000 	C:\Users\Hp\.jdks\corretto-17.0.12\bin\server\jvm.dll
0x00007ff9511c0000 - 0x00007ff951272000 	C:\WINDOWS\System32\ADVAPI32.dll
0x00007ff950fe0000 - 0x00007ff951088000 	C:\WINDOWS\System32\sechost.dll
0x00007ff9501d0000 - 0x00007ff9501f8000 	C:\WINDOWS\System32\bcrypt.dll
0x00007ff951e70000 - 0x00007ff951f84000 	C:\WINDOWS\System32\RPCRT4.dll
0x00007ff952b60000 - 0x00007ff952bd1000 	C:\WINDOWS\System32\WS2_32.dll
0x00007ff9471d0000 - 0x00007ff9471da000 	C:\WINDOWS\SYSTEM32\VERSION.dll
0x00007ff94c360000 - 0x00007ff94c394000 	C:\WINDOWS\SYSTEM32\WINMM.dll
0x00007ff94ff10000 - 0x00007ff94ff5d000 	C:\WINDOWS\SYSTEM32\POWRPROF.dll
0x00007ff94fef0000 - 0x00007ff94ff03000 	C:\WINDOWS\SYSTEM32\UMPDC.dll
0x00007ff94f060000 - 0x00007ff94f078000 	C:\WINDOWS\SYSTEM32\kernel.appcore.dll
0x00007ff94c3e0000 - 0x00007ff94c3ea000 	C:\Users\Hp\.jdks\corretto-17.0.12\bin\jimage.dll
0x00007ff9492c0000 - 0x00007ff9494f2000 	C:\WINDOWS\SYSTEM32\DBGHELP.DLL
0x00007ff951460000 - 0x00007ff9517ee000 	C:\WINDOWS\System32\combase.dll
0x00007ff951c90000 - 0x00007ff951d67000 	C:\WINDOWS\System32\OLEAUT32.dll
0x00007ff934720000 - 0x00007ff934752000 	C:\WINDOWS\SYSTEM32\dbgcore.DLL
0x00007ff9505c0000 - 0x00007ff95063b000 	C:\WINDOWS\System32\bcryptPrimitives.dll
0x00007ff94c420000 - 0x00007ff94c42e000 	C:\Users\Hp\.jdks\corretto-17.0.12\bin\instrument.dll
0x00007ff92e260000 - 0x00007ff92e285000 	C:\Users\Hp\.jdks\corretto-17.0.12\bin\java.dll
0x00007ff9172b0000 - 0x00007ff917387000 	C:\Users\Hp\.jdks\corretto-17.0.12\bin\jsvml.dll
0x00007ff952170000 - 0x00007ff9529d9000 	C:\WINDOWS\System32\SHELL32.dll
0x00007ff94df60000 - 0x00007ff94e85f000 	C:\WINDOWS\SYSTEM32\windows.storage.dll
0x00007ff94de20000 - 0x00007ff94df5f000 	C:\WINDOWS\SYSTEM32\wintypes.dll
0x00007ff950e50000 - 0x00007ff950f49000 	C:\WINDOWS\System32\SHCORE.dll
0x00007ff952110000 - 0x00007ff95216e000 	C:\WINDOWS\System32\shlwapi.dll
0x00007ff94ff70000 - 0x00007ff94ff97000 	C:\WINDOWS\SYSTEM32\profapi.dll
0x00007ff92e220000 - 0x00007ff92e238000 	C:\Users\Hp\.jdks\corretto-17.0.12\bin\zip.dll
0x00007ff92e970000 - 0x00007ff92e989000 	C:\Users\Hp\.jdks\corretto-17.0.12\bin\net.dll
0x00007ff94be10000 - 0x00007ff94bf46000 	C:\WINDOWS\SYSTEM32\WINHTTP.dll
0x00007ff94f500000 - 0x00007ff94f569000 	C:\WINDOWS\system32\mswsock.dll
0x00007ff92e240000 - 0x00007ff92e256000 	C:\Users\Hp\.jdks\corretto-17.0.12\bin\nio.dll
0x00007ff944160000 - 0x00007ff94417a000 	C:\JetBrains\IntelliJ IDEA Community Edition 2024.2.1\bin\breakgen64.dll
0x00007ff94a380000 - 0x00007ff94a389000 	C:\Users\Hp\.jdks\corretto-17.0.12\bin\extnet.dll
0x00007ff94eaf0000 - 0x00007ff94eb1d000 	C:\WINDOWS\SYSTEM32\IPHLPAPI.DLL
0x00007ff951450000 - 0x00007ff951459000 	C:\WINDOWS\System32\NSI.dll
0x00007ff94bdf0000 - 0x00007ff94be09000 	C:\WINDOWS\SYSTEM32\dhcpcsvc6.DLL
0x00007ff94bdd0000 - 0x00007ff94bdef000 	C:\WINDOWS\SYSTEM32\dhcpcsvc.DLL
0x00007ff94eb20000 - 0x00007ff94ec22000 	C:\WINDOWS\SYSTEM32\DNSAPI.dll
0x00007ff94a420000 - 0x00007ff94a42e000 	C:\Users\Hp\.jdks\corretto-17.0.12\bin\sunmscapi.dll
0x00007ff9507d0000 - 0x00007ff950936000 	C:\WINDOWS\System32\CRYPT32.dll
0x00007ff94f910000 - 0x00007ff94f93d000 	C:\WINDOWS\SYSTEM32\ncrypt.dll
0x00007ff94f8d0000 - 0x00007ff94f907000 	C:\WINDOWS\SYSTEM32\NTASN1.dll
0x00007ff94f760000 - 0x00007ff94f77b000 	C:\WINDOWS\SYSTEM32\CRYPTSP.dll
0x00007ff94efc0000 - 0x00007ff94eff5000 	C:\WINDOWS\system32\rsaenh.dll
0x00007ff94f5f0000 - 0x00007ff94f618000 	C:\WINDOWS\SYSTEM32\USERENV.dll
0x00007ff94f750000 - 0x00007ff94f75c000 	C:\WINDOWS\SYSTEM32\CRYPTBASE.dll
0x00007ff9446e0000 - 0x00007ff9446ea000 	C:\Windows\System32\rasadhlp.dll
0x00007ff948ee0000 - 0x00007ff948f63000 	C:\WINDOWS\System32\fwpuclnt.dll
0x00007ff9457a0000 - 0x00007ff9457a9000 	C:\Users\Hp\.jdks\corretto-17.0.12\bin\management.dll
0x00007ff945540000 - 0x00007ff94554b000 	C:\Users\Hp\.jdks\corretto-17.0.12\bin\management_ext.dll
0x00007ff9517f0000 - 0x00007ff9517f8000 	C:\WINDOWS\System32\PSAPI.DLL
0x00007ff93b3d0000 - 0x00007ff93b3d8000 	C:\WINDOWS\system32\wshunix.dll

dbghelp: loaded successfully - version: 4.0.5 - missing functions: none
symbol engine: initialized successfully - sym options: 0x614 - pdb path: .;C:\Users\Hp\.jdks\corretto-17.0.12\bin;C:\WINDOWS\SYSTEM32;C:\WINDOWS\WinSxS\amd64_microsoft.windows.common-controls_6595b64144ccf1df_6.0.22621.3672_none_2713b9d173822955;C:\Users\Hp\.jdks\corretto-17.0.12\bin\server;C:\JetBrains\IntelliJ IDEA Community Edition 2024.2.1\bin

VM Arguments:
jvm_args: -javaagent:C:\JetBrains\IntelliJ IDEA Community Edition 2024.2.1\lib\idea_rt.jar=58800:C:\JetBrains\IntelliJ IDEA Community Edition 2024.2.1\bin -Dfile.encoding=UTF-8 
java_command: com.kushal.api_gateway.ApiGatewayApplication
java_class_path (initial): C:\Users\Hp\Desktop\Kushal_Projects\QuizApp\api-gateway\target\classes;C:\Users\Hp\.m2\repository\org\springframework\cloud\spring-cloud-starter-gateway-mvc\4.1.5\spring-cloud-starter-gateway-mvc-4.1.5.jar;C:\Users\Hp\.m2\repository\org\springframework\cloud\spring-cloud-starter\4.1.4\spring-cloud-starter-4.1.4.jar;C:\Users\Hp\.m2\repository\org\springframework\cloud\spring-cloud-context\4.1.4\spring-cloud-context-4.1.4.jar;C:\Users\Hp\.m2\repository\org\springframework\security\spring-security-crypto\6.2.7\spring-security-crypto-6.2.7.jar;C:\Users\Hp\.m2\repository\org\springframework\cloud\spring-cloud-commons\4.1.4\spring-cloud-commons-4.1.4.jar;C:\Users\Hp\.m2\repository\org\springframework\security\spring-security-rsa\1.1.3\spring-security-rsa-1.1.3.jar;C:\Users\Hp\.m2\repository\org\bouncycastle\bcprov-jdk18on\1.78\bcprov-jdk18on-1.78.jar;C:\Users\Hp\.m2\repository\org\springframework\cloud\spring-cloud-gateway-server-mvc\4.1.5\spring-cloud-gateway-server-mvc-4.1.5.jar;C:\Users\Hp\.m2\repository\org\springframework\boot\spring-boot-starter-validation\3.2.11\spring-boot-starter-validation-3.2.11.jar;C:\Users\Hp\.m2\repository\org\apache\tomcat\embed\tomcat-embed-el\10.1.31\tomcat-embed-el-10.1.31.jar;C:\Users\Hp\.m2\repository\org\hibernate\validator\hibernate-validator\8.0.1.Final\hibernate-validator-8.0.1.Final.jar;C:\Users\Hp\.m2\repository\jakarta\validation\jakarta.validation-api\3.0.2\jakarta.validation-api-3.0.2.jar;C:\Users\Hp\.m2\repository\org\jboss\logging\jboss-logging\3.5.3.Final\jboss-logging-3.5.3.Final.jar;C:\Users\Hp\.m2\repository\com\fasterxml\classmate\1.6.0\classmate-1.6.0.jar;C:\Users\Hp\.m2\repository\org\springframework\boot\spring-boot-starter-web\3.2.11\spring-boot-starter-web-3.2.11.jar;C:\Users\Hp\.m2\repository\org\springframework\boot\spring-boot-starter-json\3.2.11\spring-boot-starter-json-3.2.11.jar;C:\Users\Hp\.m2\repository\com\fasterxml\jackson\datatype\jackson-datatype-jdk8\2.15.4\jackson-datatype
Launcher Type: SUN_STANDARD

[Global flags]
     intx CICompilerCount                          = 3                                         {product} {ergonomic}
     uint ConcGCThreads                            = 1                                         {product} {ergonomic}
     uint G1ConcRefinementThreads                  = 4                                         {product} {ergonomic}
   size_t G1HeapRegionSize                         = 1048576                                   {product} {ergonomic}
    uintx GCDrainStackTargetSize                   = 64                                        {product} {ergonomic}
   size_t InitialHeapSize                          = 100663296                                 {product} {ergonomic}
   size_t MarkStackSize                            = 4194304                                   {product} {ergonomic}
   size_t MaxHeapSize                              = 1595932672                                {product} {ergonomic}
   size_t MaxNewSize                               = 957349888                                 {product} {ergonomic}
   size_t MinHeapDeltaBytes                        = 1048576                                   {product} {ergonomic}
   size_t MinHeapSize                              = 8388608                                   {product} {ergonomic}
    uintx NonNMethodCodeHeapSize                   = 5832780                                {pd product} {ergonomic}
    uintx NonProfiledCodeHeapSize                  = 122912730                              {pd product} {ergonomic}
    uintx ProfiledCodeHeapSize                     = 122912730                              {pd product} {ergonomic}
    uintx ReservedCodeCacheSize                    = 251658240                              {pd product} {ergonomic}
     bool SegmentedCodeCache                       = true                                      {product} {ergonomic}
   size_t SoftMaxHeapSize                          = 1595932672                             {manageable} {ergonomic}
     bool UseCompressedClassPointers               = true                           {product lp64_product} {ergonomic}
     bool UseCompressedOops                        = true                           {product lp64_product} {ergonomic}
     bool UseG1GC                                  = true                                      {product} {ergonomic}
     bool UseLargePagesIndividualAllocation        = false                                  {pd product} {ergonomic}

Logging:
Log output configuration:
 #0: stdout all=warning uptime,level,tags
 #1: stderr all=off uptime,level,tags

Environment Variables:
JAVA_HOME=C:\Users\Hp\.jdks\corretto-17.0.12
PATH=C:\Program Files (x86)\Common Files\Oracle\Java\java8path;C:\Program Files (x86)\Common Files\Oracle\Java\javapath;C:\Program Files (x86)\VMware\VMware Player\bin\;C:\Program Files\dotnet\;C:\MinGW\bin;C:\Program Files\Git\cmd;C:\Program Files\PostgreSQL\16\bin;C:\Program Files\Maven\bin;C:\Gradle\gradle-8.10\bin;C:\Program Files\Java\jdk1.8.0_202\bin;C:\Program Files\nodejs\;C:\ProgramData\chocolatey\bin;C:\WINDOWS\system32;C:\WINDOWS;C:\WINDOWS\System32\Wbem;C:\WINDOWS\System32\WindowsPowerShell\v1.0\;C:\WINDOWS\System32\OpenSSH\;C:\Users\Hp\AppData\Local\Programs\Python\Python313\Scripts\;C:\Users\Hp\AppData\Local\Programs\Python\Python313\;C:\Users\Hp\AppData\Local\Programs\Python\Launcher\;C:\Program Files\MySQL\MySQL Shell 8.0\bin\;C:\Users\Hp\AppData\Local\Microsoft\WindowsApps;C:\Users\Hp\AppData\Local\Programs\Microsoft VS Code\bin;C:\Program Files\JetBrains\IntelliJ IDEA Community Edition 2023.1.2\bin;C:\Users\Hp\AppData\Local\GitHubDesktop\bin;C:\Program Files\PostgreSQL\16\bin;C:\Users\Hp\AppData\Local\JetBrains\Toolbox\scripts;C:\JetBrains\IntelliJ IDEA Community Edition 2024.2.1\bin;;C:\Users\Hp\AppData\Local\Programs\mongosh\;C:\Users\Hp\AppData\Roaming\npm;C:\Users\Hp\AppData\Local\Microsoft\WindowsApps;
USERNAME=Hp
OS=Windows_NT
PROCESSOR_IDENTIFIER=AMD64 Family 23 Model 24 Stepping 1, AuthenticAMD
TMP=C:\Users\Hp\AppData\Local\Temp
TEMP=C:\Users\Hp\AppData\Local\Temp



Periodic native trim disabled


---------------  S Y S T E M  ---------------

OS:
 Windows 11 , 64 bit Build 22621 (10.0.22621.3958)
OS uptime: 1 days 4:41 hours
Hyper-V role detected

CPU: total 4 (initial active 4) (4 cores per cpu, 2 threads per core) family 23 model 24 stepping 1 microcode 0x0, cx8, cmov, fxsr, ht, mmx, 3dnowpref, sse, sse2, sse3, ssse3, sse4a, sse4.1, sse4.2, popcnt, lzcnt, tsc, tscinvbit, avx, avx2, aes, clmul, bmi1, bmi2, adx, sha, fma, vzeroupper, clflush, clflushopt, hv
Processor Information for all 4 processors :
  Max Mhz: 2600, Current Mhz: 2600, Mhz Limit: 2600

Memory: 4k page, system-wide physical 6086M (408M free)
TotalPageFile size 10086M (AvailPageFile size 2M)
current process WorkingSet (physical memory assigned to process): 167M, peak: 195M
current process commit charge ("private bytes"): 196M, peak: 242M

vm_info: OpenJDK 64-Bit Server VM (17.0.12+7-LTS) for windows-amd64 JRE (17.0.12+7-LTS), built on Jul 10 2024 20:46:33 by "Administrator" with MS VC++ 16.10 / 16.11 (VS2019)

END.
