#
# There is insufficient memory for the Java Runtime Environment to continue.
# Native memory allocation (malloc) failed to allocate 32744 bytes. Error detail: ChunkPool::allocate
# Possible reasons:
#   The system is out of physical RAM or swap space
#   This process is running with CompressedOops enabled, and the Java Heap may be blocking the growth of the native heap
# Possible solutions:
#   Reduce memory load on the system
#   Increase physical memory or swap space
#   Check if swap backing store is full
#   Decrease Java heap size (-Xmx/-Xms)
#   Decrease number of Java threads
#   Decrease Java thread stack sizes (-Xss)
#   Set larger code cache with -XX:ReservedCodeCacheSize=
#   JVM is running with Unscaled Compressed Oops mode in which the Java heap is
#     placed in the first 4GB address space. The Java Heap base address is the
#     maximum limit for the native heap growth. Please use -XX:HeapBaseMinAddress
#     to set the Java Heap base and to place the Java Heap above 4GB virtual address.
# This output file may be truncated or incomplete.
#
#  Out of Memory Error (arena.cpp:79), pid=8096, tid=10596
#
# JRE version: OpenJDK Runtime Environment Corretto-17.0.12.7.1 (17.0.12+7) (build 17.0.12+7-LTS)
# Java VM: OpenJDK 64-Bit Server VM Corretto-17.0.12.7.1 (17.0.12+7-LTS, mixed mode, sharing, tiered, compressed oops, compressed class ptrs, g1 gc, windows-amd64)
# No core dump will be written. Minidumps are not enabled by default on client versions of Windows
#

---------------  S U M M A R Y ------------

Command Line: -javaagent:C:\JetBrains\IntelliJ IDEA Community Edition 2024.2.1\lib\idea_rt.jar=55878:C:\JetBrains\IntelliJ IDEA Community Edition 2024.2.1\bin -Dfile.encoding=UTF-8 com.kushal.question_service.QuestionServiceApplication

Host: AMD Ryzen 3 3250U with Radeon Graphics         , 4 cores, 5G,  Windows 11 , 64 bit Build 22621 (10.0.22621.3958)
Time: Fri Nov 15 18:08:51 2024 India Standard Time elapsed time: 1507.642440 seconds (0d 0h 25m 7s)

---------------  T H R E A D  ---------------

Current thread (0x000002c6b3725f30):  JavaThread "C2 CompilerThread0" daemon [_thread_in_vm, id=10596, stack(0x000000d1cd100000,0x000000d1cd200000)]


Current CompileTask:
C2:1507642 6890       4       java.util.concurrent.ScheduledThreadPoolExecutor$DelayedWorkQueue::add (9 bytes)

Stack: [0x000000d1cd100000,0x000000d1cd200000]
Native frames: (J=compiled Java code, j=interpreted, Vv=VM code, C=native code)
V  [jvm.dll+0x67f4f9]
V  [jvm.dll+0x836eaa]
V  [jvm.dll+0x83896e]
V  [jvm.dll+0x838fd3]
V  [jvm.dll+0x247f6f]
V  [jvm.dll+0xacbd1]
V  [jvm.dll+0xad01c]
V  [jvm.dll+0x1d679d]
V  [jvm.dll+0x1d6f73]
V  [jvm.dll+0x1c591f]
V  [jvm.dll+0x1c5530]
V  [jvm.dll+0x1da351]
V  [jvm.dll+0x1dec57]
V  [jvm.dll+0x1dccff]
V  [jvm.dll+0x1df07a]
V  [jvm.dll+0x1de8a7]
V  [jvm.dll+0x1df831]
V  [jvm.dll+0x1deb2e]
V  [jvm.dll+0x1ce790]
V  [jvm.dll+0x127eee]
V  [jvm.dll+0x2ac9c0]
V  [jvm.dll+0x2ae70a]
V  [jvm.dll+0x6979f5]
V  [jvm.dll+0x68f9ab]
V  [jvm.dll+0x68efe7]
V  [jvm.dll+0x68ced2]
V  [jvm.dll+0x1a8a1c]
V  [jvm.dll+0x1a95b6]
V  [jvm.dll+0x2ae784]
V  [jvm.dll+0x6979f5]
V  [jvm.dll+0x68f9ab]
V  [jvm.dll+0x68efe7]
V  [jvm.dll+0x68ced2]
V  [jvm.dll+0x1a8a1c]
V  [jvm.dll+0x1a95b6]
V  [jvm.dll+0x2ae784]
V  [jvm.dll+0x6979f5]
V  [jvm.dll+0x68f9ab]
V  [jvm.dll+0x68efe7]
V  [jvm.dll+0x68ced2]
V  [jvm.dll+0x1a8a1c]
V  [jvm.dll+0x1a95b6]
V  [jvm.dll+0x1a95b6]
V  [jvm.dll+0x2ae784]
V  [jvm.dll+0x6979f5]
V  [jvm.dll+0x68f9ab]
V  [jvm.dll+0x68efe7]
V  [jvm.dll+0x68ced2]
V  [jvm.dll+0x1a8a1c]
V  [jvm.dll+0x1a95b6]
V  [jvm.dll+0x2ae784]
V  [jvm.dll+0x6979f5]
V  [jvm.dll+0x68f9ab]
V  [jvm.dll+0x68efe7]
V  [jvm.dll+0x68ced2]
V  [jvm.dll+0x1a8a1c]
V  [jvm.dll+0x1a95b6]
V  [jvm.dll+0x2ae784]
V  [jvm.dll+0x6979f5]
V  [jvm.dll+0x68f9ab]
V  [jvm.dll+0x68efe7]
V  [jvm.dll+0x68ced2]
V  [jvm.dll+0x1a8a1c]
V  [jvm.dll+0x2194f8]
V  [jvm.dll+0x1a57bd]
V  [jvm.dll+0x22966d]
V  [jvm.dll+0x22781c]
V  [jvm.dll+0x7ebec7]
V  [jvm.dll+0x7e62ac]
V  [jvm.dll+0x67e3c7]
C  [ucrtbase.dll+0x29333]
C  [KERNEL32.DLL+0x1257d]
C  [ntdll.dll+0x5af08]


---------------  P R O C E S S  ---------------

Threads class SMR info:
_java_thread_list=0x000002c6fca74b30, length=39, elements={
0x000002c6b370d470, 0x000002c6b370e2f0, 0x000002c6b3721240, 0x000002c6b3721e00,
0x000002c6b37247d0, 0x000002c6b3725190, 0x000002c6b3725f30, 0x000002c6b3791820,
0x000002c6b37965f0, 0x000002c6b392f570, 0x000002c6f91b7860, 0x000002c6f91b7d40,
0x000002c6fad2b070, 0x000002c6fb87e750, 0x000002c6fb19b6f0, 0x000002c6fc6cd020,
0x000002c6fc6cb6d0, 0x000002c6fc6cdf50, 0x000002c6fc6cc0f0, 0x000002c6fc6ccb10,
0x000002c6f95d1b10, 0x000002c6f95d2020, 0x000002c6f95cfcb0, 0x000002c6f95d10f0,
0x000002c6f95d0be0, 0x000002c6f95d1600, 0x000002c6f95cf290, 0x000002c6f95d01c0,
0x000002c6f95d06d0, 0x000002c6f95ce870, 0x000002c6f95ced80, 0x000002c6fd9077f0,
0x000002c6fd90b9c0, 0x000002c6fd90c8f0, 0x000002c6fd90c3e0, 0x000002c6fd907d00,
0x000002c6fd906dd0, 0x000002c6fd90bed0, 0x000002c6fd908720
}

Java Threads: ( => current thread )
  0x000002c6b370d470 JavaThread "Reference Handler" daemon [_thread_blocked, id=4280, stack(0x000000d1ccb00000,0x000000d1ccc00000)]
  0x000002c6b370e2f0 JavaThread "Finalizer" daemon [_thread_blocked, id=7140, stack(0x000000d1ccc00000,0x000000d1ccd00000)]
  0x000002c6b3721240 JavaThread "Signal Dispatcher" daemon [_thread_blocked, id=8544, stack(0x000000d1ccd00000,0x000000d1cce00000)]
  0x000002c6b3721e00 JavaThread "Attach Listener" daemon [_thread_blocked, id=2612, stack(0x000000d1cce00000,0x000000d1ccf00000)]
  0x000002c6b37247d0 JavaThread "Service Thread" daemon [_thread_blocked, id=5872, stack(0x000000d1ccf00000,0x000000d1cd000000)]
  0x000002c6b3725190 JavaThread "Monitor Deflation Thread" daemon [_thread_blocked, id=6800, stack(0x000000d1cd000000,0x000000d1cd100000)]
=>0x000002c6b3725f30 JavaThread "C2 CompilerThread0" daemon [_thread_in_vm, id=10596, stack(0x000000d1cd100000,0x000000d1cd200000)]
  0x000002c6b3791820 JavaThread "C1 CompilerThread0" daemon [_thread_blocked, id=6268, stack(0x000000d1cd200000,0x000000d1cd300000)]
  0x000002c6b37965f0 JavaThread "Sweeper thread" daemon [_thread_blocked, id=4156, stack(0x000000d1cd300000,0x000000d1cd400000)]
  0x000002c6b392f570 JavaThread "Common-Cleaner" daemon [_thread_blocked, id=5884, stack(0x000000d1cd400000,0x000000d1cd500000)]
  0x000002c6f91b7860 JavaThread "Monitor Ctrl-Break" daemon [_thread_in_native, id=6632, stack(0x000000d1cd700000,0x000000d1cd800000)]
  0x000002c6f91b7d40 JavaThread "Notification Thread" daemon [_thread_blocked, id=3052, stack(0x000000d1cd800000,0x000000d1cd900000)]
  0x000002c6fad2b070 JavaThread "Catalina-utility-1" [_thread_blocked, id=7732, stack(0x000000d1cd600000,0x000000d1cd700000)]
  0x000002c6fb87e750 JavaThread "Catalina-utility-2" [_thread_blocked, id=10820, stack(0x000000d1cde00000,0x000000d1cdf00000)]
  0x000002c6fb19b6f0 JavaThread "container-0" [_thread_blocked, id=2680, stack(0x000000d1cdf00000,0x000000d1ce000000)]
  0x000002c6fc6cd020 JavaThread "PostgreSQL-JDBC-Cleaner" daemon [_thread_blocked, id=8044, stack(0x000000d1ce100000,0x000000d1ce200000)]
  0x000002c6fc6cb6d0 JavaThread "HikariPool-1 housekeeper" daemon [_thread_blocked, id=4008, stack(0x000000d1ce200000,0x000000d1ce300000)]
  0x000002c6fc6cdf50 JavaThread "spring.cloud.inetutils" daemon [_thread_blocked, id=11592, stack(0x000000d1ce400000,0x000000d1ce500000)]
  0x000002c6fc6cc0f0 JavaThread "spectator-gauge-polling-0" daemon [_thread_blocked, id=232, stack(0x000000d1ce300000,0x000000d1ce400000)]
  0x000002c6fc6ccb10 JavaThread "AsyncResolver-bootstrap-%d" daemon [_thread_blocked, id=3740, stack(0x000000d1ce500000,0x000000d1ce600000)]
  0x000002c6f95d1b10 JavaThread "DiscoveryClient-%d" daemon [_thread_blocked, id=9576, stack(0x000000d1cdd00000,0x000000d1cde00000)]
  0x000002c6f95d2020 JavaThread "DiscoveryClient-%d" daemon [_thread_blocked, id=10016, stack(0x000000d1ce600000,0x000000d1ce700000)]
  0x000002c6f95cfcb0 JavaThread "DiscoveryClient-InstanceInfoReplicator-%d" daemon [_thread_blocked, id=4264, stack(0x000000d1ce700000,0x000000d1ce800000)]
  0x000002c6f95d10f0 JavaThread "http-nio-8080-exec-1" daemon [_thread_blocked, id=10104, stack(0x000000d1ce800000,0x000000d1ce900000)]
  0x000002c6f95d0be0 JavaThread "http-nio-8080-exec-2" daemon [_thread_blocked, id=11948, stack(0x000000d1ce900000,0x000000d1cea00000)]
  0x000002c6f95d1600 JavaThread "http-nio-8080-exec-3" daemon [_thread_blocked, id=8600, stack(0x000000d1cea00000,0x000000d1ceb00000)]
  0x000002c6f95cf290 JavaThread "http-nio-8080-exec-4" daemon [_thread_blocked, id=1300, stack(0x000000d1ceb00000,0x000000d1cec00000)]
  0x000002c6f95d01c0 JavaThread "http-nio-8080-exec-5" daemon [_thread_blocked, id=11668, stack(0x000000d1cec00000,0x000000d1ced00000)]
  0x000002c6f95d06d0 JavaThread "http-nio-8080-exec-6" daemon [_thread_blocked, id=7596, stack(0x000000d1ced00000,0x000000d1cee00000)]
  0x000002c6f95ce870 JavaThread "http-nio-8080-exec-7" daemon [_thread_blocked, id=10620, stack(0x000000d1cee00000,0x000000d1cef00000)]
  0x000002c6f95ced80 JavaThread "http-nio-8080-exec-8" daemon [_thread_blocked, id=7056, stack(0x000000d1cef00000,0x000000d1cf000000)]
  0x000002c6fd9077f0 JavaThread "http-nio-8080-exec-9" daemon [_thread_blocked, id=6368, stack(0x000000d1cf000000,0x000000d1cf100000)]
  0x000002c6fd90b9c0 JavaThread "http-nio-8080-exec-10" daemon [_thread_blocked, id=1720, stack(0x000000d1cf100000,0x000000d1cf200000)]
  0x000002c6fd90c8f0 JavaThread "http-nio-8080-Poller" daemon [_thread_in_native, id=4344, stack(0x000000d1cf300000,0x000000d1cf400000)]
  0x000002c6fd90c3e0 JavaThread "http-nio-8080-Acceptor" daemon [_thread_in_native, id=7856, stack(0x000000d1cf400000,0x000000d1cf500000)]
  0x000002c6fd907d00 JavaThread "DestroyJavaVM" [_thread_blocked, id=5304, stack(0x000000d1cc400000,0x000000d1cc500000)]
  0x000002c6fd906dd0 JavaThread "DiscoveryClient-HeartbeatExecutor-%d" daemon [_thread_blocked, id=4016, stack(0x000000d1cf600000,0x000000d1cf700000)]
  0x000002c6fd90bed0 JavaThread "DiscoveryClient-CacheRefreshExecutor-%d" daemon [_thread_blocked, id=3628, stack(0x000000d1cf700000,0x000000d1cf800000)]
  0x000002c6fd908720 JavaThread "AsyncResolver-bootstrap-executor-%d" daemon [_thread_blocked, id=12184, stack(0x000000d1cc300000,0x000000d1cc400000)]

Other Threads:
  0x000002c6b37080c0 VMThread "VM Thread" [stack: 0x000000d1cca00000,0x000000d1ccb00000] [id=6832]
  0x000002c6f9214070 WatcherThread [stack: 0x000000d1cd900000,0x000000d1cda00000] [id=11556]
  0x000002c696f16260 GCTaskThread "GC Thread#0" [stack: 0x000000d1cc500000,0x000000d1cc600000] [id=8904]
  0x000002c6f90d2f10 GCTaskThread "GC Thread#1" [stack: 0x000000d1cda00000,0x000000d1cdb00000] [id=3528]
  0x000002c6f99c3c10 GCTaskThread "GC Thread#2" [stack: 0x000000d1cdb00000,0x000000d1cdc00000] [id=11140]
  0x000002c6f9357820 GCTaskThread "GC Thread#3" [stack: 0x000000d1cdc00000,0x000000d1cdd00000] [id=5080]
  0x000002c696f22ff0 ConcurrentGCThread "G1 Main Marker" [stack: 0x000000d1cc600000,0x000000d1cc700000] [id=2304]
  0x000002c696f23a10 ConcurrentGCThread "G1 Conc#0" [stack: 0x000000d1cc700000,0x000000d1cc800000] [id=1776]
  0x000002c696f62d60 ConcurrentGCThread "G1 Refine#0" [stack: 0x000000d1cc800000,0x000000d1cc900000] [id=7460]
  0x000002c696f63790 ConcurrentGCThread "G1 Service" [stack: 0x000000d1cc900000,0x000000d1cca00000] [id=11844]

Threads with active compile tasks:
C2 CompilerThread0  1507735 6890       4       java.util.concurrent.ScheduledThreadPoolExecutor$DelayedWorkQueue::add (9 bytes)

VM state: not at safepoint (normal execution)

VM Mutex/Monitor currently owned by a thread: None

Heap address: 0x00000000a0e00000, size: 1522 MB, Compressed Oops mode: 32-bit

CDS archive(s) mapped at: [0x000002c6b4000000-0x000002c6b4bb0000-0x000002c6b4bb0000), size 12255232, SharedBaseAddress: 0x000002c6b4000000, ArchiveRelocationMode: 1.
Compressed class space mapped at: 0x000002c6b5000000-0x000002c6f5000000, reserved size: 1073741824
Narrow klass base: 0x000002c6b4000000, Narrow klass shift: 0, Narrow klass range: 0x100000000

GC Precious Log:
 CPUs: 4 total, 4 available
 Memory: 6086M
 Large Page Support: Disabled
 NUMA Support: Disabled
 Compressed Oops: Enabled (32-bit)
 Heap Region Size: 1M
 Heap Min Capacity: 8M
 Heap Initial Capacity: 96M
 Heap Max Capacity: 1522M
 Pre-touch: Disabled
 Parallel Workers: 4
 Concurrent Workers: 1
 Concurrent Refinement Workers: 4
 Periodic GC: Disabled

Heap:
 garbage-first heap   total 116736K, used 61930K [0x00000000a0e00000, 0x0000000100000000)
  region size 1024K, 32 young (32768K), 2 survivors (2048K)
 Metaspace       used 69144K, committed 69696K, reserved 1114112K
  class space    used 9495K, committed 9728K, reserved 1048576K

Heap Regions: E=young(eden), S=young(survivor), O=old, HS=humongous(starts), HC=humongous(continues), CS=collection set, F=free, OA=open archive, CA=closed archive, TAMS=top-at-mark-start (previous, next)
|   0|0x00000000a0e00000, 0x00000000a0f00000, 0x00000000a0f00000|100%|HS|  |TAMS 0x00000000a0f00000, 0x00000000a0e00000| Complete 
|   1|0x00000000a0f00000, 0x00000000a1000000, 0x00000000a1000000|100%|HS|  |TAMS 0x00000000a1000000, 0x00000000a0f00000| Complete 
|   2|0x00000000a1000000, 0x00000000a1100000, 0x00000000a1100000|100%| O|  |TAMS 0x00000000a1100000, 0x00000000a1000000| Untracked 
|   3|0x00000000a1100000, 0x00000000a1200000, 0x00000000a1200000|100%| O|  |TAMS 0x00000000a1200000, 0x00000000a1100000| Untracked 
|   4|0x00000000a1200000, 0x00000000a1300000, 0x00000000a1300000|100%| O|  |TAMS 0x00000000a1300000, 0x00000000a1200000| Untracked 
|   5|0x00000000a1300000, 0x00000000a1400000, 0x00000000a1400000|100%| O|  |TAMS 0x00000000a1400000, 0x00000000a1300000| Untracked 
|   6|0x00000000a1400000, 0x00000000a1500000, 0x00000000a1500000|100%| O|  |TAMS 0x00000000a1500000, 0x00000000a1400000| Untracked 
|   7|0x00000000a1500000, 0x00000000a1600000, 0x00000000a1600000|100%| O|  |TAMS 0x00000000a1600000, 0x00000000a1500000| Untracked 
|   8|0x00000000a1600000, 0x00000000a1700000, 0x00000000a1700000|100%| O|  |TAMS 0x00000000a1700000, 0x00000000a1600000| Untracked 
|   9|0x00000000a1700000, 0x00000000a1800000, 0x00000000a1800000|100%| O|  |TAMS 0x00000000a1800000, 0x00000000a1700000| Untracked 
|  10|0x00000000a1800000, 0x00000000a1900000, 0x00000000a1900000|100%| O|  |TAMS 0x00000000a1900000, 0x00000000a1800000| Untracked 
|  11|0x00000000a1900000, 0x00000000a1900000, 0x00000000a1a00000|  0%| F|  |TAMS 0x00000000a1900000, 0x00000000a1900000| Untracked 
|  12|0x00000000a1a00000, 0x00000000a1b00000, 0x00000000a1b00000|100%| O|  |TAMS 0x00000000a1b00000, 0x00000000a1a00000| Untracked 
|  13|0x00000000a1b00000, 0x00000000a1c00000, 0x00000000a1c00000|100%| O|  |TAMS 0x00000000a1c00000, 0x00000000a1b00000| Untracked 
|  14|0x00000000a1c00000, 0x00000000a1d00000, 0x00000000a1d00000|100%| O|  |TAMS 0x00000000a1d00000, 0x00000000a1c00000| Untracked 
|  15|0x00000000a1d00000, 0x00000000a1e00000, 0x00000000a1e00000|100%| O|  |TAMS 0x00000000a1e00000, 0x00000000a1d00000| Untracked 
|  16|0x00000000a1e00000, 0x00000000a1f00000, 0x00000000a1f00000|100%| O|  |TAMS 0x00000000a1f00000, 0x00000000a1e00000| Untracked 
|  17|0x00000000a1f00000, 0x00000000a2000000, 0x00000000a2000000|100%| O|  |TAMS 0x00000000a2000000, 0x00000000a1f00000| Untracked 
|  18|0x00000000a2000000, 0x00000000a2100000, 0x00000000a2100000|100%| O|  |TAMS 0x00000000a2100000, 0x00000000a2000000| Untracked 
|  19|0x00000000a2100000, 0x00000000a2200000, 0x00000000a2200000|100%| O|  |TAMS 0x00000000a2200000, 0x00000000a2100000| Untracked 
|  20|0x00000000a2200000, 0x00000000a2300000, 0x00000000a2300000|100%| O|  |TAMS 0x00000000a2300000, 0x00000000a2200000| Untracked 
|  21|0x00000000a2300000, 0x00000000a2400000, 0x00000000a2400000|100%| O|  |TAMS 0x00000000a2400000, 0x00000000a2300000| Untracked 
|  22|0x00000000a2400000, 0x00000000a2500000, 0x00000000a2500000|100%| O|  |TAMS 0x00000000a2500000, 0x00000000a2400000| Untracked 
|  23|0x00000000a2500000, 0x00000000a2600000, 0x00000000a2600000|100%| O|  |TAMS 0x00000000a2600000, 0x00000000a2500000| Untracked 
|  24|0x00000000a2600000, 0x00000000a2700000, 0x00000000a2700000|100%| O|  |TAMS 0x00000000a2700000, 0x00000000a2600000| Untracked 
|  25|0x00000000a2700000, 0x00000000a2800000, 0x00000000a2800000|100%| O|  |TAMS 0x00000000a2800000, 0x00000000a2700000| Untracked 
|  26|0x00000000a2800000, 0x00000000a2900000, 0x00000000a2900000|100%| O|  |TAMS 0x00000000a2900000, 0x00000000a2800000| Untracked 
|  27|0x00000000a2900000, 0x00000000a2a00000, 0x00000000a2a00000|100%| O|  |TAMS 0x00000000a2a00000, 0x00000000a2900000| Untracked 
|  28|0x00000000a2a00000, 0x00000000a2b00000, 0x00000000a2b00000|100%| O|  |TAMS 0x00000000a2b00000, 0x00000000a2a00000| Untracked 
|  29|0x00000000a2b00000, 0x00000000a2c00000, 0x00000000a2c00000|100%| O|  |TAMS 0x00000000a2c00000, 0x00000000a2b00000| Untracked 
|  30|0x00000000a2c00000, 0x00000000a2c7aa00, 0x00000000a2d00000| 47%| O|  |TAMS 0x00000000a2c40000, 0x00000000a2c00000| Untracked 
|  31|0x00000000a2d00000, 0x00000000a2d00000, 0x00000000a2e00000|  0%| F|  |TAMS 0x00000000a2d00000, 0x00000000a2d00000| Untracked 
|  32|0x00000000a2e00000, 0x00000000a2e00000, 0x00000000a2f00000|  0%| F|  |TAMS 0x00000000a2e00000, 0x00000000a2e00000| Untracked 
|  33|0x00000000a2f00000, 0x00000000a2f00000, 0x00000000a3000000|  0%| F|  |TAMS 0x00000000a2f00000, 0x00000000a2f00000| Untracked 
|  34|0x00000000a3000000, 0x00000000a3000000, 0x00000000a3100000|  0%| F|  |TAMS 0x00000000a3000000, 0x00000000a3000000| Untracked 
|  35|0x00000000a3100000, 0x00000000a3100000, 0x00000000a3200000|  0%| F|  |TAMS 0x00000000a3100000, 0x00000000a3100000| Untracked 
|  36|0x00000000a3200000, 0x00000000a3200000, 0x00000000a3300000|  0%| F|  |TAMS 0x00000000a3200000, 0x00000000a3200000| Untracked 
|  37|0x00000000a3300000, 0x00000000a3300000, 0x00000000a3400000|  0%| F|  |TAMS 0x00000000a3300000, 0x00000000a3300000| Untracked 
|  38|0x00000000a3400000, 0x00000000a3400000, 0x00000000a3500000|  0%| F|  |TAMS 0x00000000a3400000, 0x00000000a3400000| Untracked 
|  39|0x00000000a3500000, 0x00000000a3600000, 0x00000000a3600000|100%| S|CS|TAMS 0x00000000a3500000, 0x00000000a3500000| Complete 
|  40|0x00000000a3600000, 0x00000000a3700000, 0x00000000a3700000|100%| S|CS|TAMS 0x00000000a3600000, 0x00000000a3600000| Complete 
|  41|0x00000000a3700000, 0x00000000a3700000, 0x00000000a3800000|  0%| F|  |TAMS 0x00000000a3700000, 0x00000000a3700000| Untracked 
|  42|0x00000000a3800000, 0x00000000a3800000, 0x00000000a3900000|  0%| F|  |TAMS 0x00000000a3800000, 0x00000000a3800000| Untracked 
|  43|0x00000000a3900000, 0x00000000a3900000, 0x00000000a3a00000|  0%| F|  |TAMS 0x00000000a3900000, 0x00000000a3900000| Untracked 
|  44|0x00000000a3a00000, 0x00000000a3a00000, 0x00000000a3b00000|  0%| F|  |TAMS 0x00000000a3a00000, 0x00000000a3a00000| Untracked 
|  45|0x00000000a3b00000, 0x00000000a3b00000, 0x00000000a3c00000|  0%| F|  |TAMS 0x00000000a3b00000, 0x00000000a3b00000| Untracked 
|  46|0x00000000a3c00000, 0x00000000a3c00000, 0x00000000a3d00000|  0%| F|  |TAMS 0x00000000a3c00000, 0x00000000a3c00000| Untracked 
|  47|0x00000000a3d00000, 0x00000000a3d00000, 0x00000000a3e00000|  0%| F|  |TAMS 0x00000000a3d00000, 0x00000000a3d00000| Untracked 
|  48|0x00000000a3e00000, 0x00000000a3e00000, 0x00000000a3f00000|  0%| F|  |TAMS 0x00000000a3e00000, 0x00000000a3e00000| Untracked 
|  49|0x00000000a3f00000, 0x00000000a3f00000, 0x00000000a4000000|  0%| F|  |TAMS 0x00000000a3f00000, 0x00000000a3f00000| Untracked 
|  50|0x00000000a4000000, 0x00000000a4000000, 0x00000000a4100000|  0%| F|  |TAMS 0x00000000a4000000, 0x00000000a4000000| Untracked 
|  51|0x00000000a4100000, 0x00000000a4100000, 0x00000000a4200000|  0%| F|  |TAMS 0x00000000a4100000, 0x00000000a4100000| Untracked 
|  52|0x00000000a4200000, 0x00000000a4200000, 0x00000000a4300000|  0%| F|  |TAMS 0x00000000a4200000, 0x00000000a4200000| Untracked 
|  53|0x00000000a4300000, 0x00000000a4300000, 0x00000000a4400000|  0%| F|  |TAMS 0x00000000a4300000, 0x00000000a4300000| Untracked 
|  54|0x00000000a4400000, 0x00000000a4400000, 0x00000000a4500000|  0%| F|  |TAMS 0x00000000a4400000, 0x00000000a4400000| Untracked 
|  55|0x00000000a4500000, 0x00000000a4500000, 0x00000000a4600000|  0%| F|  |TAMS 0x00000000a4500000, 0x00000000a4500000| Untracked 
|  56|0x00000000a4600000, 0x00000000a4600000, 0x00000000a4700000|  0%| F|  |TAMS 0x00000000a4600000, 0x00000000a4600000| Untracked 
|  57|0x00000000a4700000, 0x00000000a4700000, 0x00000000a4800000|  0%| F|  |TAMS 0x00000000a4700000, 0x00000000a4700000| Untracked 
|  58|0x00000000a4800000, 0x00000000a4800000, 0x00000000a4900000|  0%| F|  |TAMS 0x00000000a4800000, 0x00000000a4800000| Untracked 
|  59|0x00000000a4900000, 0x00000000a4900000, 0x00000000a4a00000|  0%| F|  |TAMS 0x00000000a4900000, 0x00000000a4900000| Untracked 
|  60|0x00000000a4a00000, 0x00000000a4a00000, 0x00000000a4b00000|  0%| F|  |TAMS 0x00000000a4a00000, 0x00000000a4a00000| Untracked 
|  61|0x00000000a4b00000, 0x00000000a4b00000, 0x00000000a4c00000|  0%| F|  |TAMS 0x00000000a4b00000, 0x00000000a4b00000| Untracked 
|  62|0x00000000a4c00000, 0x00000000a4c00000, 0x00000000a4d00000|  0%| F|  |TAMS 0x00000000a4c00000, 0x00000000a4c00000| Untracked 
|  63|0x00000000a4d00000, 0x00000000a4d00000, 0x00000000a4e00000|  0%| F|  |TAMS 0x00000000a4d00000, 0x00000000a4d00000| Untracked 
|  64|0x00000000a4e00000, 0x00000000a4e00000, 0x00000000a4f00000|  0%| F|  |TAMS 0x00000000a4e00000, 0x00000000a4e00000| Untracked 
|  65|0x00000000a4f00000, 0x00000000a4f00000, 0x00000000a5000000|  0%| F|  |TAMS 0x00000000a4f00000, 0x00000000a4f00000| Untracked 
|  66|0x00000000a5000000, 0x00000000a5000000, 0x00000000a5100000|  0%| F|  |TAMS 0x00000000a5000000, 0x00000000a5000000| Untracked 
|  67|0x00000000a5100000, 0x00000000a5100000, 0x00000000a5200000|  0%| F|  |TAMS 0x00000000a5100000, 0x00000000a5100000| Untracked 
|  68|0x00000000a5200000, 0x00000000a5200000, 0x00000000a5300000|  0%| F|  |TAMS 0x00000000a5200000, 0x00000000a5200000| Untracked 
|  69|0x00000000a5300000, 0x00000000a5300000, 0x00000000a5400000|  0%| F|  |TAMS 0x00000000a5300000, 0x00000000a5300000| Untracked 
|  70|0x00000000a5400000, 0x00000000a5400000, 0x00000000a5500000|  0%| F|  |TAMS 0x00000000a5400000, 0x00000000a5400000| Untracked 
|  71|0x00000000a5500000, 0x00000000a5500000, 0x00000000a5600000|  0%| F|  |TAMS 0x00000000a5500000, 0x00000000a5500000| Untracked 
|  72|0x00000000a5600000, 0x00000000a5600000, 0x00000000a5700000|  0%| F|  |TAMS 0x00000000a5600000, 0x00000000a5600000| Untracked 
|  73|0x00000000a5700000, 0x00000000a5700000, 0x00000000a5800000|  0%| F|  |TAMS 0x00000000a5700000, 0x00000000a5700000| Untracked 
|  74|0x00000000a5800000, 0x00000000a5800000, 0x00000000a5900000|  0%| F|  |TAMS 0x00000000a5800000, 0x00000000a5800000| Untracked 
|  75|0x00000000a5900000, 0x00000000a5900000, 0x00000000a5a00000|  0%| F|  |TAMS 0x00000000a5900000, 0x00000000a5900000| Untracked 
|  76|0x00000000a5a00000, 0x00000000a5a00000, 0x00000000a5b00000|  0%| F|  |TAMS 0x00000000a5a00000, 0x00000000a5a00000| Untracked 
|  77|0x00000000a5b00000, 0x00000000a5b00000, 0x00000000a5c00000|  0%| F|  |TAMS 0x00000000a5b00000, 0x00000000a5b00000| Untracked 
|  78|0x00000000a5c00000, 0x00000000a5c00000, 0x00000000a5d00000|  0%| F|  |TAMS 0x00000000a5c00000, 0x00000000a5c00000| Untracked 
|  79|0x00000000a5d00000, 0x00000000a5d00000, 0x00000000a5e00000|  0%| F|  |TAMS 0x00000000a5d00000, 0x00000000a5d00000| Untracked 
|  80|0x00000000a5e00000, 0x00000000a5e00000, 0x00000000a5f00000|  0%| F|  |TAMS 0x00000000a5e00000, 0x00000000a5e00000| Untracked 
|  81|0x00000000a5f00000, 0x00000000a5f00000, 0x00000000a6000000|  0%| F|  |TAMS 0x00000000a5f00000, 0x00000000a5f00000| Untracked 
|  82|0x00000000a6000000, 0x00000000a6000000, 0x00000000a6100000|  0%| F|  |TAMS 0x00000000a6000000, 0x00000000a6000000| Untracked 
|  83|0x00000000a6100000, 0x00000000a6100000, 0x00000000a6200000|  0%| F|  |TAMS 0x00000000a6100000, 0x00000000a6100000| Untracked 
|  84|0x00000000a6200000, 0x00000000a62df3d0, 0x00000000a6300000| 87%| E|  |TAMS 0x00000000a6200000, 0x00000000a6200000| Complete 
|  85|0x00000000a6300000, 0x00000000a6400000, 0x00000000a6400000|100%| E|CS|TAMS 0x00000000a6300000, 0x00000000a6300000| Complete 
|  86|0x00000000a6400000, 0x00000000a6500000, 0x00000000a6500000|100%| E|CS|TAMS 0x00000000a6400000, 0x00000000a6400000| Complete 
|  87|0x00000000a6500000, 0x00000000a6600000, 0x00000000a6600000|100%| E|CS|TAMS 0x00000000a6500000, 0x00000000a6500000| Complete 
|  88|0x00000000a6600000, 0x00000000a6700000, 0x00000000a6700000|100%| E|CS|TAMS 0x00000000a6600000, 0x00000000a6600000| Complete 
|  89|0x00000000a6700000, 0x00000000a6800000, 0x00000000a6800000|100%| E|CS|TAMS 0x00000000a6700000, 0x00000000a6700000| Complete 
|  90|0x00000000a6800000, 0x00000000a6900000, 0x00000000a6900000|100%| E|CS|TAMS 0x00000000a6800000, 0x00000000a6800000| Complete 
|  91|0x00000000a6900000, 0x00000000a6a00000, 0x00000000a6a00000|100%| E|CS|TAMS 0x00000000a6900000, 0x00000000a6900000| Complete 
|  92|0x00000000a6a00000, 0x00000000a6b00000, 0x00000000a6b00000|100%| E|CS|TAMS 0x00000000a6a00000, 0x00000000a6a00000| Complete 
|  93|0x00000000a6b00000, 0x00000000a6c00000, 0x00000000a6c00000|100%| E|CS|TAMS 0x00000000a6b00000, 0x00000000a6b00000| Complete 
|  94|0x00000000a6c00000, 0x00000000a6d00000, 0x00000000a6d00000|100%| E|CS|TAMS 0x00000000a6c00000, 0x00000000a6c00000| Complete 
|  95|0x00000000a6d00000, 0x00000000a6e00000, 0x00000000a6e00000|100%| E|CS|TAMS 0x00000000a6d00000, 0x00000000a6d00000| Complete 
|  96|0x00000000a6e00000, 0x00000000a6f00000, 0x00000000a6f00000|100%| E|CS|TAMS 0x00000000a6e00000, 0x00000000a6e00000| Complete 
|  97|0x00000000a6f00000, 0x00000000a7000000, 0x00000000a7000000|100%| E|CS|TAMS 0x00000000a6f00000, 0x00000000a6f00000| Complete 
|  98|0x00000000a7000000, 0x00000000a7100000, 0x00000000a7100000|100%| E|CS|TAMS 0x00000000a7000000, 0x00000000a7000000| Complete 
|  99|0x00000000a7100000, 0x00000000a7200000, 0x00000000a7200000|100%| E|CS|TAMS 0x00000000a7100000, 0x00000000a7100000| Complete 
| 100|0x00000000a7200000, 0x00000000a7300000, 0x00000000a7300000|100%| E|CS|TAMS 0x00000000a7200000, 0x00000000a7200000| Complete 
| 101|0x00000000a7300000, 0x00000000a7400000, 0x00000000a7400000|100%| E|CS|TAMS 0x00000000a7300000, 0x00000000a7300000| Complete 
| 102|0x00000000a7400000, 0x00000000a7500000, 0x00000000a7500000|100%| E|CS|TAMS 0x00000000a7400000, 0x00000000a7400000| Complete 
| 103|0x00000000a7500000, 0x00000000a7600000, 0x00000000a7600000|100%| E|CS|TAMS 0x00000000a7500000, 0x00000000a7500000| Complete 
| 104|0x00000000a7600000, 0x00000000a7700000, 0x00000000a7700000|100%| E|CS|TAMS 0x00000000a7600000, 0x00000000a7600000| Complete 
| 105|0x00000000a7700000, 0x00000000a7800000, 0x00000000a7800000|100%| E|CS|TAMS 0x00000000a7700000, 0x00000000a7700000| Complete 
| 106|0x00000000a7800000, 0x00000000a7900000, 0x00000000a7900000|100%| E|CS|TAMS 0x00000000a7800000, 0x00000000a7800000| Complete 
| 107|0x00000000a7900000, 0x00000000a7a00000, 0x00000000a7a00000|100%| E|CS|TAMS 0x00000000a7900000, 0x00000000a7900000| Complete 
| 108|0x00000000a7a00000, 0x00000000a7b00000, 0x00000000a7b00000|100%| E|CS|TAMS 0x00000000a7a00000, 0x00000000a7a00000| Complete 
| 109|0x00000000a7b00000, 0x00000000a7c00000, 0x00000000a7c00000|100%| E|CS|TAMS 0x00000000a7b00000, 0x00000000a7b00000| Complete 
| 110|0x00000000a7c00000, 0x00000000a7d00000, 0x00000000a7d00000|100%| E|CS|TAMS 0x00000000a7c00000, 0x00000000a7c00000| Complete 
| 111|0x00000000a7d00000, 0x00000000a7e00000, 0x00000000a7e00000|100%| E|CS|TAMS 0x00000000a7d00000, 0x00000000a7d00000| Complete 
| 112|0x00000000a7e00000, 0x00000000a7f00000, 0x00000000a7f00000|100%| E|CS|TAMS 0x00000000a7e00000, 0x00000000a7e00000| Complete 
| 113|0x00000000a7f00000, 0x00000000a8000000, 0x00000000a8000000|100%| E|CS|TAMS 0x00000000a7f00000, 0x00000000a7f00000| Complete 

Card table byte_map: [0x000002c6adce0000,0x000002c6adfe0000] _byte_map_base: 0x000002c6ad7d9000

Marking Bits (Prev, Next): (CMBitMap*) 0x000002c696f16880, (CMBitMap*) 0x000002c696f168c0
 Prev Bits: [0x000002c6ae2e0000, 0x000002c6afaa8000)
 Next Bits: [0x000002c6afab0000, 0x000002c6b1278000)

Polling page: 0x000002c694e60000

Metaspace:

Usage:
  Non-class:     58.25 MB used.
      Class:      9.27 MB used.
       Both:     67.52 MB used.

Virtual space:
  Non-class space:       64.00 MB reserved,      58.56 MB ( 92%) committed,  1 nodes.
      Class space:        1.00 GB reserved,       9.50 MB ( <1%) committed,  1 nodes.
             Both:        1.06 GB reserved,      68.06 MB (  6%) committed. 

Chunk freelists:
   Non-Class:  5.22 MB
       Class:  6.46 MB
        Both:  11.68 MB

MaxMetaspaceSize: unlimited
CompressedClassSpaceSize: 1.00 GB
Initial GC threshold: 21.00 MB
Current GC threshold: 105.31 MB
CDS: on
MetaspaceReclaimPolicy: balanced
 - commit_granule_bytes: 65536.
 - commit_granule_words: 8192.
 - virtual_space_node_default_size: 8388608.
 - enlarge_chunks_in_place: 1.
 - new_chunks_are_fully_committed: 0.
 - uncommit_free_chunks: 1.
 - use_allocation_guard: 0.
 - handle_deallocations: 1.


Internal statistics:

num_allocs_failed_limit: 9.
num_arena_births: 742.
num_arena_deaths: 0.
num_vsnodes_births: 2.
num_vsnodes_deaths: 0.
num_space_committed: 1089.
num_space_uncommitted: 0.
num_chunks_returned_to_freelist: 9.
num_chunks_taken_from_freelist: 3237.
num_chunk_merges: 9.
num_chunk_splits: 2356.
num_chunks_enlarged: 1857.
num_inconsistent_stats: 0.

CodeHeap 'non-profiled nmethods': size=120000Kb used=4560Kb max_used=4560Kb free=115439Kb
 bounds [0x000002c6a64b0000, 0x000002c6a6930000, 0x000002c6ad9e0000]
CodeHeap 'profiled nmethods': size=120000Kb used=12138Kb max_used=12138Kb free=107862Kb
 bounds [0x000002c69e9e0000, 0x000002c69f5c0000, 0x000002c6a5f10000]
CodeHeap 'non-nmethods': size=5760Kb used=1326Kb max_used=1386Kb free=4433Kb
 bounds [0x000002c6a5f10000, 0x000002c6a6180000, 0x000002c6a64b0000]
 total_blobs=6777 nmethods=6118 adapters=571
 compilation: enabled
              stopped_count=0, restarted_count=0
 full_count=0

Compilation events (20 events):
Event: 1467.819 Thread 0x000002c6b3725f30 nmethod 6879 0x000002c6a6922110 code [0x000002c6a69222e0, 0x000002c6a69226a8]
Event: 1467.819 Thread 0x000002c6b3725f30 6880       4       ch.qos.logback.classic.Logger::isDebugEnabled (67 bytes)
Event: 1467.830 Thread 0x000002c6b3725f30 nmethod 6880 0x000002c6a6922c10 code [0x000002c6a6922de0, 0x000002c6a69231e8]
Event: 1468.670 Thread 0x000002c6b3791820 6882   !   3       java.nio.charset.Charset::encode (31 bytes)
Event: 1468.672 Thread 0x000002c6b3791820 nmethod 6882 0x000002c69f5b7110 code [0x000002c69f5b7340, 0x000002c69f5b7c68]
Event: 1468.672 Thread 0x000002c6b3791820 6883       3       sun.nio.cs.ThreadLocalCoders::encoderFor (18 bytes)
Event: 1468.672 Thread 0x000002c6b3791820 nmethod 6883 0x000002c69f5b7f90 code [0x000002c69f5b8140, 0x000002c69f5b8548]
Event: 1468.694 Thread 0x000002c6b3791820 6884       3       com.fasterxml.jackson.core.JsonFactory$Feature::getMask (7 bytes)
Event: 1468.694 Thread 0x000002c6b3791820 nmethod 6884 0x000002c69f5b8690 code [0x000002c69f5b8820, 0x000002c69f5b8958]
Event: 1495.025 Thread 0x000002c6b3725f30 6885       4       java.util.concurrent.ScheduledThreadPoolExecutor$DelayedWorkQueue::siftUp (64 bytes)
Event: 1495.036 Thread 0x000002c6b3725f30 nmethod 6885 0x000002c6a6923710 code [0x000002c6a69238c0, 0x000002c6a6923db8]
Event: 1498.702 Thread 0x000002c6b3791820 6886       3       java.util.ImmutableCollections::listCopy (39 bytes)
Event: 1498.703 Thread 0x000002c6b3791820 nmethod 6886 0x000002c69f5b8a10 code [0x000002c69f5b8c00, 0x000002c69f5b92d8]
Event: 1498.706 Thread 0x000002c6b3791820 6887       3       org.springframework.util.MimeType::isWildcardType (10 bytes)
Event: 1498.706 Thread 0x000002c6b3791820 nmethod 6887 0x000002c69f5b9410 code [0x000002c69f5b95c0, 0x000002c69f5b97a8]
Event: 1498.707 Thread 0x000002c6b3791820 6888       3       sun.nio.cs.ThreadLocalCoders$2::hasName (43 bytes)
Event: 1498.708 Thread 0x000002c6b3791820 nmethod 6888 0x000002c69f5b9890 code [0x000002c69f5b9aa0, 0x000002c69f5ba458]
Event: 1498.730 Thread 0x000002c6b3791820 6889       3       com.fasterxml.jackson.core.JsonFactory$Feature::enabledIn (15 bytes)
Event: 1498.731 Thread 0x000002c6b3791820 nmethod 6889 0x000002c69f5ba690 code [0x000002c69f5ba820, 0x000002c69f5baa18]
Event: 1507.632 Thread 0x000002c6b3725f30 6890       4       java.util.concurrent.ScheduledThreadPoolExecutor$DelayedWorkQueue::add (9 bytes)

GC Heap History (20 events):
Event: 11.873 GC heap before
{Heap before GC invocations=8 (full 0):
 garbage-first heap   total 58368K, used 41820K [0x00000000a0e00000, 0x0000000100000000)
  region size 1024K, 22 young (22528K), 1 survivors (1024K)
 Metaspace       used 30656K, committed 31104K, reserved 1114112K
  class space    used 3992K, committed 4224K, reserved 1048576K
}
Event: 11.878 GC heap after
{Heap after GC invocations=9 (full 0):
 garbage-first heap   total 58368K, used 20443K [0x00000000a0e00000, 0x0000000100000000)
  region size 1024K, 2 young (2048K), 2 survivors (2048K)
 Metaspace       used 30656K, committed 31104K, reserved 1114112K
  class space    used 3992K, committed 4224K, reserved 1048576K
}
Event: 13.224 GC heap before
{Heap before GC invocations=9 (full 0):
 garbage-first heap   total 58368K, used 38875K [0x00000000a0e00000, 0x0000000100000000)
  region size 1024K, 22 young (22528K), 2 survivors (2048K)
 Metaspace       used 35570K, committed 35968K, reserved 1114112K
  class space    used 4712K, committed 4928K, reserved 1048576K
}
Event: 13.231 GC heap after
{Heap after GC invocations=10 (full 0):
 garbage-first heap   total 58368K, used 21527K [0x00000000a0e00000, 0x0000000100000000)
  region size 1024K, 2 young (2048K), 2 survivors (2048K)
 Metaspace       used 35570K, committed 35968K, reserved 1114112K
  class space    used 4712K, committed 4928K, reserved 1048576K
}
Event: 15.074 GC heap before
{Heap before GC invocations=11 (full 0):
 garbage-first heap   total 58368K, used 43031K [0x00000000a0e00000, 0x0000000100000000)
  region size 1024K, 24 young (24576K), 2 survivors (2048K)
 Metaspace       used 41422K, committed 41856K, reserved 1114112K
  class space    used 5594K, committed 5824K, reserved 1048576K
}
Event: 15.081 GC heap after
{Heap after GC invocations=12 (full 0):
 garbage-first heap   total 58368K, used 22976K [0x00000000a0e00000, 0x0000000100000000)
  region size 1024K, 3 young (3072K), 3 survivors (3072K)
 Metaspace       used 41422K, committed 41856K, reserved 1114112K
  class space    used 5594K, committed 5824K, reserved 1048576K
}
Event: 16.358 GC heap before
{Heap before GC invocations=12 (full 0):
 garbage-first heap   total 58368K, used 43456K [0x00000000a0e00000, 0x0000000100000000)
  region size 1024K, 24 young (24576K), 3 survivors (3072K)
 Metaspace       used 46344K, committed 46848K, reserved 1114112K
  class space    used 6239K, committed 6464K, reserved 1048576K
}
Event: 16.366 GC heap after
{Heap after GC invocations=13 (full 0):
 garbage-first heap   total 58368K, used 24171K [0x00000000a0e00000, 0x0000000100000000)
  region size 1024K, 2 young (2048K), 2 survivors (2048K)
 Metaspace       used 46344K, committed 46848K, reserved 1114112K
  class space    used 6239K, committed 6464K, reserved 1048576K
}
Event: 17.238 GC heap before
{Heap before GC invocations=13 (full 0):
 garbage-first heap   total 58368K, used 44651K [0x00000000a0e00000, 0x0000000100000000)
  region size 1024K, 22 young (22528K), 2 survivors (2048K)
 Metaspace       used 52492K, committed 52992K, reserved 1114112K
  class space    used 7290K, committed 7552K, reserved 1048576K
}
Event: 17.243 GC heap after
{Heap after GC invocations=14 (full 0):
 garbage-first heap   total 58368K, used 24931K [0x00000000a0e00000, 0x0000000100000000)
  region size 1024K, 3 young (3072K), 3 survivors (3072K)
 Metaspace       used 52492K, committed 52992K, reserved 1114112K
  class space    used 7290K, committed 7552K, reserved 1048576K
}
Event: 18.259 GC heap before
{Heap before GC invocations=14 (full 0):
 garbage-first heap   total 58368K, used 45411K [0x00000000a0e00000, 0x0000000100000000)
  region size 1024K, 23 young (23552K), 3 survivors (3072K)
 Metaspace       used 56856K, committed 57344K, reserved 1114112K
  class space    used 7871K, committed 8128K, reserved 1048576K
}
Event: 18.270 GC heap after
{Heap after GC invocations=15 (full 0):
 garbage-first heap   total 58368K, used 26643K [0x00000000a0e00000, 0x0000000100000000)
  region size 1024K, 3 young (3072K), 3 survivors (3072K)
 Metaspace       used 56856K, committed 57344K, reserved 1114112K
  class space    used 7871K, committed 8128K, reserved 1048576K
}
Event: 19.366 GC heap before
{Heap before GC invocations=15 (full 0):
 garbage-first heap   total 58368K, used 43027K [0x00000000a0e00000, 0x0000000100000000)
  region size 1024K, 20 young (20480K), 3 survivors (3072K)
 Metaspace       used 59794K, committed 60288K, reserved 1114112K
  class space    used 8258K, committed 8512K, reserved 1048576K
}
Event: 19.375 GC heap after
{Heap after GC invocations=16 (full 0):
 garbage-first heap   total 58368K, used 28449K [0x00000000a0e00000, 0x0000000100000000)
  region size 1024K, 2 young (2048K), 2 survivors (2048K)
 Metaspace       used 59794K, committed 60288K, reserved 1114112K
  class space    used 8258K, committed 8512K, reserved 1048576K
}
Event: 21.620 GC heap before
{Heap before GC invocations=17 (full 0):
 garbage-first heap   total 58368K, used 46881K [0x00000000a0e00000, 0x0000000100000000)
  region size 1024K, 20 young (20480K), 2 survivors (2048K)
 Metaspace       used 61252K, committed 61824K, reserved 1114112K
  class space    used 8527K, committed 8768K, reserved 1048576K
}
Event: 21.630 GC heap after
{Heap after GC invocations=18 (full 0):
 garbage-first heap   total 58368K, used 30113K [0x00000000a0e00000, 0x0000000100000000)
  region size 1024K, 2 young (2048K), 2 survivors (2048K)
 Metaspace       used 61252K, committed 61824K, reserved 1114112K
  class space    used 8527K, committed 8768K, reserved 1048576K
}
Event: 21.648 GC heap before
{Heap before GC invocations=18 (full 0):
 garbage-first heap   total 58368K, used 31137K [0x00000000a0e00000, 0x0000000100000000)
  region size 1024K, 3 young (3072K), 2 survivors (2048K)
 Metaspace       used 61258K, committed 61824K, reserved 1114112K
  class space    used 8529K, committed 8768K, reserved 1048576K
}
Event: 21.656 GC heap after
{Heap after GC invocations=19 (full 0):
 garbage-first heap   total 58368K, used 30295K [0x00000000a0e00000, 0x0000000100000000)
  region size 1024K, 1 young (1024K), 1 survivors (1024K)
 Metaspace       used 61258K, committed 61824K, reserved 1114112K
  class space    used 8529K, committed 8768K, reserved 1048576K
}
Event: 23.921 GC heap before
{Heap before GC invocations=19 (full 0):
 garbage-first heap   total 58368K, used 44631K [0x00000000a0e00000, 0x0000000100000000)
  region size 1024K, 16 young (16384K), 1 survivors (1024K)
 Metaspace       used 63935K, committed 64448K, reserved 1114112K
  class space    used 8844K, committed 9088K, reserved 1048576K
}
Event: 23.932 GC heap after
{Heap after GC invocations=20 (full 0):
 garbage-first heap   total 116736K, used 32234K [0x00000000a0e00000, 0x0000000100000000)
  region size 1024K, 2 young (2048K), 2 survivors (2048K)
 Metaspace       used 63935K, committed 64448K, reserved 1114112K
  class space    used 8844K, committed 9088K, reserved 1048576K
}

Dll operation events (14 events):
Event: 0.036 Loaded shared library C:\Users\Hp\.jdks\corretto-17.0.12\bin\java.dll
Event: 0.092 Loaded shared library C:\Users\Hp\.jdks\corretto-17.0.12\bin\jsvml.dll
Event: 0.487 Loaded shared library C:\Users\Hp\.jdks\corretto-17.0.12\bin\zip.dll
Event: 0.495 Loaded shared library C:\Users\Hp\.jdks\corretto-17.0.12\bin\instrument.dll
Event: 0.507 Loaded shared library C:\Users\Hp\.jdks\corretto-17.0.12\bin\net.dll
Event: 0.511 Loaded shared library C:\Users\Hp\.jdks\corretto-17.0.12\bin\nio.dll
Event: 0.517 Loaded shared library C:\Users\Hp\.jdks\corretto-17.0.12\bin\zip.dll
Event: 0.817 Loaded shared library C:\JetBrains\IntelliJ IDEA Community Edition 2024.2.1\bin\breakgen64.dll
Event: 0.841 Loaded shared library C:\Users\Hp\.jdks\corretto-17.0.12\bin\extnet.dll
Event: 0.923 Loaded shared library C:\Users\Hp\.jdks\corretto-17.0.12\bin\jimage.dll
Event: 5.644 Loaded shared library C:\Users\Hp\.jdks\corretto-17.0.12\bin\sunmscapi.dll
Event: 11.413 Loaded shared library C:\Users\Hp\.jdks\corretto-17.0.12\bin\management.dll
Event: 11.419 Loaded shared library C:\Users\Hp\.jdks\corretto-17.0.12\bin\management_ext.dll
Event: 13.050 Loaded shared library C:\Users\Hp\.jdks\corretto-17.0.12\bin\verify.dll

Deoptimization events (20 events):
Event: 55.157 Thread 0x000002c6fd90bed0 Uncommon trap: trap_request=0xffffffde fr.pc=0x000002c6a65962e0 relative=0x0000000000001a40
Event: 55.157 Thread 0x000002c6fd90bed0 Uncommon trap: reason=class_check action=maybe_recompile pc=0x000002c6a65962e0 method=java.util.zip.InflaterInputStream.read([BII)I @ 100 c2
Event: 55.157 Thread 0x000002c6fd90bed0 DEOPT PACKING pc=0x000002c6a65962e0 sp=0x000000d1cf7fe600
Event: 55.157 Thread 0x000002c6fd90bed0 DEOPT UNPACKING pc=0x000002c6a5f669a3 sp=0x000000d1cf7fe650 mode 2
Event: 55.184 Thread 0x000002c6fd90bed0 Uncommon trap: trap_request=0xffffffde fr.pc=0x000002c6a65962e0 relative=0x0000000000001a40
Event: 55.184 Thread 0x000002c6fd90bed0 Uncommon trap: reason=class_check action=maybe_recompile pc=0x000002c6a65962e0 method=java.util.zip.InflaterInputStream.read([BII)I @ 100 c2
Event: 55.184 Thread 0x000002c6fd90bed0 DEOPT PACKING pc=0x000002c6a65962e0 sp=0x000000d1cf7fe140
Event: 55.184 Thread 0x000002c6fd90bed0 DEOPT UNPACKING pc=0x000002c6a5f669a3 sp=0x000000d1cf7fe190 mode 2
Event: 85.243 Thread 0x000002c6fd90bed0 Uncommon trap: trap_request=0xffffffde fr.pc=0x000002c6a65962e0 relative=0x0000000000001a40
Event: 85.243 Thread 0x000002c6fd90bed0 Uncommon trap: reason=class_check action=maybe_recompile pc=0x000002c6a65962e0 method=java.util.zip.InflaterInputStream.read([BII)I @ 100 c2
Event: 85.243 Thread 0x000002c6fd90bed0 DEOPT PACKING pc=0x000002c6a65962e0 sp=0x000000d1cf7fe5e0
Event: 85.243 Thread 0x000002c6fd90bed0 DEOPT UNPACKING pc=0x000002c6a5f669a3 sp=0x000000d1cf7fe630 mode 2
Event: 145.416 Thread 0x000002c6fd906dd0 Uncommon trap: trap_request=0xffffffdc fr.pc=0x000002c6a68ebbcc relative=0x000000000000022c
Event: 145.416 Thread 0x000002c6fd906dd0 Uncommon trap: reason=class_check action=make_not_entrant pc=0x000002c6a68ebbcc method=java.util.ArrayList.toArray([Ljava/lang/Object;)[Ljava/lang/Object; @ 21 c2
Event: 145.416 Thread 0x000002c6fd906dd0 DEOPT PACKING pc=0x000002c6a68ebbcc sp=0x000000d1cf6fe330
Event: 145.416 Thread 0x000002c6fd906dd0 DEOPT UNPACKING pc=0x000002c6a5f669a3 sp=0x000000d1cf6fe2e0 mode 2
Event: 1378.526 Thread 0x000002c6fd90bed0 Uncommon trap: trap_request=0xffffffcc fr.pc=0x000002c6a68f82ec relative=0x000000000000034c
Event: 1378.526 Thread 0x000002c6fd90bed0 Uncommon trap: reason=intrinsic_or_type_checked_inlining action=make_not_entrant pc=0x000002c6a68f82ec method=java.util.ArrayList.toArray([Ljava/lang/Object;)[Ljava/lang/Object; @ 36 c2
Event: 1378.526 Thread 0x000002c6fd90bed0 DEOPT PACKING pc=0x000002c6a68f82ec sp=0x000000d1cf7fd2d0
Event: 1378.527 Thread 0x000002c6fd90bed0 DEOPT UNPACKING pc=0x000002c6a5f669a3 sp=0x000000d1cf7fd2a0 mode 2

Classes loaded (20 events):
Event: 25.200 Loading class java/nio/channels/Pipe$SinkChannel done
Event: 25.200 Loading class sun/nio/ch/SinkChannelImpl done
Event: 25.223 Loading class java/util/TreeMap$ValueSpliterator
Event: 25.224 Loading class java/util/TreeMap$TreeMapSpliterator
Event: 25.224 Loading class java/util/TreeMap$TreeMapSpliterator done
Event: 25.224 Loading class java/util/TreeMap$ValueSpliterator done
Event: 25.303 Loading class java/util/AbstractMap$SimpleEntry
Event: 25.304 Loading class java/util/AbstractMap$SimpleEntry done
Event: 25.352 Loading class java/nio/channels/spi/AbstractSelector$1
Event: 25.352 Loading class java/nio/channels/spi/AbstractSelector$1 done
Event: 27.124 Loading class jdk/internal/math/FDBigInteger
Event: 27.126 Loading class jdk/internal/math/FDBigInteger done
Event: 27.146 Loading class java/util/IdentityHashMap$KeySpliterator
Event: 27.146 Loading class java/util/IdentityHashMap$IdentityHashMapSpliterator
Event: 27.146 Loading class java/util/IdentityHashMap$IdentityHashMapSpliterator done
Event: 27.146 Loading class java/util/IdentityHashMap$KeySpliterator done
Event: 33.389 Loading class java/util/concurrent/ConcurrentLinkedQueue$Itr
Event: 33.390 Loading class java/util/concurrent/ConcurrentLinkedQueue$Itr done
Event: 355.723 Loading class jdk/internal/access/foreign/MemorySegmentProxy
Event: 355.723 Loading class jdk/internal/access/foreign/MemorySegmentProxy done

Classes unloaded (0 events):
No events

Classes redefined (0 events):
No events

Internal exceptions (20 events):
Event: 17.285 Thread 0x000002c696ec9eb0 Exception <a 'java/lang/NoSuchMethodError'{0x00000000a60159c0}: 'java.lang.Object java.lang.invoke.DirectMethodHandle$Holder.newInvokeSpecial(java.lang.Object, java.lang.Object, java.lang.Object, java.lang.Object, java.lang.Object, java.lang.Object)'> (0x00000000a60159c0) 
thrown [s\src\hotspot\share\interpreter\linkResolver.cpp, line 759]
Event: 17.306 Thread 0x000002c696ec9eb0 Exception <a 'java/lang/NoSuchMethodError'{0x00000000a6084740}: 'java.lang.Object java.lang.invoke.DirectMethodHandle$Holder.newInvokeSpecial(java.lang.Object, java.lang.Object, java.lang.Object, java.lang.Object, java.lang.Object, java.lang.Object, java.lang.Object, int)'> (0x00000000a6084740) 
thrown [s\src\hotspot\share\interpreter\linkResolver.cpp, line 759]
Event: 17.307 Thread 0x000002c696ec9eb0 Exception <a 'java/lang/NoSuchMethodError'{0x00000000a6089738}: 'java.lang.Object java.lang.invoke.DirectMethodHandle$Holder.invokeSpecial(java.lang.Object, java.lang.Object, java.lang.Object, java.lang.Object, java.lang.Object, java.lang.Object, java.lang.Object, java.lang.Object, int)'> (0x00000000a6089738) 
thrown [s\src\hotspot\share\interpreter\linkResolver.cpp, line 759]
Event: 17.307 Thread 0x000002c696ec9eb0 Exception <a 'java/lang/NoSuchMethodError'{0x00000000a608e200}: 'java.lang.Object java.lang.invoke.Invokers$Holder.linkToTargetMethod(java.lang.Object, java.lang.Object, java.lang.Object, java.lang.Object, java.lang.Object, java.lang.Object, int, java.lang.Object)'> (0x00000000a608e200) 
thrown [s\src\hotspot\share\interpreter\linkResolver.cpp, line 759]
Event: 17.339 Thread 0x000002c696ec9eb0 Exception <a 'java/lang/NoSuchMethodError'{0x00000000a444f440}: 'void java.lang.invoke.DirectMethodHandle$Holder.invokeInterface(java.lang.Object, java.lang.Object)'> (0x00000000a444f440) 
thrown [s\src\hotspot\share\interpreter\linkResolver.cpp, line 759]
Event: 17.693 Thread 0x000002c696ec9eb0 Exception <a 'java/lang/IncompatibleClassChangeError'{0x00000000a3df4db8}: Found class java.lang.Object, but interface was expected> (0x00000000a3df4db8) 
thrown [s\src\hotspot\share\interpreter\linkResolver.cpp, line 826]
Event: 17.716 Thread 0x000002c696ec9eb0 Exception <a 'java/lang/IncompatibleClassChangeError'{0x00000000a3c71e50}: Found class java.lang.Object, but interface was expected> (0x00000000a3c71e50) 
thrown [s\src\hotspot\share\interpreter\linkResolver.cpp, line 826]
Event: 17.797 Thread 0x000002c696ec9eb0 Exception <a 'java/lang/IncompatibleClassChangeError'{0x00000000a3bddf20}: Found class java.lang.Object, but interface was expected> (0x00000000a3bddf20) 
thrown [s\src\hotspot\share\interpreter\linkResolver.cpp, line 826]
Event: 18.179 Thread 0x000002c696ec9eb0 Exception <a 'java/lang/IncompatibleClassChangeError'{0x00000000a3474950}: Found class java.lang.Object, but interface was expected> (0x00000000a3474950) 
thrown [s\src\hotspot\share\interpreter\linkResolver.cpp, line 826]
Event: 18.319 Thread 0x000002c696ec9eb0 Exception <a 'java/lang/reflect/InvocationTargetException'{0x00000000a6ddd708}> (0x00000000a6ddd708) 
thrown [s\src\hotspot\share\runtime\reflection.cpp, line 1128]
Event: 18.359 Thread 0x000002c696ec9eb0 Exception <a 'java/lang/IncompatibleClassChangeError'{0x00000000a60837b0}: Found class java.lang.Object, but interface was expected> (0x00000000a60837b0) 
thrown [s\src\hotspot\share\interpreter\linkResolver.cpp, line 826]
Event: 18.468 Thread 0x000002c696ec9eb0 Exception <a 'java/lang/NoSuchMethodError'{0x00000000a432c5d0}: 'java.lang.Object java.lang.invoke.DirectMethodHandle$Holder.invokeStatic(java.lang.Object, int, java.lang.Object)'> (0x00000000a432c5d0) 
thrown [s\src\hotspot\share\interpreter\linkResolver.cpp, line 759]
Event: 18.534 Thread 0x000002c696ec9eb0 Exception <a 'java/lang/reflect/InvocationTargetException'{0x00000000a4212d08}> (0x00000000a4212d08) 
thrown [s\src\hotspot\share\runtime\reflection.cpp, line 1128]
Event: 19.294 Thread 0x000002c696ec9eb0 Exception <a 'sun/nio/fs/WindowsException'{0x00000000a3791d38}> (0x00000000a3791d38) 
thrown [s\src\hotspot\share\prims\jni.cpp, line 516]
Event: 19.470 Thread 0x000002c696ec9eb0 Exception <a 'java/lang/IncompatibleClassChangeError'{0x00000000a447a590}: Found class java.lang.Object, but interface was expected> (0x00000000a447a590) 
thrown [s\src\hotspot\share\interpreter\linkResolver.cpp, line 826]
Event: 19.612 Thread 0x000002c696ec9eb0 Exception <a 'java/lang/NoSuchMethodError'{0x00000000a421f788}: 'void java.lang.invoke.DirectMethodHandle$Holder.invokeVirtual(java.lang.Object, java.lang.Object, long)'> (0x00000000a421f788) 
thrown [s\src\hotspot\share\interpreter\linkResolver.cpp, line 759]
Event: 19.869 Thread 0x000002c696ec9eb0 Exception <a 'java/lang/IncompatibleClassChangeError'{0x00000000a3e97de0}: Found class java.lang.Object, but interface was expected> (0x00000000a3e97de0) 
thrown [s\src\hotspot\share\interpreter\linkResolver.cpp, line 826]
Event: 19.898 Thread 0x000002c696ec9eb0 Implicit null exception at 0x000002c6a661165a to 0x000002c6a6611890
Event: 23.238 Thread 0x000002c696ec9eb0 Exception <a 'java/lang/NoSuchMethodError'{0x00000000a3fec738}: 'java.lang.Object java.lang.invoke.DirectMethodHandle$Holder.newInvokeSpecial(java.lang.Object, java.lang.Object, int, java.lang.Object, java.lang.Object)'> (0x00000000a3fec738) 
thrown [s\src\hotspot\share\interpreter\linkResolver.cpp, line 759]
Event: 23.341 Thread 0x000002c696ec9eb0 Exception <a 'java/lang/NoSuchMethodError'{0x00000000a3d56c50}: 'double java.lang.invoke.DirectMethodHandle$Holder.invokeVirtual(java.lang.Object, java.lang.Object)'> (0x00000000a3d56c50) 
thrown [s\src\hotspot\share\interpreter\linkResolver.cpp, line 759]

VM Operations (20 events):
Event: 1317.780 Executing VM operation: Cleanup
Event: 1317.780 Executing VM operation: Cleanup done
Event: 1348.060 Executing VM operation: Cleanup
Event: 1348.060 Executing VM operation: Cleanup done
Event: 1372.253 Executing VM operation: Cleanup
Event: 1372.253 Executing VM operation: Cleanup done
Event: 1379.317 Executing VM operation: Cleanup
Event: 1379.317 Executing VM operation: Cleanup done
Event: 1381.341 Executing VM operation: Cleanup
Event: 1381.342 Executing VM operation: Cleanup done
Event: 1408.611 Executing VM operation: Cleanup
Event: 1408.611 Executing VM operation: Cleanup done
Event: 1463.000 Executing VM operation: Cleanup
Event: 1463.001 Executing VM operation: Cleanup done
Event: 1465.016 Executing VM operation: Cleanup
Event: 1465.016 Executing VM operation: Cleanup done
Event: 1468.049 Executing VM operation: Cleanup
Event: 1468.049 Executing VM operation: Cleanup done
Event: 1469.054 Executing VM operation: Cleanup
Event: 1469.054 Executing VM operation: Cleanup done

Events (20 events):
Event: 25.157 Thread 0x000002c6f95d10f0 Thread added: 0x000002c6f95d10f0
Event: 25.158 Thread 0x000002c6f95d0be0 Thread added: 0x000002c6f95d0be0
Event: 25.158 Thread 0x000002c6f95d1600 Thread added: 0x000002c6f95d1600
Event: 25.158 Thread 0x000002c6f95cf290 Thread added: 0x000002c6f95cf290
Event: 25.158 Thread 0x000002c6f95d01c0 Thread added: 0x000002c6f95d01c0
Event: 25.159 Thread 0x000002c6f95d06d0 Thread added: 0x000002c6f95d06d0
Event: 25.159 Thread 0x000002c6f95ce870 Thread added: 0x000002c6f95ce870
Event: 25.159 Thread 0x000002c6f95ced80 Thread added: 0x000002c6f95ced80
Event: 25.159 Thread 0x000002c6fd9077f0 Thread added: 0x000002c6fd9077f0
Event: 25.159 Thread 0x000002c6fd90b9c0 Thread added: 0x000002c6fd90b9c0
Event: 25.168 Thread 0x000002c6b39a99f0 Thread added: 0x000002c6b39a99f0
Event: 25.208 Thread 0x000002c6fd90c8f0 Thread added: 0x000002c6fd90c8f0
Event: 25.213 Thread 0x000002c6fd90c3e0 Thread added: 0x000002c6fd90c3e0
Event: 26.021 Thread 0x000002c6b37965f0 flushing nmethod 0x000002c69ec77210
Event: 27.152 Thread 0x000002c696ec9eb0 Thread exited: 0x000002c696ec9eb0
Event: 27.152 Thread 0x000002c6fd907d00 Thread added: 0x000002c6fd907d00
Event: 32.158 Thread 0x000002c6b39a99f0 Thread exited: 0x000002c6b39a99f0
Event: 55.122 Thread 0x000002c6fd906dd0 Thread added: 0x000002c6fd906dd0
Event: 55.122 Thread 0x000002c6fd90bed0 Thread added: 0x000002c6fd90bed0
Event: 323.656 Thread 0x000002c6fd908720 Thread added: 0x000002c6fd908720


Dynamic libraries:
0x00007ff649040000 - 0x00007ff64904e000 	C:\Users\Hp\.jdks\corretto-17.0.12\bin\java.exe
0x00007ff952d30000 - 0x00007ff952f47000 	C:\WINDOWS\SYSTEM32\ntdll.dll
0x00007ff951090000 - 0x00007ff951154000 	C:\WINDOWS\System32\KERNEL32.DLL
0x00007ff950200000 - 0x00007ff9505b7000 	C:\WINDOWS\System32\KERNELBASE.dll
0x00007ff950940000 - 0x00007ff950a51000 	C:\WINDOWS\System32\ucrtbase.dll
0x00007ff945680000 - 0x00007ff945697000 	C:\Users\Hp\.jdks\corretto-17.0.12\bin\jli.dll
0x00007ff950ca0000 - 0x00007ff950e4f000 	C:\WINDOWS\System32\USER32.dll
0x00007ff950040000 - 0x00007ff950066000 	C:\WINDOWS\System32\win32u.dll
0x00007ff951fd0000 - 0x00007ff951ff9000 	C:\WINDOWS\System32\GDI32.dll
0x00007ff950640000 - 0x00007ff950758000 	C:\WINDOWS\System32\gdi32full.dll
0x00007ff950070000 - 0x00007ff95010a000 	C:\WINDOWS\System32\msvcp_win.dll
0x00007ff93cce0000 - 0x00007ff93cf73000 	C:\WINDOWS\WinSxS\amd64_microsoft.windows.common-controls_6595b64144ccf1df_6.0.22621.3672_none_2713b9d173822955\COMCTL32.dll
0x00007ff952c40000 - 0x00007ff952ce7000 	C:\WINDOWS\System32\msvcrt.dll
0x00007ff92e990000 - 0x00007ff92e9ab000 	C:\Users\Hp\.jdks\corretto-17.0.12\bin\VCRUNTIME140.dll
0x00007ff951f90000 - 0x00007ff951fc1000 	C:\WINDOWS\System32\IMM32.DLL
0x00007ff94c4f0000 - 0x00007ff94c4fc000 	C:\Users\Hp\.jdks\corretto-17.0.12\bin\vcruntime140_1.dll
0x00007ff92e290000 - 0x00007ff92e31d000 	C:\Users\Hp\.jdks\corretto-17.0.12\bin\msvcp140.dll
0x00007ff907e70000 - 0x00007ff908ada000 	C:\Users\Hp\.jdks\corretto-17.0.12\bin\server\jvm.dll
0x00007ff9511c0000 - 0x00007ff951272000 	C:\WINDOWS\System32\ADVAPI32.dll
0x00007ff950fe0000 - 0x00007ff951088000 	C:\WINDOWS\System32\sechost.dll
0x00007ff9501d0000 - 0x00007ff9501f8000 	C:\WINDOWS\System32\bcrypt.dll
0x00007ff951e70000 - 0x00007ff951f84000 	C:\WINDOWS\System32\RPCRT4.dll
0x00007ff952b60000 - 0x00007ff952bd1000 	C:\WINDOWS\System32\WS2_32.dll
0x00007ff94ff10000 - 0x00007ff94ff5d000 	C:\WINDOWS\SYSTEM32\POWRPROF.dll
0x00007ff94c360000 - 0x00007ff94c394000 	C:\WINDOWS\SYSTEM32\WINMM.dll
0x00007ff9471d0000 - 0x00007ff9471da000 	C:\WINDOWS\SYSTEM32\VERSION.dll
0x00007ff94fef0000 - 0x00007ff94ff03000 	C:\WINDOWS\SYSTEM32\UMPDC.dll
0x00007ff94f060000 - 0x00007ff94f078000 	C:\WINDOWS\SYSTEM32\kernel.appcore.dll
0x00007ff94c3e0000 - 0x00007ff94c3ea000 	C:\Users\Hp\.jdks\corretto-17.0.12\bin\jimage.dll
0x00007ff9492c0000 - 0x00007ff9494f2000 	C:\WINDOWS\SYSTEM32\DBGHELP.DLL
0x00007ff951460000 - 0x00007ff9517ee000 	C:\WINDOWS\System32\combase.dll
0x00007ff951c90000 - 0x00007ff951d67000 	C:\WINDOWS\System32\OLEAUT32.dll
0x00007ff934720000 - 0x00007ff934752000 	C:\WINDOWS\SYSTEM32\dbgcore.DLL
0x00007ff9505c0000 - 0x00007ff95063b000 	C:\WINDOWS\System32\bcryptPrimitives.dll
0x00007ff94c420000 - 0x00007ff94c42e000 	C:\Users\Hp\.jdks\corretto-17.0.12\bin\instrument.dll
0x00007ff92e260000 - 0x00007ff92e285000 	C:\Users\Hp\.jdks\corretto-17.0.12\bin\java.dll
0x00007ff9172b0000 - 0x00007ff917387000 	C:\Users\Hp\.jdks\corretto-17.0.12\bin\jsvml.dll
0x00007ff952170000 - 0x00007ff9529d9000 	C:\WINDOWS\System32\SHELL32.dll
0x00007ff94df60000 - 0x00007ff94e85f000 	C:\WINDOWS\SYSTEM32\windows.storage.dll
0x00007ff94de20000 - 0x00007ff94df5f000 	C:\WINDOWS\SYSTEM32\wintypes.dll
0x00007ff950e50000 - 0x00007ff950f49000 	C:\WINDOWS\System32\SHCORE.dll
0x00007ff952110000 - 0x00007ff95216e000 	C:\WINDOWS\System32\shlwapi.dll
0x00007ff94ff70000 - 0x00007ff94ff97000 	C:\WINDOWS\SYSTEM32\profapi.dll
0x00007ff92e220000 - 0x00007ff92e238000 	C:\Users\Hp\.jdks\corretto-17.0.12\bin\zip.dll
0x00007ff92e970000 - 0x00007ff92e989000 	C:\Users\Hp\.jdks\corretto-17.0.12\bin\net.dll
0x00007ff94be10000 - 0x00007ff94bf46000 	C:\WINDOWS\SYSTEM32\WINHTTP.dll
0x00007ff94f500000 - 0x00007ff94f569000 	C:\WINDOWS\system32\mswsock.dll
0x00007ff92e240000 - 0x00007ff92e256000 	C:\Users\Hp\.jdks\corretto-17.0.12\bin\nio.dll
0x00007ff944160000 - 0x00007ff94417a000 	C:\JetBrains\IntelliJ IDEA Community Edition 2024.2.1\bin\breakgen64.dll
0x00007ff94a380000 - 0x00007ff94a389000 	C:\Users\Hp\.jdks\corretto-17.0.12\bin\extnet.dll
0x00007ff94eaf0000 - 0x00007ff94eb1d000 	C:\WINDOWS\SYSTEM32\IPHLPAPI.DLL
0x00007ff951450000 - 0x00007ff951459000 	C:\WINDOWS\System32\NSI.dll
0x00007ff94bdf0000 - 0x00007ff94be09000 	C:\WINDOWS\SYSTEM32\dhcpcsvc6.DLL
0x00007ff94bdd0000 - 0x00007ff94bdef000 	C:\WINDOWS\SYSTEM32\dhcpcsvc.DLL
0x00007ff94eb20000 - 0x00007ff94ec22000 	C:\WINDOWS\SYSTEM32\DNSAPI.dll
0x00007ff94a420000 - 0x00007ff94a42e000 	C:\Users\Hp\.jdks\corretto-17.0.12\bin\sunmscapi.dll
0x00007ff9507d0000 - 0x00007ff950936000 	C:\WINDOWS\System32\CRYPT32.dll
0x00007ff94f910000 - 0x00007ff94f93d000 	C:\WINDOWS\SYSTEM32\ncrypt.dll
0x00007ff94f8d0000 - 0x00007ff94f907000 	C:\WINDOWS\SYSTEM32\NTASN1.dll
0x00007ff9446e0000 - 0x00007ff9446ea000 	C:\Windows\System32\rasadhlp.dll
0x00007ff948ee0000 - 0x00007ff948f63000 	C:\WINDOWS\System32\fwpuclnt.dll
0x00007ff94f760000 - 0x00007ff94f77b000 	C:\WINDOWS\SYSTEM32\CRYPTSP.dll
0x00007ff94efc0000 - 0x00007ff94eff5000 	C:\WINDOWS\system32\rsaenh.dll
0x00007ff94f5f0000 - 0x00007ff94f618000 	C:\WINDOWS\SYSTEM32\USERENV.dll
0x00007ff94f750000 - 0x00007ff94f75c000 	C:\WINDOWS\SYSTEM32\CRYPTBASE.dll
0x00007ff9457a0000 - 0x00007ff9457a9000 	C:\Users\Hp\.jdks\corretto-17.0.12\bin\management.dll
0x00007ff945540000 - 0x00007ff94554b000 	C:\Users\Hp\.jdks\corretto-17.0.12\bin\management_ext.dll
0x00007ff9517f0000 - 0x00007ff9517f8000 	C:\WINDOWS\System32\PSAPI.DLL
0x00007ff946210000 - 0x00007ff946220000 	C:\Users\Hp\.jdks\corretto-17.0.12\bin\verify.dll
0x00007ff93b3d0000 - 0x00007ff93b3d8000 	C:\WINDOWS\system32\wshunix.dll

dbghelp: loaded successfully - version: 4.0.5 - missing functions: none
symbol engine: initialized successfully - sym options: 0x614 - pdb path: .;C:\Users\Hp\.jdks\corretto-17.0.12\bin;C:\WINDOWS\SYSTEM32;C:\WINDOWS\WinSxS\amd64_microsoft.windows.common-controls_6595b64144ccf1df_6.0.22621.3672_none_2713b9d173822955;C:\Users\Hp\.jdks\corretto-17.0.12\bin\server;C:\JetBrains\IntelliJ IDEA Community Edition 2024.2.1\bin

VM Arguments:
jvm_args: -javaagent:C:\JetBrains\IntelliJ IDEA Community Edition 2024.2.1\lib\idea_rt.jar=55878:C:\JetBrains\IntelliJ IDEA Community Edition 2024.2.1\bin -Dfile.encoding=UTF-8 
java_command: com.kushal.question_service.QuestionServiceApplication
java_class_path (initial): C:\Users\Hp\Desktop\Kushal_Projects\QuizApp\question-service\target\classes;C:\Users\Hp\.m2\repository\org\springframework\boot\spring-boot-starter-data-jpa\3.3.5\spring-boot-starter-data-jpa-3.3.5.jar;C:\Users\Hp\.m2\repository\org\springframework\boot\spring-boot-starter-aop\3.3.5\spring-boot-starter-aop-3.3.5.jar;C:\Users\Hp\.m2\repository\org\springframework\spring-aop\6.1.14\spring-aop-6.1.14.jar;C:\Users\Hp\.m2\repository\org\aspectj\aspectjweaver\1.9.22.1\aspectjweaver-1.9.22.1.jar;C:\Users\Hp\.m2\repository\org\springframework\boot\spring-boot-starter-jdbc\3.3.5\spring-boot-starter-jdbc-3.3.5.jar;C:\Users\Hp\.m2\repository\com\zaxxer\HikariCP\5.1.0\HikariCP-5.1.0.jar;C:\Users\Hp\.m2\repository\org\springframework\spring-jdbc\6.1.14\spring-jdbc-6.1.14.jar;C:\Users\Hp\.m2\repository\org\hibernate\orm\hibernate-core\6.5.3.Final\hibernate-core-6.5.3.Final.jar;C:\Users\Hp\.m2\repository\jakarta\persistence\jakarta.persistence-api\3.1.0\jakarta.persistence-api-3.1.0.jar;C:\Users\Hp\.m2\repository\jakarta\transaction\jakarta.transaction-api\2.0.1\jakarta.transaction-api-2.0.1.jar;C:\Users\Hp\.m2\repository\org\jboss\logging\jboss-logging\3.5.3.Final\jboss-logging-3.5.3.Final.jar;C:\Users\Hp\.m2\repository\org\hibernate\common\hibernate-commons-annotations\6.0.6.Final\hibernate-commons-annotations-6.0.6.Final.jar;C:\Users\Hp\.m2\repository\io\smallrye\jandex\3.1.2\jandex-3.1.2.jar;C:\Users\Hp\.m2\repository\com\fasterxml\classmate\1.7.0\classmate-1.7.0.jar;C:\Users\Hp\.m2\repository\net\bytebuddy\byte-buddy\1.14.19\byte-buddy-1.14.19.jar;C:\Users\Hp\.m2\repository\org\glassfish\jaxb\jaxb-runtime\4.0.5\jaxb-runtime-4.0.5.jar;C:\Users\Hp\.m2\repository\org\glassfish\jaxb\jaxb-core\4.0.5\jaxb-core-4.0.5.jar;C:\Users\Hp\.m2\repository\org\eclipse\angus\angus-activation\2.0.2\angus-activation-2.0.2.jar;C:\Users\Hp\.m2\repository\org\glassfish\jaxb\txw2\4.0.5\txw2-4.0.5.jar;C:\Users\Hp\.m2\repository\com\sun\istack\istack-commons-runtime\4.1.2
Launcher Type: SUN_STANDARD

[Global flags]
     intx CICompilerCount                          = 3                                         {product} {ergonomic}
     uint ConcGCThreads                            = 1                                         {product} {ergonomic}
     uint G1ConcRefinementThreads                  = 4                                         {product} {ergonomic}
   size_t G1HeapRegionSize                         = 1048576                                   {product} {ergonomic}
    uintx GCDrainStackTargetSize                   = 64                                        {product} {ergonomic}
   size_t InitialHeapSize                          = 100663296                                 {product} {ergonomic}
   size_t MarkStackSize                            = 4194304                                   {product} {ergonomic}
   size_t MaxHeapSize                              = 1595932672                                {product} {ergonomic}
   size_t MaxNewSize                               = 957349888                                 {product} {ergonomic}
   size_t MinHeapDeltaBytes                        = 1048576                                   {product} {ergonomic}
   size_t MinHeapSize                              = 8388608                                   {product} {ergonomic}
    uintx NonNMethodCodeHeapSize                   = 5832780                                {pd product} {ergonomic}
    uintx NonProfiledCodeHeapSize                  = 122912730                              {pd product} {ergonomic}
    uintx ProfiledCodeHeapSize                     = 122912730                              {pd product} {ergonomic}
    uintx ReservedCodeCacheSize                    = 251658240                              {pd product} {ergonomic}
     bool SegmentedCodeCache                       = true                                      {product} {ergonomic}
   size_t SoftMaxHeapSize                          = 1595932672                             {manageable} {ergonomic}
     bool UseCompressedClassPointers               = true                           {product lp64_product} {ergonomic}
     bool UseCompressedOops                        = true                           {product lp64_product} {ergonomic}
     bool UseG1GC                                  = true                                      {product} {ergonomic}
     bool UseLargePagesIndividualAllocation        = false                                  {pd product} {ergonomic}

Logging:
Log output configuration:
 #0: stdout all=warning uptime,level,tags
 #1: stderr all=off uptime,level,tags

Environment Variables:
JAVA_HOME=C:\Users\Hp\.jdks\corretto-17.0.12
PATH=C:\Program Files (x86)\Common Files\Oracle\Java\java8path;C:\Program Files (x86)\Common Files\Oracle\Java\javapath;C:\Program Files (x86)\VMware\VMware Player\bin\;C:\Program Files\dotnet\;C:\MinGW\bin;C:\Program Files\Git\cmd;C:\Program Files\PostgreSQL\16\bin;C:\Program Files\Maven\bin;C:\Gradle\gradle-8.10\bin;C:\Program Files\Java\jdk1.8.0_202\bin;C:\Program Files\nodejs\;C:\ProgramData\chocolatey\bin;C:\WINDOWS\system32;C:\WINDOWS;C:\WINDOWS\System32\Wbem;C:\WINDOWS\System32\WindowsPowerShell\v1.0\;C:\WINDOWS\System32\OpenSSH\;C:\Users\Hp\AppData\Local\Programs\Python\Python313\Scripts\;C:\Users\Hp\AppData\Local\Programs\Python\Python313\;C:\Users\Hp\AppData\Local\Programs\Python\Launcher\;C:\Program Files\MySQL\MySQL Shell 8.0\bin\;C:\Users\Hp\AppData\Local\Microsoft\WindowsApps;C:\Users\Hp\AppData\Local\Programs\Microsoft VS Code\bin;C:\Program Files\JetBrains\IntelliJ IDEA Community Edition 2023.1.2\bin;C:\Users\Hp\AppData\Local\GitHubDesktop\bin;C:\Program Files\PostgreSQL\16\bin;C:\Users\Hp\AppData\Local\JetBrains\Toolbox\scripts;C:\JetBrains\IntelliJ IDEA Community Edition 2024.2.1\bin;;C:\Users\Hp\AppData\Local\Programs\mongosh\;C:\Users\Hp\AppData\Roaming\npm;C:\Users\Hp\AppData\Local\Microsoft\WindowsApps;
USERNAME=Hp
OS=Windows_NT
PROCESSOR_IDENTIFIER=AMD64 Family 23 Model 24 Stepping 1, AuthenticAMD
TMP=C:\Users\Hp\AppData\Local\Temp
TEMP=C:\Users\Hp\AppData\Local\Temp



Periodic native trim disabled


---------------  S Y S T E M  ---------------

OS:
 Windows 11 , 64 bit Build 22621 (10.0.22621.3958)
OS uptime: 1 days 3:28 hours
Hyper-V role detected

CPU: total 4 (initial active 4) (4 cores per cpu, 2 threads per core) family 23 model 24 stepping 1 microcode 0x0, cx8, cmov, fxsr, ht, mmx, 3dnowpref, sse, sse2, sse3, ssse3, sse4a, sse4.1, sse4.2, popcnt, lzcnt, tsc, tscinvbit, avx, avx2, aes, clmul, bmi1, bmi2, adx, sha, fma, vzeroupper, clflush, clflushopt, hv
Processor Information for all 4 processors :
  Max Mhz: 2600, Current Mhz: 2600, Mhz Limit: 2600

Memory: 4k page, system-wide physical 6086M (367M free)
TotalPageFile size 10086M (AvailPageFile size 83M)
current process WorkingSet (physical memory assigned to process): 64M, peak: 277M
current process commit charge ("private bytes"): 309M, peak: 346M

vm_info: OpenJDK 64-Bit Server VM (17.0.12+7-LTS) for windows-amd64 JRE (17.0.12+7-LTS), built on Jul 10 2024 20:46:33 by "Administrator" with MS VC++ 16.10 / 16.11 (VS2019)

END.
