#
# There is insufficient memory for the Java Runtime Environment to continue.
# Native memory allocation (malloc) failed to allocate 790960 bytes. Error detail: Chunk::new
# Possible reasons:
#   The system is out of physical RAM or swap space
#   This process is running with CompressedOops enabled, and the Java Heap may be blocking the growth of the native heap
# Possible solutions:
#   Reduce memory load on the system
#   Increase physical memory or swap space
#   Check if swap backing store is full
#   Decrease Java heap size (-Xmx/-Xms)
#   Decrease number of Java threads
#   Decrease Java thread stack sizes (-Xss)
#   Set larger code cache with -XX:ReservedCodeCacheSize=
#   JVM is running with Unscaled Compressed Oops mode in which the Java heap is
#     placed in the first 4GB address space. The Java Heap base address is the
#     maximum limit for the native heap growth. Please use -XX:HeapBaseMinAddress
#     to set the Java Heap base and to place the Java Heap above 4GB virtual address.
# This output file may be truncated or incomplete.
#
#  Out of Memory Error (arena.cpp:191), pid=2548, tid=6268
#
# JRE version: OpenJDK Runtime Environment Corretto-17.0.12.7.1 (17.0.12+7) (build 17.0.12+7-LTS)
# Java VM: OpenJDK 64-Bit Server VM Corretto-17.0.12.7.1 (17.0.12+7-LTS, mixed mode, sharing, tiered, compressed oops, compressed class ptrs, g1 gc, windows-amd64)
# No core dump will be written. Minidumps are not enabled by default on client versions of Windows
#

---------------  S U M M A R Y ------------

Command Line: -javaagent:C:\JetBrains\IntelliJ IDEA Community Edition 2024.2.1\lib\idea_rt.jar=57210:C:\JetBrains\IntelliJ IDEA Community Edition 2024.2.1\bin -Dfile.encoding=UTF-8 com.kushal.question_service.QuestionServiceApplication

Host: AMD Ryzen 3 3250U with Radeon Graphics         , 4 cores, 5G,  Windows 11 , 64 bit Build 22621 (10.0.22621.3958)
Time: Fri Nov 15 19:16:01 2024 India Standard Time elapsed time: 3014.828848 seconds (0d 0h 50m 14s)

---------------  T H R E A D  ---------------

Current thread (0x0000025e4a287d40):  JavaThread "C2 CompilerThread0" daemon [_thread_in_native, id=6268, stack(0x0000006804100000,0x0000006804200000)]


Current CompileTask:
C2:3014828 7611   !   4       java.lang.Class::getEnumConstantsShared (71 bytes)

Stack: [0x0000006804100000,0x0000006804200000]
Native frames: (J=compiled Java code, j=interpreted, Vv=VM code, C=native code)
V  [jvm.dll+0x67f4f9]
V  [jvm.dll+0x836eaa]
V  [jvm.dll+0x83896e]
V  [jvm.dll+0x838fd3]
V  [jvm.dll+0x247f6f]
V  [jvm.dll+0xac9d4]
V  [jvm.dll+0xad01c]
V  [jvm.dll+0x367097]
V  [jvm.dll+0x33156a]
V  [jvm.dll+0x330a0a]
V  [jvm.dll+0x21a501]
V  [jvm.dll+0x219941]
V  [jvm.dll+0x1a57bd]
V  [jvm.dll+0x22966d]
V  [jvm.dll+0x22781c]
V  [jvm.dll+0x7ebec7]
V  [jvm.dll+0x7e62ac]
V  [jvm.dll+0x67e3c7]
C  [ucrtbase.dll+0x29333]
C  [KERNEL32.DLL+0x1257d]
C  [ntdll.dll+0x5af08]


---------------  P R O C E S S  ---------------

Threads class SMR info:
_java_thread_list=0x0000025e92858990, length=39, elements={
0x0000025e4a26dd50, 0x0000025e4a26f370, 0x0000025e4a282430, 0x0000025e4a283400,
0x0000025e4a285dd0, 0x0000025e4a286790, 0x0000025e4a287d40, 0x0000025e4a288f90,
0x0000025e4a2fb060, 0x0000025e4a43e0a0, 0x0000025e900d9910, 0x0000025e900d9df0,
0x0000025e91f3b290, 0x0000025e91f3b770, 0x0000025e91f3bc50, 0x0000025e924762c0,
0x0000025e92474e80, 0x0000025e92475390, 0x0000025e92475db0, 0x0000025e924767d0,
0x0000025e92d19b80, 0x0000025e92d1aab0, 0x0000025e92d154a0, 0x0000025e92d18740,
0x0000025e92d168e0, 0x0000025e92d14060, 0x0000025e92d159b0, 0x0000025e92d15ec0,
0x0000025e92d17d20, 0x0000025e92d16df0, 0x0000025e92d17300, 0x0000025e92d1a090,
0x0000025e92d163d0, 0x0000025e92d17810, 0x0000025e92d18c50, 0x0000025e92d18230,
0x0000025e92d19160, 0x0000025e92d19670, 0x0000025e92d1afc0
}

Java Threads: ( => current thread )
  0x0000025e4a26dd50 JavaThread "Reference Handler" daemon [_thread_blocked, id=4188, stack(0x0000006803b00000,0x0000006803c00000)]
  0x0000025e4a26f370 JavaThread "Finalizer" daemon [_thread_blocked, id=8804, stack(0x0000006803c00000,0x0000006803d00000)]
  0x0000025e4a282430 JavaThread "Signal Dispatcher" daemon [_thread_blocked, id=12784, stack(0x0000006803d00000,0x0000006803e00000)]
  0x0000025e4a283400 JavaThread "Attach Listener" daemon [_thread_blocked, id=8140, stack(0x0000006803e00000,0x0000006803f00000)]
  0x0000025e4a285dd0 JavaThread "Service Thread" daemon [_thread_blocked, id=11492, stack(0x0000006803f00000,0x0000006804000000)]
  0x0000025e4a286790 JavaThread "Monitor Deflation Thread" daemon [_thread_blocked, id=13116, stack(0x0000006804000000,0x0000006804100000)]
=>0x0000025e4a287d40 JavaThread "C2 CompilerThread0" daemon [_thread_in_native, id=6268, stack(0x0000006804100000,0x0000006804200000)]
  0x0000025e4a288f90 JavaThread "C1 CompilerThread0" daemon [_thread_blocked, id=7440, stack(0x0000006804200000,0x0000006804300000)]
  0x0000025e4a2fb060 JavaThread "Sweeper thread" daemon [_thread_blocked, id=10388, stack(0x0000006804300000,0x0000006804400000)]
  0x0000025e4a43e0a0 JavaThread "Common-Cleaner" daemon [_thread_blocked, id=11420, stack(0x0000006804400000,0x0000006804500000)]
  0x0000025e900d9910 JavaThread "Monitor Ctrl-Break" daemon [_thread_in_native, id=9168, stack(0x0000006804600000,0x0000006804700000)]
  0x0000025e900d9df0 JavaThread "Notification Thread" daemon [_thread_blocked, id=12092, stack(0x0000006804700000,0x0000006804800000)]
  0x0000025e91f3b290 JavaThread "Catalina-utility-1" [_thread_blocked, id=10500, stack(0x0000006804500000,0x0000006804600000)]
  0x0000025e91f3b770 JavaThread "Catalina-utility-2" [_thread_blocked, id=4280, stack(0x0000006804d00000,0x0000006804e00000)]
  0x0000025e91f3bc50 JavaThread "container-0" [_thread_blocked, id=4116, stack(0x0000006804e00000,0x0000006804f00000)]
  0x0000025e924762c0 JavaThread "PostgreSQL-JDBC-Cleaner" daemon [_thread_blocked, id=7996, stack(0x0000006805000000,0x0000006805100000)]
  0x0000025e92474e80 JavaThread "HikariPool-1 housekeeper" daemon [_thread_blocked, id=9036, stack(0x0000006805100000,0x0000006805200000)]
  0x0000025e92475390 JavaThread "spring.cloud.inetutils" daemon [_thread_blocked, id=12816, stack(0x0000006804c00000,0x0000006804d00000)]
  0x0000025e92475db0 JavaThread "spectator-gauge-polling-0" daemon [_thread_blocked, id=2632, stack(0x0000006805400000,0x0000006805500000)]
  0x0000025e924767d0 JavaThread "AsyncResolver-bootstrap-%d" daemon [_thread_blocked, id=4292, stack(0x0000006805500000,0x0000006805600000)]
  0x0000025e92d19b80 JavaThread "DiscoveryClient-%d" daemon [_thread_blocked, id=2976, stack(0x0000006805600000,0x0000006805700000)]
  0x0000025e92d1aab0 JavaThread "DiscoveryClient-%d" daemon [_thread_blocked, id=836, stack(0x0000006805700000,0x0000006805800000)]
  0x0000025e92d154a0 JavaThread "DiscoveryClient-InstanceInfoReplicator-%d" daemon [_thread_blocked, id=9696, stack(0x0000006805800000,0x0000006805900000)]
  0x0000025e92d18740 JavaThread "http-nio-8080-exec-1" daemon [_thread_blocked, id=9092, stack(0x0000006805900000,0x0000006805a00000)]
  0x0000025e92d168e0 JavaThread "http-nio-8080-exec-2" daemon [_thread_blocked, id=1792, stack(0x0000006805a00000,0x0000006805b00000)]
  0x0000025e92d14060 JavaThread "http-nio-8080-exec-3" daemon [_thread_blocked, id=264, stack(0x0000006805b00000,0x0000006805c00000)]
  0x0000025e92d159b0 JavaThread "http-nio-8080-exec-4" daemon [_thread_blocked, id=11916, stack(0x0000006805c00000,0x0000006805d00000)]
  0x0000025e92d15ec0 JavaThread "http-nio-8080-exec-5" daemon [_thread_blocked, id=13072, stack(0x0000006805d00000,0x0000006805e00000)]
  0x0000025e92d17d20 JavaThread "http-nio-8080-exec-6" daemon [_thread_blocked, id=4660, stack(0x0000006805e00000,0x0000006805f00000)]
  0x0000025e92d16df0 JavaThread "http-nio-8080-exec-7" daemon [_thread_blocked, id=9424, stack(0x0000006805f00000,0x0000006806000000)]
  0x0000025e92d17300 JavaThread "http-nio-8080-exec-8" daemon [_thread_blocked, id=2524, stack(0x0000006806000000,0x0000006806100000)]
  0x0000025e92d1a090 JavaThread "http-nio-8080-exec-9" daemon [_thread_blocked, id=7436, stack(0x0000006806100000,0x0000006806200000)]
  0x0000025e92d163d0 JavaThread "http-nio-8080-exec-10" daemon [_thread_blocked, id=2236, stack(0x0000006806200000,0x0000006806300000)]
  0x0000025e92d17810 JavaThread "http-nio-8080-Poller" daemon [_thread_in_native, id=2660, stack(0x0000006806300000,0x0000006806400000)]
  0x0000025e92d18c50 JavaThread "http-nio-8080-Acceptor" daemon [_thread_in_native, id=12424, stack(0x0000006806400000,0x0000006806500000)]
  0x0000025e92d18230 JavaThread "DestroyJavaVM" [_thread_blocked, id=7860, stack(0x0000006803400000,0x0000006803500000)]
  0x0000025e92d19160 JavaThread "DiscoveryClient-HeartbeatExecutor-%d" daemon [_thread_blocked, id=4248, stack(0x0000006803100000,0x0000006803200000)]
  0x0000025e92d19670 JavaThread "DiscoveryClient-CacheRefreshExecutor-%d" daemon [_thread_blocked, id=3096, stack(0x0000006803200000,0x0000006803300000)]
  0x0000025e92d1afc0 JavaThread "AsyncResolver-bootstrap-executor-%d" daemon [_thread_blocked, id=9436, stack(0x0000006805200000,0x0000006805300000)]

Other Threads:
  0x0000025e4a2689a0 VMThread "VM Thread" [stack: 0x0000006803a00000,0x0000006803b00000] [id=8]
  0x0000025e900da2d0 WatcherThread [stack: 0x0000006804800000,0x0000006804900000] [id=11244]
  0x0000025e2da763f0 GCTaskThread "GC Thread#0" [stack: 0x0000006803500000,0x0000006803600000] [id=11900]
  0x0000025e9056b550 GCTaskThread "GC Thread#1" [stack: 0x0000006804900000,0x0000006804a00000] [id=10236]
  0x0000025e9083fcd0 GCTaskThread "GC Thread#2" [stack: 0x0000006804a00000,0x0000006804b00000] [id=5844]
  0x0000025e904dea10 GCTaskThread "GC Thread#3" [stack: 0x0000006804b00000,0x0000006804c00000] [id=11516]
  0x0000025e2da83990 ConcurrentGCThread "G1 Main Marker" [stack: 0x0000006803600000,0x0000006803700000] [id=8904]
  0x0000025e2da843b0 ConcurrentGCThread "G1 Conc#0" [stack: 0x0000006803700000,0x0000006803800000] [id=8548]
  0x0000025e2dac5910 ConcurrentGCThread "G1 Refine#0" [stack: 0x0000006803800000,0x0000006803900000] [id=5076]
  0x0000025e2dac6340 ConcurrentGCThread "G1 Service" [stack: 0x0000006803900000,0x0000006803a00000] [id=11076]

Threads with active compile tasks:
C2 CompilerThread0  3014871 7611   !   4       java.lang.Class::getEnumConstantsShared (71 bytes)

VM state: not at safepoint (normal execution)

VM Mutex/Monitor currently owned by a thread: None

Heap address: 0x00000000a0e00000, size: 1522 MB, Compressed Oops mode: 32-bit

CDS archive(s) mapped at: [0x0000025e4b000000-0x0000025e4bbb0000-0x0000025e4bbb0000), size 12255232, SharedBaseAddress: 0x0000025e4b000000, ArchiveRelocationMode: 1.
Compressed class space mapped at: 0x0000025e4c000000-0x0000025e8c000000, reserved size: 1073741824
Narrow klass base: 0x0000025e4b000000, Narrow klass shift: 0, Narrow klass range: 0x100000000

GC Precious Log:
 CPUs: 4 total, 4 available
 Memory: 6086M
 Large Page Support: Disabled
 NUMA Support: Disabled
 Compressed Oops: Enabled (32-bit)
 Heap Region Size: 1M
 Heap Min Capacity: 8M
 Heap Initial Capacity: 96M
 Heap Max Capacity: 1522M
 Pre-touch: Disabled
 Parallel Workers: 4
 Concurrent Workers: 1
 Concurrent Refinement Workers: 4
 Periodic GC: Disabled

Heap:
 garbage-first heap   total 63488K, used 36566K [0x00000000a0e00000, 0x0000000100000000)
  region size 1024K, 3 young (3072K), 2 survivors (2048K)
 Metaspace       used 72958K, committed 73536K, reserved 1114112K
  class space    used 9961K, committed 10240K, reserved 1048576K

Heap Regions: E=young(eden), S=young(survivor), O=old, HS=humongous(starts), HC=humongous(continues), CS=collection set, F=free, OA=open archive, CA=closed archive, TAMS=top-at-mark-start (previous, next)
|   0|0x00000000a0e00000, 0x00000000a0f00000, 0x00000000a0f00000|100%|HS|  |TAMS 0x00000000a0f00000, 0x00000000a0e00000| Complete 
|   1|0x00000000a0f00000, 0x00000000a1000000, 0x00000000a1000000|100%|HS|  |TAMS 0x00000000a1000000, 0x00000000a0f00000| Complete 
|   2|0x00000000a1000000, 0x00000000a1100000, 0x00000000a1100000|100%| O|  |TAMS 0x00000000a1100000, 0x00000000a1000000| Untracked 
|   3|0x00000000a1100000, 0x00000000a1200000, 0x00000000a1200000|100%| O|  |TAMS 0x00000000a1200000, 0x00000000a1100000| Untracked 
|   4|0x00000000a1200000, 0x00000000a1300000, 0x00000000a1300000|100%| O|  |TAMS 0x00000000a1300000, 0x00000000a1200000| Untracked 
|   5|0x00000000a1300000, 0x00000000a1400000, 0x00000000a1400000|100%| O|  |TAMS 0x00000000a1400000, 0x00000000a1300000| Untracked 
|   6|0x00000000a1400000, 0x00000000a1500000, 0x00000000a1500000|100%| O|  |TAMS 0x00000000a1500000, 0x00000000a1400000| Untracked 
|   7|0x00000000a1500000, 0x00000000a1600000, 0x00000000a1600000|100%| O|  |TAMS 0x00000000a1600000, 0x00000000a1500000| Untracked 
|   8|0x00000000a1600000, 0x00000000a1700000, 0x00000000a1700000|100%| O|  |TAMS 0x00000000a1700000, 0x00000000a1600000| Untracked 
|   9|0x00000000a1700000, 0x00000000a1800000, 0x00000000a1800000|100%| O|  |TAMS 0x00000000a1800000, 0x00000000a1700000| Untracked 
|  10|0x00000000a1800000, 0x00000000a1900000, 0x00000000a1900000|100%| O|  |TAMS 0x00000000a1900000, 0x00000000a1800000| Untracked 
|  11|0x00000000a1900000, 0x00000000a1a00000, 0x00000000a1a00000|100%| O|  |TAMS 0x00000000a1a00000, 0x00000000a1900000| Untracked 
|  12|0x00000000a1a00000, 0x00000000a1b00000, 0x00000000a1b00000|100%| O|  |TAMS 0x00000000a1b00000, 0x00000000a1a00000| Untracked 
|  13|0x00000000a1b00000, 0x00000000a1c00000, 0x00000000a1c00000|100%| O|  |TAMS 0x00000000a1c00000, 0x00000000a1b00000| Untracked 
|  14|0x00000000a1c00000, 0x00000000a1d00000, 0x00000000a1d00000|100%| O|  |TAMS 0x00000000a1d00000, 0x00000000a1c00000| Untracked 
|  15|0x00000000a1d00000, 0x00000000a1e00000, 0x00000000a1e00000|100%| O|  |TAMS 0x00000000a1e00000, 0x00000000a1d00000| Untracked 
|  16|0x00000000a1e00000, 0x00000000a1f00000, 0x00000000a1f00000|100%| O|  |TAMS 0x00000000a1f00000, 0x00000000a1e00000| Untracked 
|  17|0x00000000a1f00000, 0x00000000a2000000, 0x00000000a2000000|100%| O|  |TAMS 0x00000000a2000000, 0x00000000a1f00000| Untracked 
|  18|0x00000000a2000000, 0x00000000a2100000, 0x00000000a2100000|100%| O|  |TAMS 0x00000000a2100000, 0x00000000a2000000| Complete 
|  19|0x00000000a2100000, 0x00000000a2200000, 0x00000000a2200000|100%| O|  |TAMS 0x00000000a2200000, 0x00000000a2100000| Untracked 
|  20|0x00000000a2200000, 0x00000000a2300000, 0x00000000a2300000|100%| O|  |TAMS 0x00000000a2300000, 0x00000000a2200000| Untracked 
|  21|0x00000000a2300000, 0x00000000a2400000, 0x00000000a2400000|100%| O|  |TAMS 0x00000000a2400000, 0x00000000a2300000| Untracked 
|  22|0x00000000a2400000, 0x00000000a2500000, 0x00000000a2500000|100%| O|  |TAMS 0x00000000a2500000, 0x00000000a2400000| Untracked 
|  23|0x00000000a2500000, 0x00000000a2600000, 0x00000000a2600000|100%| O|  |TAMS 0x00000000a2600000, 0x00000000a2500000| Untracked 
|  24|0x00000000a2600000, 0x00000000a2700000, 0x00000000a2700000|100%| O|  |TAMS 0x00000000a2700000, 0x00000000a2600000| Untracked 
|  25|0x00000000a2700000, 0x00000000a2800000, 0x00000000a2800000|100%| O|  |TAMS 0x00000000a2800000, 0x00000000a2700000| Untracked 
|  26|0x00000000a2800000, 0x00000000a2900000, 0x00000000a2900000|100%| O|  |TAMS 0x00000000a2900000, 0x00000000a2800000| Untracked 
|  27|0x00000000a2900000, 0x00000000a2a00000, 0x00000000a2a00000|100%| O|  |TAMS 0x00000000a2a00000, 0x00000000a2900000| Untracked 
|  28|0x00000000a2a00000, 0x00000000a2b00000, 0x00000000a2b00000|100%| O|  |TAMS 0x00000000a2b00000, 0x00000000a2a00000| Untracked 
|  29|0x00000000a2b00000, 0x00000000a2c00000, 0x00000000a2c00000|100%| O|  |TAMS 0x00000000a2c00000, 0x00000000a2b00000| Untracked 
|  30|0x00000000a2c00000, 0x00000000a2d00000, 0x00000000a2d00000|100%| O|  |TAMS 0x00000000a2d00000, 0x00000000a2c00000| Untracked 
|  31|0x00000000a2d00000, 0x00000000a2e00000, 0x00000000a2e00000|100%| O|  |TAMS 0x00000000a2e00000, 0x00000000a2d00000| Untracked 
|  32|0x00000000a2e00000, 0x00000000a2f00000, 0x00000000a2f00000|100%| O|  |TAMS 0x00000000a2f00000, 0x00000000a2e00000| Untracked 
|  33|0x00000000a2f00000, 0x00000000a3000000, 0x00000000a3000000|100%| O|  |TAMS 0x00000000a2f00000, 0x00000000a2f00000| Untracked 
|  34|0x00000000a3000000, 0x00000000a301b200, 0x00000000a3100000| 10%| O|  |TAMS 0x00000000a3000000, 0x00000000a3000000| Untracked 
|  35|0x00000000a3100000, 0x00000000a3100000, 0x00000000a3200000|  0%| F|  |TAMS 0x00000000a3100000, 0x00000000a3100000| Untracked 
|  36|0x00000000a3200000, 0x00000000a3200000, 0x00000000a3300000|  0%| F|  |TAMS 0x00000000a3200000, 0x00000000a3200000| Untracked 
|  37|0x00000000a3300000, 0x00000000a3300000, 0x00000000a3400000|  0%| F|  |TAMS 0x00000000a3300000, 0x00000000a3300000| Untracked 
|  38|0x00000000a3400000, 0x00000000a3400000, 0x00000000a3500000|  0%| F|  |TAMS 0x00000000a3400000, 0x00000000a3400000| Untracked 
|  39|0x00000000a3500000, 0x00000000a3500000, 0x00000000a3600000|  0%| F|  |TAMS 0x00000000a3500000, 0x00000000a3500000| Untracked 
|  40|0x00000000a3600000, 0x00000000a3600000, 0x00000000a3700000|  0%| F|  |TAMS 0x00000000a3600000, 0x00000000a3600000| Untracked 
|  41|0x00000000a3700000, 0x00000000a3700000, 0x00000000a3800000|  0%| F|  |TAMS 0x00000000a3700000, 0x00000000a3700000| Untracked 
|  42|0x00000000a3800000, 0x00000000a3800000, 0x00000000a3900000|  0%| F|  |TAMS 0x00000000a3800000, 0x00000000a3800000| Untracked 
|  43|0x00000000a3900000, 0x00000000a3900000, 0x00000000a3a00000|  0%| F|  |TAMS 0x00000000a3900000, 0x00000000a3900000| Untracked 
|  44|0x00000000a3a00000, 0x00000000a3a00000, 0x00000000a3b00000|  0%| F|  |TAMS 0x00000000a3a00000, 0x00000000a3a00000| Untracked 
|  45|0x00000000a3b00000, 0x00000000a3b00000, 0x00000000a3c00000|  0%| F|  |TAMS 0x00000000a3b00000, 0x00000000a3b00000| Untracked 
|  46|0x00000000a3c00000, 0x00000000a3c00000, 0x00000000a3d00000|  0%| F|  |TAMS 0x00000000a3c00000, 0x00000000a3c00000| Untracked 
|  47|0x00000000a3d00000, 0x00000000a3d00000, 0x00000000a3e00000|  0%| F|  |TAMS 0x00000000a3d00000, 0x00000000a3d00000| Untracked 
|  48|0x00000000a3e00000, 0x00000000a3e00000, 0x00000000a3f00000|  0%| F|  |TAMS 0x00000000a3e00000, 0x00000000a3e00000| Untracked 
|  49|0x00000000a3f00000, 0x00000000a3f00000, 0x00000000a4000000|  0%| F|  |TAMS 0x00000000a3f00000, 0x00000000a3f00000| Untracked 
|  50|0x00000000a4000000, 0x00000000a409a7a0, 0x00000000a4100000| 60%| S|CS|TAMS 0x00000000a4000000, 0x00000000a4000000| Complete 
|  51|0x00000000a4100000, 0x00000000a4200000, 0x00000000a4200000|100%| S|CS|TAMS 0x00000000a4100000, 0x00000000a4100000| Complete 
|  52|0x00000000a4200000, 0x00000000a4200000, 0x00000000a4300000|  0%| F|  |TAMS 0x00000000a4200000, 0x00000000a4200000| Untracked 
|  53|0x00000000a4300000, 0x00000000a4300000, 0x00000000a4400000|  0%| F|  |TAMS 0x00000000a4300000, 0x00000000a4300000| Untracked 
|  54|0x00000000a4400000, 0x00000000a4400000, 0x00000000a4500000|  0%| F|  |TAMS 0x00000000a4400000, 0x00000000a4400000| Untracked 
|  55|0x00000000a4500000, 0x00000000a4500000, 0x00000000a4600000|  0%| F|  |TAMS 0x00000000a4500000, 0x00000000a4500000| Untracked 
|  56|0x00000000a4600000, 0x00000000a4600000, 0x00000000a4700000|  0%| F|  |TAMS 0x00000000a4600000, 0x00000000a4600000| Untracked 
|  57|0x00000000a4700000, 0x00000000a4700000, 0x00000000a4800000|  0%| F|  |TAMS 0x00000000a4700000, 0x00000000a4700000| Untracked 
|  58|0x00000000a4800000, 0x00000000a4800000, 0x00000000a4900000|  0%| F|  |TAMS 0x00000000a4800000, 0x00000000a4800000| Untracked 
|  59|0x00000000a4900000, 0x00000000a4900000, 0x00000000a4a00000|  0%| F|  |TAMS 0x00000000a4900000, 0x00000000a4900000| Untracked 
|  83|0x00000000a6100000, 0x00000000a6100000, 0x00000000a6200000|  0%| F|  |TAMS 0x00000000a6100000, 0x00000000a6100000| Untracked 
|  95|0x00000000a6d00000, 0x00000000a6da7118, 0x00000000a6e00000| 65%| E|  |TAMS 0x00000000a6d00000, 0x00000000a6d00000| Complete 

Card table byte_map: [0x0000025e44840000,0x0000025e44b40000] _byte_map_base: 0x0000025e44339000

Marking Bits (Prev, Next): (CMBitMap*) 0x0000025e2da76a10, (CMBitMap*) 0x0000025e2da76a50
 Prev Bits: [0x0000025e44e40000, 0x0000025e46608000)
 Next Bits: [0x0000025e46610000, 0x0000025e47dd8000)

Polling page: 0x0000025e2d1d0000

Metaspace:

Usage:
  Non-class:     61.52 MB used.
      Class:      9.73 MB used.
       Both:     71.25 MB used.

Virtual space:
  Non-class space:       64.00 MB reserved,      61.81 MB ( 97%) committed,  1 nodes.
      Class space:        1.00 GB reserved,      10.00 MB ( <1%) committed,  1 nodes.
             Both:        1.06 GB reserved,      71.81 MB (  7%) committed. 

Chunk freelists:
   Non-Class:  2.20 MB
       Class:  6.03 MB
        Both:  8.23 MB

MaxMetaspaceSize: unlimited
CompressedClassSpaceSize: 1.00 GB
Initial GC threshold: 21.00 MB
Current GC threshold: 118.88 MB
CDS: on
MetaspaceReclaimPolicy: balanced
 - commit_granule_bytes: 65536.
 - commit_granule_words: 8192.
 - virtual_space_node_default_size: 8388608.
 - enlarge_chunks_in_place: 1.
 - new_chunks_are_fully_committed: 0.
 - uncommit_free_chunks: 1.
 - use_allocation_guard: 0.
 - handle_deallocations: 1.


Internal statistics:

num_allocs_failed_limit: 12.
num_arena_births: 814.
num_arena_deaths: 0.
num_vsnodes_births: 2.
num_vsnodes_deaths: 0.
num_space_committed: 1149.
num_space_uncommitted: 0.
num_chunks_returned_to_freelist: 12.
num_chunks_taken_from_freelist: 3479.
num_chunk_merges: 9.
num_chunk_splits: 2524.
num_chunks_enlarged: 1969.
num_inconsistent_stats: 0.

CodeHeap 'non-profiled nmethods': size=120000Kb used=4815Kb max_used=4815Kb free=115185Kb
 bounds [0x0000025e3d010000, 0x0000025e3d4d0000, 0x0000025e44540000]
CodeHeap 'profiled nmethods': size=120000Kb used=13380Kb max_used=13380Kb free=106619Kb
 bounds [0x0000025e35540000, 0x0000025e36260000, 0x0000025e3ca70000]
CodeHeap 'non-nmethods': size=5760Kb used=1333Kb max_used=1379Kb free=4426Kb
 bounds [0x0000025e3ca70000, 0x0000025e3cce0000, 0x0000025e3d010000]
 total_blobs=7532 nmethods=6861 adapters=583
 compilation: enabled
              stopped_count=0, restarted_count=0
 full_count=0

Compilation events (20 events):
Event: 3014.731 Thread 0x0000025e4a288f90 7608       3       com.fasterxml.jackson.databind.deser.SettableBeanProperty::<init> (21 bytes)
Event: 3014.734 Thread 0x0000025e4a288f90 nmethod 7608 0x0000025e36249f90 code [0x0000025e3624a200, 0x0000025e3624ac18]
Event: 3014.734 Thread 0x0000025e4a288f90 7609       3       com.fasterxml.jackson.databind.introspect.BeanPropertyDefinition::getMutator (25 bytes)
Event: 3014.734 Thread 0x0000025e4a288f90 nmethod 7609 0x0000025e3624b010 code [0x0000025e3624b1e0, 0x0000025e3624b428]
Event: 3014.746 Thread 0x0000025e4a288f90 7614       3       com.fasterxml.jackson.databind.introspect.JacksonAnnotationIntrospector::findFormat (24 bytes)
Event: 3014.747 Thread 0x0000025e4a288f90 nmethod 7614 0x0000025e3624b590 code [0x0000025e3624b760, 0x0000025e3624bcf8]
Event: 3014.747 Thread 0x0000025e4a288f90 7615       3       com.fasterxml.jackson.databind.introspect.JacksonAnnotationIntrospector::findUnwrappingNameTransformer (48 bytes)
Event: 3014.748 Thread 0x0000025e4a288f90 nmethod 7615 0x0000025e3624be90 code [0x0000025e3624c0c0, 0x0000025e3624ca48]
Event: 3014.748 Thread 0x0000025e4a288f90 7616       3       com.fasterxml.jackson.databind.deser.std.StdDeserializer::_findNullProvider (192 bytes)
Event: 3014.756 Thread 0x0000025e4a288f90 nmethod 7616 0x0000025e3624cc90 code [0x0000025e3624d080, 0x0000025e3624ee68]
Event: 3014.756 Thread 0x0000025e4a288f90 7617       3       com.fasterxml.jackson.databind.util.internal.PrivateMaxEntriesMap$AddTask::run (65 bytes)
Event: 3014.761 Thread 0x0000025e4a288f90 nmethod 7617 0x0000025e3624f690 code [0x0000025e3624f8a0, 0x0000025e3624fe38]
Event: 3014.761 Thread 0x0000025e4a288f90 7618       3       java.util.concurrent.atomic.AtomicLong::lazySet (12 bytes)
Event: 3014.761 Thread 0x0000025e4a288f90 nmethod 7618 0x0000025e36250090 code [0x0000025e36250240, 0x0000025e362503e8]
Event: 3014.761 Thread 0x0000025e4a288f90 7619       3       com.fasterxml.jackson.databind.util.internal.LinkedDeque::add (6 bytes)
Event: 3014.761 Thread 0x0000025e4a288f90 nmethod 7619 0x0000025e36250490 code [0x0000025e36250640, 0x0000025e36250878]
Event: 3014.761 Thread 0x0000025e4a288f90 7620       3       com.fasterxml.jackson.databind.util.internal.LinkedDeque::offerLast (17 bytes)
Event: 3014.762 Thread 0x0000025e4a288f90 nmethod 7620 0x0000025e36250990 code [0x0000025e36250b60, 0x0000025e36250fa8]
Event: 3014.764 Thread 0x0000025e4a288f90 7621       3       org.apache.hc.core5.util.Args::notNegative (29 bytes)
Event: 3014.765 Thread 0x0000025e4a288f90 nmethod 7621 0x0000025e36251110 code [0x0000025e362513a0, 0x0000025e362520e8]

GC Heap History (20 events):
Event: 25.425 GC heap before
{Heap before GC invocations=12 (full 0):
 garbage-first heap   total 58368K, used 44430K [0x00000000a0e00000, 0x0000000100000000)
  region size 1024K, 25 young (25600K), 3 survivors (3072K)
 Metaspace       used 47715K, committed 48256K, reserved 1114112K
  class space    used 6528K, committed 6784K, reserved 1048576K
}
Event: 25.430 GC heap after
{Heap after GC invocations=13 (full 0):
 garbage-first heap   total 58368K, used 24165K [0x00000000a0e00000, 0x0000000100000000)
  region size 1024K, 3 young (3072K), 3 survivors (3072K)
 Metaspace       used 47715K, committed 48256K, reserved 1114112K
  class space    used 6528K, committed 6784K, reserved 1048576K
}
Event: 26.277 GC heap before
{Heap before GC invocations=13 (full 0):
 garbage-first heap   total 58368K, used 45669K [0x00000000a0e00000, 0x0000000100000000)
  region size 1024K, 24 young (24576K), 3 survivors (3072K)
 Metaspace       used 53567K, committed 54144K, reserved 1114112K
  class space    used 7468K, committed 7744K, reserved 1048576K
}
Event: 26.283 GC heap after
{Heap after GC invocations=14 (full 0):
 garbage-first heap   total 58368K, used 25224K [0x00000000a0e00000, 0x0000000100000000)
  region size 1024K, 3 young (3072K), 3 survivors (3072K)
 Metaspace       used 53567K, committed 54144K, reserved 1114112K
  class space    used 7468K, committed 7744K, reserved 1048576K
}
Event: 27.826 GC heap before
{Heap before GC invocations=14 (full 0):
 garbage-first heap   total 58368K, used 44680K [0x00000000a0e00000, 0x0000000100000000)
  region size 1024K, 23 young (23552K), 3 survivors (3072K)
 Metaspace       used 57949K, committed 58432K, reserved 1114112K
  class space    used 8022K, committed 8256K, reserved 1048576K
}
Event: 27.837 GC heap after
{Heap after GC invocations=15 (full 0):
 garbage-first heap   total 58368K, used 26997K [0x00000000a0e00000, 0x0000000100000000)
  region size 1024K, 3 young (3072K), 3 survivors (3072K)
 Metaspace       used 57949K, committed 58432K, reserved 1114112K
  class space    used 8022K, committed 8256K, reserved 1048576K
}
Event: 30.508 GC heap before
{Heap before GC invocations=15 (full 0):
 garbage-first heap   total 58368K, used 39285K [0x00000000a0e00000, 0x0000000100000000)
  region size 1024K, 16 young (16384K), 3 survivors (3072K)
 Metaspace       used 59655K, committed 60096K, reserved 1114112K
  class space    used 8239K, committed 8448K, reserved 1048576K
}
Event: 30.514 GC heap after
{Heap after GC invocations=16 (full 0):
 garbage-first heap   total 58368K, used 28491K [0x00000000a0e00000, 0x0000000100000000)
  region size 1024K, 2 young (2048K), 2 survivors (2048K)
 Metaspace       used 59655K, committed 60096K, reserved 1114112K
  class space    used 8239K, committed 8448K, reserved 1048576K
}
Event: 32.819 GC heap before
{Heap before GC invocations=17 (full 0):
 garbage-first heap   total 58368K, used 44875K [0x00000000a0e00000, 0x0000000100000000)
  region size 1024K, 19 young (19456K), 2 survivors (2048K)
 Metaspace       used 61214K, committed 61760K, reserved 1114112K
  class space    used 8518K, committed 8768K, reserved 1048576K
}
Event: 32.836 GC heap after
{Heap after GC invocations=18 (full 0):
 garbage-first heap   total 58368K, used 30135K [0x00000000a0e00000, 0x0000000100000000)
  region size 1024K, 3 young (3072K), 3 survivors (3072K)
 Metaspace       used 61214K, committed 61760K, reserved 1114112K
  class space    used 8518K, committed 8768K, reserved 1048576K
}
Event: 35.281 GC heap before
{Heap before GC invocations=19 (full 0):
 garbage-first heap   total 58368K, used 46519K [0x00000000a0e00000, 0x0000000100000000)
  region size 1024K, 19 young (19456K), 3 survivors (3072K)
 Metaspace       used 63934K, committed 64448K, reserved 1114112K
  class space    used 8843K, committed 9088K, reserved 1048576K
}
Event: 35.297 GC heap after
{Heap after GC invocations=20 (full 0):
 garbage-first heap   total 58368K, used 31706K [0x00000000a0e00000, 0x0000000100000000)
  region size 1024K, 2 young (2048K), 2 survivors (2048K)
 Metaspace       used 63934K, committed 64448K, reserved 1114112K
  class space    used 8843K, committed 9088K, reserved 1048576K
}
Event: 40.815 GC heap before
{Heap before GC invocations=20 (full 0):
 garbage-first heap   total 58368K, used 45018K [0x00000000a0e00000, 0x0000000100000000)
  region size 1024K, 16 young (16384K), 2 survivors (2048K)
 Metaspace       used 66513K, committed 67072K, reserved 1114112K
  class space    used 9227K, committed 9472K, reserved 1048576K
}
Event: 40.824 GC heap after
{Heap after GC invocations=21 (full 0):
 garbage-first heap   total 58368K, used 33615K [0x00000000a0e00000, 0x0000000100000000)
  region size 1024K, 2 young (2048K), 2 survivors (2048K)
 Metaspace       used 66513K, committed 67072K, reserved 1114112K
  class space    used 9227K, committed 9472K, reserved 1048576K
}
Event: 95.581 GC heap before
{Heap before GC invocations=22 (full 0):
 garbage-first heap   total 58368K, used 46927K [0x00000000a0e00000, 0x0000000100000000)
  region size 1024K, 15 young (15360K), 2 survivors (2048K)
 Metaspace       used 69893K, committed 70464K, reserved 1114112K
  class space    used 9640K, committed 9920K, reserved 1048576K
}
Event: 95.587 GC heap after
{Heap after GC invocations=23 (full 0):
 garbage-first heap   total 58368K, used 35192K [0x00000000a0e00000, 0x0000000100000000)
  region size 1024K, 2 young (2048K), 2 survivors (2048K)
 Metaspace       used 69893K, committed 70464K, reserved 1114112K
  class space    used 9640K, committed 9920K, reserved 1048576K
}
Event: 1354.429 GC heap before
{Heap before GC invocations=23 (full 0):
 garbage-first heap   total 58368K, used 46456K [0x00000000a0e00000, 0x0000000100000000)
  region size 1024K, 14 young (14336K), 2 survivors (2048K)
 Metaspace       used 72366K, committed 72896K, reserved 1114112K
  class space    used 9926K, committed 10176K, reserved 1048576K
}
Event: 1354.464 GC heap after
{Heap after GC invocations=24 (full 0):
 garbage-first heap   total 58368K, used 35794K [0x00000000a0e00000, 0x0000000100000000)
  region size 1024K, 1 young (1024K), 1 survivors (1024K)
 Metaspace       used 72366K, committed 72896K, reserved 1114112K
  class space    used 9926K, committed 10176K, reserved 1048576K
}
Event: 2984.609 GC heap before
{Heap before GC invocations=25 (full 0):
 garbage-first heap   total 63488K, used 46034K [0x00000000a0e00000, 0x0000000100000000)
  region size 1024K, 11 young (11264K), 1 survivors (1024K)
 Metaspace       used 72925K, committed 73536K, reserved 1114112K
  class space    used 9961K, committed 10240K, reserved 1048576K
}
Event: 2984.657 GC heap after
{Heap after GC invocations=26 (full 0):
 garbage-first heap   total 63488K, used 36566K [0x00000000a0e00000, 0x0000000100000000)
  region size 1024K, 2 young (2048K), 2 survivors (2048K)
 Metaspace       used 72925K, committed 73536K, reserved 1114112K
  class space    used 9961K, committed 10240K, reserved 1048576K
}

Dll operation events (14 events):
Event: 0.011 Loaded shared library C:\Users\Hp\.jdks\corretto-17.0.12\bin\java.dll
Event: 0.038 Loaded shared library C:\Users\Hp\.jdks\corretto-17.0.12\bin\jsvml.dll
Event: 0.451 Loaded shared library C:\Users\Hp\.jdks\corretto-17.0.12\bin\zip.dll
Event: 0.456 Loaded shared library C:\Users\Hp\.jdks\corretto-17.0.12\bin\instrument.dll
Event: 0.473 Loaded shared library C:\Users\Hp\.jdks\corretto-17.0.12\bin\net.dll
Event: 0.476 Loaded shared library C:\Users\Hp\.jdks\corretto-17.0.12\bin\nio.dll
Event: 0.481 Loaded shared library C:\Users\Hp\.jdks\corretto-17.0.12\bin\zip.dll
Event: 0.890 Loaded shared library C:\JetBrains\IntelliJ IDEA Community Edition 2024.2.1\bin\breakgen64.dll
Event: 0.933 Loaded shared library C:\Users\Hp\.jdks\corretto-17.0.12\bin\extnet.dll
Event: 1.090 Loaded shared library C:\Users\Hp\.jdks\corretto-17.0.12\bin\jimage.dll
Event: 15.245 Loaded shared library C:\Users\Hp\.jdks\corretto-17.0.12\bin\sunmscapi.dll
Event: 20.167 Loaded shared library C:\Users\Hp\.jdks\corretto-17.0.12\bin\management.dll
Event: 20.175 Loaded shared library C:\Users\Hp\.jdks\corretto-17.0.12\bin\management_ext.dll
Event: 22.686 Loaded shared library C:\Users\Hp\.jdks\corretto-17.0.12\bin\verify.dll

Deoptimization events (20 events):
Event: 2624.051 Thread 0x0000025e92d19670 Uncommon trap: trap_request=0xffffffbe fr.pc=0x0000025e3d4b4530 relative=0x0000000000000ef0
Event: 2624.051 Thread 0x0000025e92d19670 Uncommon trap: reason=profile_predicate action=maybe_recompile pc=0x0000025e3d4b4530 method=org.apache.hc.core5.util.Tokenizer.copyContent(Ljava/lang/CharSequence;Lorg/apache/hc/core5/util/Tokenizer$Cursor;Ljava/util/BitSet;Ljava/lang/StringBuilder;)V @ 4
Event: 2624.051 Thread 0x0000025e92d19670 DEOPT PACKING pc=0x0000025e3d4b4530 sp=0x00000068032fd0d0
Event: 2624.051 Thread 0x0000025e92d19670 DEOPT UNPACKING pc=0x0000025e3cac69a3 sp=0x00000068032fd0a8 mode 2
Event: 2624.051 Thread 0x0000025e92d19670 Uncommon trap: trap_request=0xffffffbe fr.pc=0x0000025e3d4b4530 relative=0x0000000000000ef0
Event: 2624.051 Thread 0x0000025e92d19670 Uncommon trap: reason=profile_predicate action=maybe_recompile pc=0x0000025e3d4b4530 method=org.apache.hc.core5.util.Tokenizer.copyContent(Ljava/lang/CharSequence;Lorg/apache/hc/core5/util/Tokenizer$Cursor;Ljava/util/BitSet;Ljava/lang/StringBuilder;)V @ 4
Event: 2624.051 Thread 0x0000025e92d19670 DEOPT PACKING pc=0x0000025e3d4b4530 sp=0x00000068032fd130
Event: 2624.051 Thread 0x0000025e92d19670 DEOPT UNPACKING pc=0x0000025e3cac69a3 sp=0x00000068032fd108 mode 2
Event: 2988.068 Thread 0x0000025e92475db0 Uncommon trap: trap_request=0xffffff45 fr.pc=0x0000025e3d4ae1ec relative=0x000000000000090c
Event: 2988.068 Thread 0x0000025e92475db0 Uncommon trap: reason=unstable_if action=reinterpret pc=0x0000025e3d4ae1ec method=com.netflix.spectator.api.patterns.PolledMeter$ValueState.update(Lcom/netflix/spectator/api/Registry;)V @ 47 c2
Event: 2988.068 Thread 0x0000025e92475db0 DEOPT PACKING pc=0x0000025e3d4ae1ec sp=0x00000068054ff0c0
Event: 2988.068 Thread 0x0000025e92475db0 DEOPT UNPACKING pc=0x0000025e3cac69a3 sp=0x00000068054fee70 mode 2
Event: 2993.836 Thread 0x0000025e92475db0 Uncommon trap: trap_request=0xffffff45 fr.pc=0x0000025e3d4b0114 relative=0x00000000000008b4
Event: 2993.836 Thread 0x0000025e92475db0 Uncommon trap: reason=unstable_if action=reinterpret pc=0x0000025e3d4b0114 method=com.netflix.spectator.api.patterns.PolledMeter$ValueState.update(Lcom/netflix/spectator/api/Registry;)V @ 47 c2
Event: 2993.836 Thread 0x0000025e92475db0 DEOPT PACKING pc=0x0000025e3d4b0114 sp=0x00000068054ff050
Event: 2993.836 Thread 0x0000025e92475db0 DEOPT UNPACKING pc=0x0000025e3cac69a3 sp=0x00000068054fee68 mode 2
Event: 2998.079 Thread 0x0000025e92475db0 Uncommon trap: trap_request=0xffffff45 fr.pc=0x0000025e3d4a96d8 relative=0x0000000000000358
Event: 2998.079 Thread 0x0000025e92475db0 Uncommon trap: reason=unstable_if action=reinterpret pc=0x0000025e3d4a96d8 method=java.util.concurrent.ConcurrentLinkedQueue$Itr.next()Ljava/lang/Object; @ 43 c2
Event: 2998.079 Thread 0x0000025e92475db0 DEOPT PACKING pc=0x0000025e3d4a96d8 sp=0x00000068054fee60
Event: 2998.079 Thread 0x0000025e92475db0 DEOPT UNPACKING pc=0x0000025e3cac69a3 sp=0x00000068054fee00 mode 2

Classes loaded (20 events):
Event: 95.415 Loading class sun/nio/ch/SocketChannelImpl$DefaultOptionsHolder
Event: 95.415 Loading class sun/nio/ch/SocketChannelImpl$DefaultOptionsHolder done
Event: 95.416 Loading class sun/nio/ch/SelectionKeyImpl
Event: 95.416 Loading class java/nio/channels/spi/AbstractSelectionKey
Event: 95.416 Loading class java/nio/channels/SelectionKey
Event: 95.417 Loading class java/nio/channels/SelectionKey done
Event: 95.417 Loading class java/nio/channels/spi/AbstractSelectionKey done
Event: 95.417 Loading class sun/nio/ch/SelectionKeyImpl done
Event: 95.417 Loading class java/lang/invoke/ConstantBootstraps
Event: 95.417 Loading class java/lang/invoke/ConstantBootstraps done
Event: 95.849 Loading class java/util/stream/LongStream
Event: 95.850 Loading class java/util/stream/LongStream done
Event: 95.850 Loading class java/util/stream/DoubleStream
Event: 95.851 Loading class java/util/stream/DoubleStream done
Event: 1354.497 Loading class java/util/ArrayList$SubList$2
Event: 1354.499 Loading class java/util/ArrayList$SubList$2 done
Event: 1354.604 Loading class java/util/stream/ReduceOps$7
Event: 1354.605 Loading class java/util/stream/ReduceOps$7 done
Event: 1354.605 Loading class java/util/stream/ReduceOps$6ReducingSink
Event: 1354.606 Loading class java/util/stream/ReduceOps$6ReducingSink done

Classes unloaded (0 events):
No events

Classes redefined (0 events):
No events

Internal exceptions (20 events):
Event: 34.639 Thread 0x0000025e2da2a040 Exception <a 'java/lang/NoSuchMethodError'{0x00000000a3d58468}: 'java.lang.Object java.lang.invoke.DirectMethodHandle$Holder.newInvokeSpecial(java.lang.Object, java.lang.Object, int, java.lang.Object, java.lang.Object)'> (0x00000000a3d58468) 
thrown [s\src\hotspot\share\interpreter\linkResolver.cpp, line 759]
Event: 34.703 Thread 0x0000025e2da2a040 Exception <a 'java/lang/NoSuchMethodError'{0x00000000a3cc2458}: 'double java.lang.invoke.DirectMethodHandle$Holder.invokeVirtual(java.lang.Object, java.lang.Object)'> (0x00000000a3cc2458) 
thrown [s\src\hotspot\share\interpreter\linkResolver.cpp, line 759]
Event: 95.468 Thread 0x0000025e92d18740 Exception <a 'java/lang/NoSuchMethodError'{0x00000000a3c9b208}: 'java.lang.Object java.lang.invoke.DirectMethodHandle$Holder.invokeSpecial(java.lang.Object, java.lang.Object, java.lang.Object, java.lang.Object, java.lang.Object, long)'> (0x00000000a3c9b208) 
thrown [s\src\hotspot\share\interpreter\linkResolver.cpp, line 759]
Event: 95.468 Thread 0x0000025e92d18740 Exception <a 'java/lang/NoSuchMethodError'{0x00000000a3c9ec48}: 'java.lang.Object java.lang.invoke.Invokers$Holder.linkToTargetMethod(java.lang.Object, java.lang.Object, java.lang.Object, long, java.lang.Object)'> (0x00000000a3c9ec48) 
thrown [s\src\hotspot\share\interpreter\linkResolver.cpp, line 759]
Event: 95.792 Thread 0x0000025e92d18740 Implicit null exception at 0x0000025e3d3d4e13 to 0x0000025e3d3d4f5c
Event: 95.800 Thread 0x0000025e92d18740 Exception <a 'java/lang/NoSuchMethodError'{0x00000000a43f8f10}: 'java.lang.Object java.lang.invoke.DirectMethodHandle$Holder.invokeInterface(java.lang.Object, java.lang.Object, int)'> (0x00000000a43f8f10) 
thrown [s\src\hotspot\share\interpreter\linkResolver.cpp, line 759]
Event: 95.824 Thread 0x0000025e92d18740 Exception <a 'java/lang/IncompatibleClassChangeError'{0x00000000a42824d8}: Found class java.lang.Object, but interface was expected> (0x00000000a42824d8) 
thrown [s\src\hotspot\share\interpreter\linkResolver.cpp, line 826]
Event: 965.763 Thread 0x0000025e92d15ec0 Exception <a 'java/lang/NoSuchMethodError'{0x00000000a3ead050}: 'java.lang.Object java.lang.invoke.DirectMethodHandle$Holder.invokeInterface(java.lang.Object, java.lang.Object, java.lang.Object, java.lang.Object)'> (0x00000000a3ead050) 
thrown [s\src\hotspot\share\interpreter\linkResolver.cpp, line 759]
Event: 965.836 Thread 0x0000025e92d15ec0 Exception <a 'java/lang/NoSuchMethodError'{0x00000000a3d04cb8}: 'void java.lang.invoke.DirectMethodHandle$Holder.invokeSpecialIFC(java.lang.Object, java.lang.Object, int, java.lang.Object, java.lang.Object, java.lang.Object, java.lang.Object)'> (0x00000000a3d04cb8) 
thrown [s\src\hotspot\share\interpreter\linkResolver.cpp, line 759]
Event: 1354.429 Thread 0x0000025e92d1a090 Exception <a 'java/lang/NoSuchMethodError'{0x00000000a3bfd3d8}: 'java.lang.Object java.lang.invoke.DirectMethodHandle$Holder.invokeStatic(java.lang.Object, int, int)'> (0x00000000a3bfd3d8) 
thrown [s\src\hotspot\share\interpreter\linkResolver.cpp, line 759]
Event: 1779.674 Thread 0x0000025e92d1b4d0 Exception <a 'java/io/IOException'{0x00000000a49e6ba8}: Connection reset by peer> (0x00000000a49e6ba8) 
thrown [s\src\hotspot\share\prims\jni.cpp, line 535]
Event: 1785.978 Thread 0x0000025e92d1b4d0 Exception <a 'java/io/IOException'{0x00000000a4861250}: Connection reset by peer> (0x00000000a4861250) 
thrown [s\src\hotspot\share\prims\jni.cpp, line 535]
Event: 1790.263 Thread 0x0000025e92d1b4d0 Exception <a 'java/io/IOException'{0x00000000a48620c8}: Connection reset by peer> (0x00000000a48620c8) 
thrown [s\src\hotspot\share\prims\jni.cpp, line 535]
Event: 1795.614 Thread 0x0000025e92d1b4d0 Exception <a 'java/io/IOException'{0x00000000a48fd298}: Connection reset by peer> (0x00000000a48fd298) 
thrown [s\src\hotspot\share\prims\jni.cpp, line 535]
Event: 1796.632 Thread 0x0000025e92d1b4d0 Exception <a 'java/io/IOException'{0x00000000a48fe110}: Connection reset by peer> (0x00000000a48fe110) 
thrown [s\src\hotspot\share\prims\jni.cpp, line 535]
Event: 1802.424 Thread 0x0000025e92d1b4d0 Exception <a 'java/io/IOException'{0x00000000a479be50}: Connection reset by peer> (0x00000000a479be50) 
thrown [s\src\hotspot\share\prims\jni.cpp, line 535]
Event: 1804.247 Thread 0x0000025e92d1b4d0 Exception <a 'java/io/IOException'{0x00000000a479ccc8}: Connection reset by peer> (0x00000000a479ccc8) 
thrown [s\src\hotspot\share\prims\jni.cpp, line 535]
Event: 1812.200 Thread 0x0000025e92d14f90 Exception <a 'java/io/IOException'{0x00000000a4637700}: Connection reset by peer> (0x00000000a4637700) 
thrown [s\src\hotspot\share\prims\jni.cpp, line 535]
Event: 1812.989 Thread 0x0000025e92d14f90 Exception <a 'java/io/IOException'{0x00000000a4638578}: Connection reset by peer> (0x00000000a4638578) 
thrown [s\src\hotspot\share\prims\jni.cpp, line 535]
Event: 1815.086 Thread 0x0000025e92d14f90 Exception <a 'java/io/IOException'{0x00000000a46391f8}: Connection reset by peer> (0x00000000a46391f8) 
thrown [s\src\hotspot\share\prims\jni.cpp, line 535]

VM Operations (20 events):
Event: 2654.688 Executing VM operation: Cleanup
Event: 2654.688 Executing VM operation: Cleanup done
Event: 2684.967 Executing VM operation: Cleanup
Event: 2684.967 Executing VM operation: Cleanup done
Event: 2702.099 Executing VM operation: Cleanup
Event: 2702.099 Executing VM operation: Cleanup done
Event: 2774.691 Executing VM operation: Cleanup
Event: 2774.691 Executing VM operation: Cleanup done
Event: 2894.898 Executing VM operation: Cleanup
Event: 2894.898 Executing VM operation: Cleanup done
Event: 2925.142 Executing VM operation: Cleanup
Event: 2925.142 Executing VM operation: Cleanup done
Event: 2955.406 Executing VM operation: Cleanup
Event: 2955.406 Executing VM operation: Cleanup done
Event: 2984.608 Executing VM operation: G1CollectForAllocation
Event: 2984.657 Executing VM operation: G1CollectForAllocation done
Event: 2985.660 Executing VM operation: Cleanup
Event: 2985.660 Executing VM operation: Cleanup done
Event: 2994.718 Executing VM operation: Cleanup
Event: 2994.718 Executing VM operation: Cleanup done

Events (20 events):
Event: 1779.671 Thread 0x0000025e92d1b4d0 Thread added: 0x0000025e92d1b4d0
Event: 1779.698 Thread 0x0000025e92d1b9e0 Thread added: 0x0000025e92d1b9e0
Event: 1784.700 Thread 0x0000025e92d1b4d0 Thread exited: 0x0000025e92d1b4d0
Event: 1784.872 Thread 0x0000025e92d1b9e0 Thread exited: 0x0000025e92d1b9e0
Event: 1785.978 Thread 0x0000025e92d1b4d0 Thread added: 0x0000025e92d1b4d0
Event: 1785.979 Thread 0x0000025e92d1b9e0 Thread added: 0x0000025e92d1b9e0
Event: 1795.272 Thread 0x0000025e92d1b4d0 Thread exited: 0x0000025e92d1b4d0
Event: 1795.365 Thread 0x0000025e92d1b9e0 Thread exited: 0x0000025e92d1b9e0
Event: 1795.614 Thread 0x0000025e92d1b4d0 Thread added: 0x0000025e92d1b4d0
Event: 1795.615 Thread 0x0000025e92d1b9e0 Thread added: 0x0000025e92d1b9e0
Event: 1801.642 Thread 0x0000025e92d1b4d0 Thread exited: 0x0000025e92d1b4d0
Event: 1801.753 Thread 0x0000025e92d1b9e0 Thread exited: 0x0000025e92d1b9e0
Event: 1802.423 Thread 0x0000025e92d1b4d0 Thread added: 0x0000025e92d1b4d0
Event: 1802.424 Thread 0x0000025e92d1b9e0 Thread added: 0x0000025e92d1b9e0
Event: 1809.259 Thread 0x0000025e92d1b4d0 Thread exited: 0x0000025e92d1b4d0
Event: 1809.352 Thread 0x0000025e92d1b9e0 Thread exited: 0x0000025e92d1b9e0
Event: 1812.199 Thread 0x0000025e92d14f90 Thread added: 0x0000025e92d14f90
Event: 1812.200 Thread 0x0000025e92d1b4d0 Thread added: 0x0000025e92d1b4d0
Event: 1820.098 Thread 0x0000025e92d14f90 Thread exited: 0x0000025e92d14f90
Event: 1820.191 Thread 0x0000025e92d1b4d0 Thread exited: 0x0000025e92d1b4d0


Dynamic libraries:
0x00007ff649040000 - 0x00007ff64904e000 	C:\Users\Hp\.jdks\corretto-17.0.12\bin\java.exe
0x00007ff952d30000 - 0x00007ff952f47000 	C:\WINDOWS\SYSTEM32\ntdll.dll
0x00007ff951090000 - 0x00007ff951154000 	C:\WINDOWS\System32\KERNEL32.DLL
0x00007ff950200000 - 0x00007ff9505b7000 	C:\WINDOWS\System32\KERNELBASE.dll
0x00007ff950940000 - 0x00007ff950a51000 	C:\WINDOWS\System32\ucrtbase.dll
0x00007ff92e990000 - 0x00007ff92e9ab000 	C:\Users\Hp\.jdks\corretto-17.0.12\bin\VCRUNTIME140.dll
0x00007ff945680000 - 0x00007ff945697000 	C:\Users\Hp\.jdks\corretto-17.0.12\bin\jli.dll
0x00007ff950ca0000 - 0x00007ff950e4f000 	C:\WINDOWS\System32\USER32.dll
0x00007ff93cce0000 - 0x00007ff93cf73000 	C:\WINDOWS\WinSxS\amd64_microsoft.windows.common-controls_6595b64144ccf1df_6.0.22621.3672_none_2713b9d173822955\COMCTL32.dll
0x00007ff950040000 - 0x00007ff950066000 	C:\WINDOWS\System32\win32u.dll
0x00007ff952c40000 - 0x00007ff952ce7000 	C:\WINDOWS\System32\msvcrt.dll
0x00007ff951fd0000 - 0x00007ff951ff9000 	C:\WINDOWS\System32\GDI32.dll
0x00007ff950640000 - 0x00007ff950758000 	C:\WINDOWS\System32\gdi32full.dll
0x00007ff950070000 - 0x00007ff95010a000 	C:\WINDOWS\System32\msvcp_win.dll
0x00007ff951f90000 - 0x00007ff951fc1000 	C:\WINDOWS\System32\IMM32.DLL
0x00007ff94c4f0000 - 0x00007ff94c4fc000 	C:\Users\Hp\.jdks\corretto-17.0.12\bin\vcruntime140_1.dll
0x00007ff92e290000 - 0x00007ff92e31d000 	C:\Users\Hp\.jdks\corretto-17.0.12\bin\msvcp140.dll
0x00007ff907e70000 - 0x00007ff908ada000 	C:\Users\Hp\.jdks\corretto-17.0.12\bin\server\jvm.dll
0x00007ff9511c0000 - 0x00007ff951272000 	C:\WINDOWS\System32\ADVAPI32.dll
0x00007ff950fe0000 - 0x00007ff951088000 	C:\WINDOWS\System32\sechost.dll
0x00007ff9501d0000 - 0x00007ff9501f8000 	C:\WINDOWS\System32\bcrypt.dll
0x00007ff951e70000 - 0x00007ff951f84000 	C:\WINDOWS\System32\RPCRT4.dll
0x00007ff952b60000 - 0x00007ff952bd1000 	C:\WINDOWS\System32\WS2_32.dll
0x00007ff94ff10000 - 0x00007ff94ff5d000 	C:\WINDOWS\SYSTEM32\POWRPROF.dll
0x00007ff94c360000 - 0x00007ff94c394000 	C:\WINDOWS\SYSTEM32\WINMM.dll
0x00007ff9471d0000 - 0x00007ff9471da000 	C:\WINDOWS\SYSTEM32\VERSION.dll
0x00007ff94fef0000 - 0x00007ff94ff03000 	C:\WINDOWS\SYSTEM32\UMPDC.dll
0x00007ff94f060000 - 0x00007ff94f078000 	C:\WINDOWS\SYSTEM32\kernel.appcore.dll
0x00007ff94c3e0000 - 0x00007ff94c3ea000 	C:\Users\Hp\.jdks\corretto-17.0.12\bin\jimage.dll
0x00007ff9492c0000 - 0x00007ff9494f2000 	C:\WINDOWS\SYSTEM32\DBGHELP.DLL
0x00007ff951460000 - 0x00007ff9517ee000 	C:\WINDOWS\System32\combase.dll
0x00007ff951c90000 - 0x00007ff951d67000 	C:\WINDOWS\System32\OLEAUT32.dll
0x00007ff934720000 - 0x00007ff934752000 	C:\WINDOWS\SYSTEM32\dbgcore.DLL
0x00007ff9505c0000 - 0x00007ff95063b000 	C:\WINDOWS\System32\bcryptPrimitives.dll
0x00007ff94c420000 - 0x00007ff94c42e000 	C:\Users\Hp\.jdks\corretto-17.0.12\bin\instrument.dll
0x00007ff92e260000 - 0x00007ff92e285000 	C:\Users\Hp\.jdks\corretto-17.0.12\bin\java.dll
0x00007ff9172b0000 - 0x00007ff917387000 	C:\Users\Hp\.jdks\corretto-17.0.12\bin\jsvml.dll
0x00007ff952170000 - 0x00007ff9529d9000 	C:\WINDOWS\System32\SHELL32.dll
0x00007ff94df60000 - 0x00007ff94e85f000 	C:\WINDOWS\SYSTEM32\windows.storage.dll
0x00007ff94de20000 - 0x00007ff94df5f000 	C:\WINDOWS\SYSTEM32\wintypes.dll
0x00007ff950e50000 - 0x00007ff950f49000 	C:\WINDOWS\System32\SHCORE.dll
0x00007ff952110000 - 0x00007ff95216e000 	C:\WINDOWS\System32\shlwapi.dll
0x00007ff94ff70000 - 0x00007ff94ff97000 	C:\WINDOWS\SYSTEM32\profapi.dll
0x00007ff92e220000 - 0x00007ff92e238000 	C:\Users\Hp\.jdks\corretto-17.0.12\bin\zip.dll
0x00007ff92e970000 - 0x00007ff92e989000 	C:\Users\Hp\.jdks\corretto-17.0.12\bin\net.dll
0x00007ff94be10000 - 0x00007ff94bf46000 	C:\WINDOWS\SYSTEM32\WINHTTP.dll
0x00007ff94f500000 - 0x00007ff94f569000 	C:\WINDOWS\system32\mswsock.dll
0x00007ff92e240000 - 0x00007ff92e256000 	C:\Users\Hp\.jdks\corretto-17.0.12\bin\nio.dll
0x00007ff944160000 - 0x00007ff94417a000 	C:\JetBrains\IntelliJ IDEA Community Edition 2024.2.1\bin\breakgen64.dll
0x00007ff94a380000 - 0x00007ff94a389000 	C:\Users\Hp\.jdks\corretto-17.0.12\bin\extnet.dll
0x00007ff94eaf0000 - 0x00007ff94eb1d000 	C:\WINDOWS\SYSTEM32\IPHLPAPI.DLL
0x00007ff951450000 - 0x00007ff951459000 	C:\WINDOWS\System32\NSI.dll
0x00007ff94bdf0000 - 0x00007ff94be09000 	C:\WINDOWS\SYSTEM32\dhcpcsvc6.DLL
0x00007ff94bdd0000 - 0x00007ff94bdef000 	C:\WINDOWS\SYSTEM32\dhcpcsvc.DLL
0x00007ff94eb20000 - 0x00007ff94ec22000 	C:\WINDOWS\SYSTEM32\DNSAPI.dll
0x00007ff9446e0000 - 0x00007ff9446ea000 	C:\Windows\System32\rasadhlp.dll
0x00007ff948ee0000 - 0x00007ff948f63000 	C:\WINDOWS\System32\fwpuclnt.dll
0x00007ff94a420000 - 0x00007ff94a42e000 	C:\Users\Hp\.jdks\corretto-17.0.12\bin\sunmscapi.dll
0x00007ff9507d0000 - 0x00007ff950936000 	C:\WINDOWS\System32\CRYPT32.dll
0x00007ff94f910000 - 0x00007ff94f93d000 	C:\WINDOWS\SYSTEM32\ncrypt.dll
0x00007ff94f8d0000 - 0x00007ff94f907000 	C:\WINDOWS\SYSTEM32\NTASN1.dll
0x00007ff94f760000 - 0x00007ff94f77b000 	C:\WINDOWS\SYSTEM32\CRYPTSP.dll
0x00007ff94efc0000 - 0x00007ff94eff5000 	C:\WINDOWS\system32\rsaenh.dll
0x00007ff94f5f0000 - 0x00007ff94f618000 	C:\WINDOWS\SYSTEM32\USERENV.dll
0x00007ff94f750000 - 0x00007ff94f75c000 	C:\WINDOWS\SYSTEM32\CRYPTBASE.dll
0x00007ff9457a0000 - 0x00007ff9457a9000 	C:\Users\Hp\.jdks\corretto-17.0.12\bin\management.dll
0x00007ff945540000 - 0x00007ff94554b000 	C:\Users\Hp\.jdks\corretto-17.0.12\bin\management_ext.dll
0x00007ff9517f0000 - 0x00007ff9517f8000 	C:\WINDOWS\System32\PSAPI.DLL
0x00007ff946210000 - 0x00007ff946220000 	C:\Users\Hp\.jdks\corretto-17.0.12\bin\verify.dll
0x00007ff93b3d0000 - 0x00007ff93b3d8000 	C:\WINDOWS\system32\wshunix.dll

dbghelp: loaded successfully - version: 4.0.5 - missing functions: none
symbol engine: initialized successfully - sym options: 0x614 - pdb path: .;C:\Users\Hp\.jdks\corretto-17.0.12\bin;C:\WINDOWS\SYSTEM32;C:\WINDOWS\WinSxS\amd64_microsoft.windows.common-controls_6595b64144ccf1df_6.0.22621.3672_none_2713b9d173822955;C:\Users\Hp\.jdks\corretto-17.0.12\bin\server;C:\JetBrains\IntelliJ IDEA Community Edition 2024.2.1\bin

VM Arguments:
jvm_args: -javaagent:C:\JetBrains\IntelliJ IDEA Community Edition 2024.2.1\lib\idea_rt.jar=57210:C:\JetBrains\IntelliJ IDEA Community Edition 2024.2.1\bin -Dfile.encoding=UTF-8 
java_command: com.kushal.question_service.QuestionServiceApplication
java_class_path (initial): C:\Users\Hp\Desktop\Kushal_Projects\QuizApp\question-service\target\classes;C:\Users\Hp\.m2\repository\org\springframework\boot\spring-boot-starter-data-jpa\3.3.5\spring-boot-starter-data-jpa-3.3.5.jar;C:\Users\Hp\.m2\repository\org\springframework\boot\spring-boot-starter-aop\3.3.5\spring-boot-starter-aop-3.3.5.jar;C:\Users\Hp\.m2\repository\org\springframework\spring-aop\6.1.14\spring-aop-6.1.14.jar;C:\Users\Hp\.m2\repository\org\aspectj\aspectjweaver\1.9.22.1\aspectjweaver-1.9.22.1.jar;C:\Users\Hp\.m2\repository\org\springframework\boot\spring-boot-starter-jdbc\3.3.5\spring-boot-starter-jdbc-3.3.5.jar;C:\Users\Hp\.m2\repository\com\zaxxer\HikariCP\5.1.0\HikariCP-5.1.0.jar;C:\Users\Hp\.m2\repository\org\springframework\spring-jdbc\6.1.14\spring-jdbc-6.1.14.jar;C:\Users\Hp\.m2\repository\org\hibernate\orm\hibernate-core\6.5.3.Final\hibernate-core-6.5.3.Final.jar;C:\Users\Hp\.m2\repository\jakarta\persistence\jakarta.persistence-api\3.1.0\jakarta.persistence-api-3.1.0.jar;C:\Users\Hp\.m2\repository\jakarta\transaction\jakarta.transaction-api\2.0.1\jakarta.transaction-api-2.0.1.jar;C:\Users\Hp\.m2\repository\org\jboss\logging\jboss-logging\3.5.3.Final\jboss-logging-3.5.3.Final.jar;C:\Users\Hp\.m2\repository\org\hibernate\common\hibernate-commons-annotations\6.0.6.Final\hibernate-commons-annotations-6.0.6.Final.jar;C:\Users\Hp\.m2\repository\io\smallrye\jandex\3.1.2\jandex-3.1.2.jar;C:\Users\Hp\.m2\repository\com\fasterxml\classmate\1.7.0\classmate-1.7.0.jar;C:\Users\Hp\.m2\repository\net\bytebuddy\byte-buddy\1.14.19\byte-buddy-1.14.19.jar;C:\Users\Hp\.m2\repository\org\glassfish\jaxb\jaxb-runtime\4.0.5\jaxb-runtime-4.0.5.jar;C:\Users\Hp\.m2\repository\org\glassfish\jaxb\jaxb-core\4.0.5\jaxb-core-4.0.5.jar;C:\Users\Hp\.m2\repository\org\eclipse\angus\angus-activation\2.0.2\angus-activation-2.0.2.jar;C:\Users\Hp\.m2\repository\org\glassfish\jaxb\txw2\4.0.5\txw2-4.0.5.jar;C:\Users\Hp\.m2\repository\com\sun\istack\istack-commons-runtime\4.1.2
Launcher Type: SUN_STANDARD

[Global flags]
     intx CICompilerCount                          = 3                                         {product} {ergonomic}
     uint ConcGCThreads                            = 1                                         {product} {ergonomic}
     uint G1ConcRefinementThreads                  = 4                                         {product} {ergonomic}
   size_t G1HeapRegionSize                         = 1048576                                   {product} {ergonomic}
    uintx GCDrainStackTargetSize                   = 64                                        {product} {ergonomic}
   size_t InitialHeapSize                          = 100663296                                 {product} {ergonomic}
   size_t MarkStackSize                            = 4194304                                   {product} {ergonomic}
   size_t MaxHeapSize                              = 1595932672                                {product} {ergonomic}
   size_t MaxNewSize                               = 957349888                                 {product} {ergonomic}
   size_t MinHeapDeltaBytes                        = 1048576                                   {product} {ergonomic}
   size_t MinHeapSize                              = 8388608                                   {product} {ergonomic}
    uintx NonNMethodCodeHeapSize                   = 5832780                                {pd product} {ergonomic}
    uintx NonProfiledCodeHeapSize                  = 122912730                              {pd product} {ergonomic}
    uintx ProfiledCodeHeapSize                     = 122912730                              {pd product} {ergonomic}
    uintx ReservedCodeCacheSize                    = 251658240                              {pd product} {ergonomic}
     bool SegmentedCodeCache                       = true                                      {product} {ergonomic}
   size_t SoftMaxHeapSize                          = 1595932672                             {manageable} {ergonomic}
     bool UseCompressedClassPointers               = true                           {product lp64_product} {ergonomic}
     bool UseCompressedOops                        = true                           {product lp64_product} {ergonomic}
     bool UseG1GC                                  = true                                      {product} {ergonomic}
     bool UseLargePagesIndividualAllocation        = false                                  {pd product} {ergonomic}

Logging:
Log output configuration:
 #0: stdout all=warning uptime,level,tags
 #1: stderr all=off uptime,level,tags

Environment Variables:
JAVA_HOME=C:\Users\Hp\.jdks\corretto-17.0.12
PATH=C:\Program Files (x86)\Common Files\Oracle\Java\java8path;C:\Program Files (x86)\Common Files\Oracle\Java\javapath;C:\Program Files (x86)\VMware\VMware Player\bin\;C:\Program Files\dotnet\;C:\MinGW\bin;C:\Program Files\Git\cmd;C:\Program Files\PostgreSQL\16\bin;C:\Program Files\Maven\bin;C:\Gradle\gradle-8.10\bin;C:\Program Files\Java\jdk1.8.0_202\bin;C:\Program Files\nodejs\;C:\ProgramData\chocolatey\bin;C:\WINDOWS\system32;C:\WINDOWS;C:\WINDOWS\System32\Wbem;C:\WINDOWS\System32\WindowsPowerShell\v1.0\;C:\WINDOWS\System32\OpenSSH\;C:\Users\Hp\AppData\Local\Programs\Python\Python313\Scripts\;C:\Users\Hp\AppData\Local\Programs\Python\Python313\;C:\Users\Hp\AppData\Local\Programs\Python\Launcher\;C:\Program Files\MySQL\MySQL Shell 8.0\bin\;C:\Users\Hp\AppData\Local\Microsoft\WindowsApps;C:\Users\Hp\AppData\Local\Programs\Microsoft VS Code\bin;C:\Program Files\JetBrains\IntelliJ IDEA Community Edition 2023.1.2\bin;C:\Users\Hp\AppData\Local\GitHubDesktop\bin;C:\Program Files\PostgreSQL\16\bin;C:\Users\Hp\AppData\Local\JetBrains\Toolbox\scripts;C:\JetBrains\IntelliJ IDEA Community Edition 2024.2.1\bin;;C:\Users\Hp\AppData\Local\Programs\mongosh\;C:\Users\Hp\AppData\Roaming\npm;C:\Users\Hp\AppData\Local\Microsoft\WindowsApps;
USERNAME=Hp
OS=Windows_NT
PROCESSOR_IDENTIFIER=AMD64 Family 23 Model 24 Stepping 1, AuthenticAMD
TMP=C:\Users\Hp\AppData\Local\Temp
TEMP=C:\Users\Hp\AppData\Local\Temp



Periodic native trim disabled


---------------  S Y S T E M  ---------------

OS:
 Windows 11 , 64 bit Build 22621 (10.0.22621.3958)
OS uptime: 1 days 4:35 hours
Hyper-V role detected

CPU: total 4 (initial active 4) (4 cores per cpu, 2 threads per core) family 23 model 24 stepping 1 microcode 0x0, cx8, cmov, fxsr, ht, mmx, 3dnowpref, sse, sse2, sse3, ssse3, sse4a, sse4.1, sse4.2, popcnt, lzcnt, tsc, tscinvbit, avx, avx2, aes, clmul, bmi1, bmi2, adx, sha, fma, vzeroupper, clflush, clflushopt, hv
Processor Information for all 4 processors :
  Max Mhz: 2600, Current Mhz: 2600, Mhz Limit: 2600

Memory: 4k page, system-wide physical 6086M (260M free)
TotalPageFile size 10086M (AvailPageFile size 4M)
current process WorkingSet (physical memory assigned to process): 84M, peak: 244M
current process commit charge ("private bytes"): 273M, peak: 276M

vm_info: OpenJDK 64-Bit Server VM (17.0.12+7-LTS) for windows-amd64 JRE (17.0.12+7-LTS), built on Jul 10 2024 20:46:33 by "Administrator" with MS VC++ 16.10 / 16.11 (VS2019)

END.
